Info: [VCS_SAVE_RESTORE_INFO] ASLR (Address Space Layout Randomization) is detected on the machine. To enable $save functionality, ASLR will be switched off and simv re-executed.
Please use '-no_save' simv switch to avoid re-execution or '-suppress=ASLR_DETECTED_INFO' to suppress this message.
Chronologic VCS simulator copyright 1991-2023
Contains Synopsys proprietary information.
Compiler version U-2023.03-SP2-1_Full64; Runtime version U-2023.03-SP2-1_Full64;  Feb 28 16:37 2024
Loading memory file: programs/dft.mem
Using writeback output file: output/dft.wb
Using pipeline output file: output/dft.ppln
@@
@@
@@                     0  Asserting System reset......
@@
@@                     0 : System STILL at reset, can't show anything
@@
@@
@@                   300 : System STILL at reset, can't show anything
@@
@@
@@                   600 : System STILL at reset, can't show anything
@@
@@
@@                   900 : System STILL at reset, can't show anything
@@
@@                  1060  Deasserting System reset......
@@
@@
@@@ Unified Memory contents hex on left, decimal on right: 
@@@
@@@ mem[    0] = 0000009700000013 : 648540061715
@@@ mem[    8] = 0001011708c08093 : 282673419419795
@@@ mem[   16] = 00010413ff410113 : 285958910050579
@@@ mem[   24] = 7681819300001197 : 8539248836831351191
@@@ mem[   32] = 0000029300000213 : 2830383448595
@@@ mem[   40] = 0000039300000313 : 3929895076627
@@@ mem[   48] = 0000051300000493 : 5579162518675
@@@ mem[   56] = 0000061300000593 : 6678674146707
@@@ mem[   64] = 0000071300000693 : 7778185774739
@@@ mem[   72] = 0000081300000793 : 8877697402771
@@@ mem[   80] = 0000091300000893 : 9977209030803
@@@ mem[   88] = 00000a1300000993 : 11076720658835
@@@ mem[   96] = 00000b1300000a93 : 12176232286867
@@@ mem[  104] = 00000c1300000b93 : 13275743914899
@@@ mem[  112] = 00000d1300000c93 : 14375255542931
@@@ mem[  120] = 00000e1300000d93 : 15474767170963
@@@ mem[  128] = 00000f1300000e93 : 16574278798995
@@@ mem[  136] = 5390006f00000f93 : 6021313178535726995
@@@ mem[  144] = f701011300010117 : 17798508383460983063
@@@ mem[  152] = 00000013fea12c23 : 85876354083
@@@ mem[  160] = 0000001310500073 : 81878057075
@@@ mem[  168] = 0000001300000013 : 81604378643
@@@ mem[  176] = 02112623fd010113 : 148942198690349331
@@@ mem[  184] = 0301041302812423 : 216458736783402019
@@@ mem[  192] = fdc42703fca42e23 : 18285783285108059683
@@@ mem[  200] = fc078793000017b7 : 18160633087824762807
@@@ mem[  208] = 000057b700f76a63 : 96443506846307
@@@ mem[  216] = fdc42703fc078793 : 18285783285097793427
@@@ mem[  224] = 0010051300e7f863 : 4509178805090403
@@@ mem[  232] = fa8080e700000097 : 18050569036126748823
@@@ mem[  240] = ff878793fdc42783 : 18412834671214995331
@@@ mem[  248] = 000057b7fef42423 : 96447768044579
@@@ mem[  256] = fef42623fc87a783 : 18371350715953555331
@@@ mem[  264] = fec4278303c0006f : 18357841424726098031
@@@ mem[  272] = fec427030007a783 : 18357840874907871107
@@@ mem[  280] = fe84270302f76063 : 18339826476447653987
@@@ mem[  288] = 02e7ee63fec42783 : 209398020939458435
@@@ mem[  296] = 0007a783fec42783 : 2154510193796995
@@@ mem[  304] = 02f76663fe842703 : 213752086981256963
@@@ mem[  312] = 0007a783fec42783 : 2154510193796995
@@@ mem[  320] = fe842703fef42623 : 18339826480675300899
@@@ mem[  328] = fce7f0e3fec42783 : 18223799279200511875
@@@ mem[  336] = 0007a783fec42783 : 2154510193796995
@@@ mem[  344] = faf778e3fe842703 : 18084055749352498947
@@@ mem[  352] = 0047a783fe842783 : 20168908699084675
@@@ mem[  360] = fe84270300379793 : 18339826476401530771
@@@ mem[  368] = fec4278300f70733 : 18357841424679372595
@@@ mem[  376] = 02f71e630007a783 : 213672917874485123
@@@ mem[  384] = 0047a703fe842783 : 20168358943270787
@@@ mem[  392] = 0007a783fec42783 : 2154510193796995
@@@ mem[  400] = 00f707330047a783 : 69532234876954499
@@@ mem[  408] = 00e7a223fe842783 : 65198995097790339
@@@ mem[  416] = 0007a783fec42783 : 2154510193796995
@@@ mem[  424] = fe8427830007a703 : 18339827026154202883
@@@ mem[  432] = 0140006f00e7a023 : 90072469303959587
@@@ mem[  440] = 0007a703fec42783 : 2153960437983107
@@@ mem[  448] = 00e7a023fe842783 : 65196796074534787
@@@ mem[  456] = 0047a783fec42783 : 20168908703278979
@@@ mem[  464] = fec4270300379793 : 18357840874911012755
@@@ mem[  472] = fe84270300f707b3 : 18339826476414076851
@@@ mem[  480] = fec4278302f71a63 : 18357841424712931939
@@@ mem[  488] = fe8427830047a703 : 18339827026158397187
@@@ mem[  496] = 00f707330047a783 : 69532234876954499
@@@ mem[  504] = 00e7a223fec42783 : 65198995101984643
@@@ mem[  512] = 0007a703fe842783 : 2153960433788803
@@@ mem[  520] = 00e7a023fec42783 : 65196796078729091
@@@ mem[  528] = fec427830100006f : 18357841424679960687
@@@ mem[  536] = 00e7a023fe842703 : 65196796074534659
@@@ mem[  544] = fec42703000057b7 : 18357840874907391927
@@@ mem[  552] = 00000013fce7a423 : 85847417891
@@@ mem[  560] = 0281240302c12083 : 180465055421243523
@@@ mem[  568] = 0000806703010113 : 141179920384275
@@@ mem[  576] = 02112623fd010113 : 148942198690349331
@@@ mem[  584] = 0301041302812423 : 216458736783402019
@@@ mem[  592] = 000017b7fca42e23 : 26078985072163
@@@ mem[  600] = fdc42703fa47a783 : 18285783285068441475
@@@ mem[  608] = 0000079300e7f663 : 8327956788835
@@@ mem[  616] = 000017b70700006f : 26074863894639
@@@ mem[  624] = fef42623fa07a783 : 18371350715911612291
@@@ mem[  632] = fa07a703000017b7 : 18016552465645705143
@@@ mem[  640] = 00f70733fdc42783 : 69532239129749379
@@@ mem[  648] = fae7a023000017b7 : 18079595301286451127
@@@ mem[  656] = fa47a703000017b7 : 18034566864155187127
@@@ mem[  664] = 40f70733fdc42783 : 4681218257557137283
@@@ mem[  672] = fae7a223000017b7 : 18079597500309706679
@@@ mem[  680] = ff878713fdc42783 : 18412834121459181443
@@@ mem[  688] = 00e7a223fec42783 : 65198995101984643
@@@ mem[  696] = 00878793fec42783 : 38148191560148867
@@@ mem[  704] = fec42503fef42623 : 18357838680161527331
@@@ mem[  712] = de8080e700000097 : 16032956403064766615
@@@ mem[  720] = fc87a783000057b7 : 18196697000496355255
@@@ mem[  728] = 02c1208300078513 : 198475605594309907
@@@ mem[  736] = 0301011302812403 : 216455438248518659
@@@ mem[  744] = fd01011300008067 : 18230853947688517735
@@@ mem[  752] = 0281242302112623 : 180465192848664099
@@@ mem[  760] = fca42e2303010413 : 18204726321647518739
@@@ mem[  768] = 000047b7fdc42703 : 78855562077955
@@@ mem[  776] = 0000079300e7f663 : 8327956788835
@@@ mem[  784] = fdc4278315c0006f : 18285783830990159983
@@@ mem[  792] = 00078a630037f793 : 2122482647037843
@@@ mem[  800] = ffc7f793fdc42783 : 18430972215026788227
@@@ mem[  808] = fcf42e2300478793 : 18227244319738660755
@@@ mem[  816] = 00878793fdc42783 : 38148191543371651
@@@ mem[  824] = 000057b7fef42223 : 96447768044067
@@@ mem[  832] = fef42423fc87a783 : 18371348516930299779
@@@ mem[  840] = 02079e63fe842783 : 146259665221855107
@@@ mem[  848] = fc078793000057b7 : 18160633087824779191
@@@ mem[  856] = 000057b7fef42423 : 96447768044579
@@@ mem[  864] = fce7a423fe842703 : 18223714891678885635
@@@ mem[  872] = fc87a703000057b7 : 18196696450740541367
@@@ mem[  880] = fc078793000057b7 : 18160633087824779191
@@@ mem[  888] = 000057b700e7a023 : 96443505811491
@@@ mem[  896] = 0007a223fc078793 : 2148600272881555
@@@ mem[  904] = 0007a783fe842783 : 2154510189602691
@@@ mem[  912] = fec42783fef42623 : 18357841428940596771
@@@ mem[  920] = fdc427030047a783 : 18285783280874137475
@@@ mem[  928] = fec4278308e7e263 : 18357841424812597859
@@@ mem[  936] = fdc427030047a783 : 18285783280874137475
@@@ mem[  944] = fec4278300f71c63 : 18357841424679378019
@@@ mem[  952] = fe8427830007a703 : 18339827026154202883
@@@ mem[  960] = 0400006f00e7a023 : 288230852908261411
@@@ mem[  968] = 0047a703fec42783 : 20168358947465091
@@@ mem[  976] = 40f70733fe442783 : 4681218257565525891
@@@ mem[  984] = 00e7a223fec42783 : 65198995101984643
@@@ mem[  992] = 0047a783fec42783 : 20168908703278979
@@@ mem[ 1000] = fec4270300379793 : 18357840874911012755
@@@ mem[ 1008] = fef4262300f707b3 : 18371350711732996019
@@@ mem[ 1016] = fdc42703fec42783 : 18285783285143709571
@@@ mem[ 1024] = 000057b700e7a223 : 96443505812003
@@@ mem[ 1032] = fce7a423fe842703 : 18223714891678885635
@@@ mem[ 1040] = 00878793fec42783 : 38148191560148867
@@@ mem[ 1048] = fec42783fef42623 : 18357841428940596771
@@@ mem[ 1056] = 000057b704c0006f : 96443570323567
@@@ mem[ 1064] = fec42703fc87a783 : 18357840879144118147
@@@ mem[ 1072] = fe44250302f71263 : 18321809878914896483
@@@ mem[ 1080] = e08080e700000097 : 16177071591140622487
@@@ mem[ 1088] = fec42783fea42623 : 18357841428935353891
@@@ mem[ 1096] = 0000079300079663 : 8327942084195
@@@ mem[ 1104] = fec4278301c0006f : 18357841424692543599
@@@ mem[ 1112] = fec42783fef42423 : 18357841428940596259
@@@ mem[ 1120] = fef426230007a783 : 18371350711717308291
@@@ mem[ 1128] = 00078513f2dff06f : 2116645562609775
@@@ mem[ 1136] = 0281240302c12083 : 180465055421243523
@@@ mem[ 1144] = 0000806703010113 : 141179920384275
@@@ mem[ 1152] = 02112623fd010113 : 148942198690349331
@@@ mem[ 1160] = 0301041302812423 : 216458736783402019
@@@ mem[ 1168] = fdc42503fca42e23 : 18285781086084804131
@@@ mem[ 1176] = e54080e700000097 : 16519345162820780183
@@@ mem[ 1184] = fdc42603fea42623 : 18285782185629984291
@@@ mem[ 1192] = fec4250300000593 : 18357838675884115347
@@@ mem[ 1200] = 99c080e700001097 : 11078996812957225111
@@@ mem[ 1208] = 00078513fec42783 : 2116645762115459
@@@ mem[ 1216] = 0281240302c12083 : 180465055421243523
@@@ mem[ 1224] = 0000806703010113 : 141179920384275
@@@ mem[ 1232] = 00812e23fe010113 : 36361004115886355
@@@ mem[ 1240] = 0005079302010413 : 1415702858761235
@@@ mem[ 1248] = 0240006ffef41723 : 162130067604117283
@@@ mem[ 1256] = 01100793fee45703 : 76569525883262723
@@@ mem[ 1264] = 0107d79301079793 : 74264945252341651
@@@ mem[ 1272] = 0107979300f707b3 : 74194576507078579
@@@ mem[ 1280] = fef417230107d793 : 18371334219059681171
@@@ mem[ 1288] = fc07cee3fee41783 : 18160711501024073603
@@@ mem[ 1296] = fee457030240006f : 18366900850757992559
@@@ mem[ 1304] = 0107979301100793 : 74194576508716947
@@@ mem[ 1312] = 40f707b30107d793 : 4681218803072751507
@@@ mem[ 1320] = 0107d79301079793 : 74264945252341651
@@@ mem[ 1328] = 01100793fef41723 : 76569525884294947
@@@ mem[ 1336] = fcf75ce3fee41703 : 18228140151109064451
@@@ mem[ 1344] = 00078513fee41783 : 2116645764208515
@@@ mem[ 1352] = 0201011301c12403 : 144397844198007811
@@@ mem[ 1360] = fa01011300008067 : 18014681165574733927
@@@ mem[ 1368] = 04812c2304112e23 : 324589177051098659
@@@ mem[ 1376] = 0521282304912a23 : 369620775286680099
@@@ mem[ 1384] = 0541242305312623 : 378623576505394723
@@@ mem[ 1392] = 0561202305512223 : 387626377715720739
@@@ mem[ 1400] = 03812c2303712e23 : 252531583002684963
@@@ mem[ 1408] = faa4262306010413 : 18060602337528972307
@@@ mem[ 1416] = fad4152300058693 : 18074094444613043859
@@@ mem[ 1424] = fad4142300060693 : 18074093345101448851
@@@ mem[ 1432] = 00068c1300010693 : 1842863092598419
@@@ mem[ 1440] = 00100693fa841603 : 4510832260290051
@@@ mem[ 1448] = 008006933ad60263 : 36036026436026979
@@@ mem[ 1456] = fcd42423fff68693 : 18218226129657300627
@@@ mem[ 1464] = 00068b1300800693 : 1841763589293715
@@@ mem[ 1472] = 01cb569300000b93 : 129292203670375315
@@@ mem[ 1480] = 01d6eeb3004b9e93 : 132555691625520787
@@@ mem[ 1488] = 00800693004b1e13 : 36036025453846035
@@@ mem[ 1496] = 00000a9300068a13 : 11626476898835
@@@ mem[ 1504] = 004a939301ca5693 : 20991407876101779
@@@ mem[ 1512] = 004a13130076e3b3 : 20850120609686451
@@@ mem[ 1520] = 0016969300800693 : 6358007600383635
@@@ mem[ 1528] = 0046d69300f68693 : 19939175234438803
@@@ mem[ 1536] = 40d1013300469693 : 4670515607119500947
@@@ mem[ 1544] = 0016869300010693 : 6340415406016147
@@@ mem[ 1552] = 001696930016d693 : 6358007593490067
@@@ mem[ 1560] = 00800693fcd42223 : 36036029690683939
@@@ mem[ 1568] = fcd42023fff68693 : 18218221731610789523
@@@ mem[ 1576] = 0006891300800693 : 1839564566038163
@@@ mem[ 1584] = 01c9569300000993 : 128729253716953491
@@@ mem[ 1592] = 0116e8b300499893 : 78505899027175571
@@@ mem[ 1600] = 0080069300491813 : 36036025453713427
@@@ mem[ 1608] = 00000f9300068f13 : 17124035038995
@@@ mem[ 1616] = 004f979301cf5693 : 22403180806493843
@@@ mem[ 1624] = 004f171300f6e7b3 : 22261893548140467
@@@ mem[ 1632] = 0017979300800793 : 6640582088722323
@@@ mem[ 1640] = 0047d79300f78793 : 20221749722843027
@@@ mem[ 1648] = 40f1013300479793 : 4679522806374307731
@@@ mem[ 1656] = 0017879300010793 : 6622989894354835
@@@ mem[ 1664] = 001797930017d793 : 6640582081894291
@@@ mem[ 1672] = fc041723faf42e23 : 18159665040766283299
@@@ mem[ 1680] = fce4178308c0006f : 18222715843802824815
@@@ mem[ 1688] = fac4270300179793 : 18069610498757203859
@@@ mem[ 1696] = fce4170300f707b3 : 18222715293916399539
@@@ mem[ 1704] = 0107171340175713 : 74053290321991443
@@@ mem[ 1712] = 0007061341075713 : 1977004602119955
@@@ mem[ 1720] = fc44268300079703 : 18177696340057233155
@@@ mem[ 1728] = 00f687b300161793 : 69392047141164947
@@@ mem[ 1736] = fce4178300e79023 : 18222715843671199779
@@@ mem[ 1744] = 0017979300178793 : 6640582081873811
@@@ mem[ 1752] = 00f707b3fac42703 : 69532788835231491
@@@ mem[ 1760] = 40175713fce41703 : 4618255686250534659
@@@ mem[ 1768] = 4107571301071713 : 4685809676435527443
@@@ mem[ 1776] = 0007970300070613 : 2136363978130963
@@@ mem[ 1784] = 00161793fbc42683 : 6218373839201923
@@@ mem[ 1792] = 00e7902300f687b3 : 65179199634573235
@@@ mem[ 1800] = 00278793fce45783 : 11126593764480899
@@@ mem[ 1808] = 0107d79301079793 : 74264945252341651
@@@ mem[ 1816] = fce41703fcf41723 : 18222715298144065315
@@@ mem[ 1824] = f6f748e3faa41783 : 17795772596577638275
@@@ mem[ 1832] = 4017d793faa41783 : 4618396973456955267
@@@ mem[ 1840] = 4104d49301079493 : 4685103240214713491
@@@ mem[ 1848] = fa845783fa845703 : 18051649430763099907
@@@ mem[ 1856] = 0107979302f707b3 : 74194576540633011
@@@ mem[ 1864] = 010797930107d793 : 74194576508180371
@@@ mem[ 1872] = 000785134107d793 : 2116642578880403
@@@ mem[ 1880] = d78080e700000097 : 15528553244799271063
@@@ mem[ 1888] = 0007861300050793 : 2117740999804819
@@@ mem[ 1896] = fc44250300048593 : 18177694690789590419
@@@ mem[ 1904] = de4080e700000097 : 16014942004555284631
@@@ mem[ 1912] = 4017d793faa41783 : 4618396973456955267
@@@ mem[ 1920] = 4104d49301079493 : 4685103240214713491
@@@ mem[ 1928] = fa845783fa845703 : 18051649430763099907
@@@ mem[ 1936] = 0107979302f707b3 : 74194576540633011
@@@ mem[ 1944] = 010797930107d793 : 74194576508180371
@@@ mem[ 1952] = 000785134107d793 : 2116642578880403
@@@ mem[ 1960] = d28080e700000097 : 15168265274609631383
@@@ mem[ 1968] = 0007861300050793 : 2117740999804819
@@@ mem[ 1976] = fbc4250300048593 : 18141665893770626451
@@@ mem[ 1984] = d94080e700000097 : 15654654034365644951
@@@ mem[ 1992] = fcf4162300100793 : 18227217931455956883
@@@ mem[ 2000] = 15c0006ffc041723 : 1567253151294428963
@@@ mem[ 2008] = fc442703fce41783 : 18177696894055356291
@@@ mem[ 2016] = 00f707b300179793 : 69532784629618579
@@@ mem[ 2024] = 0107971300079783 : 74194026735572867
@@@ mem[ 2032] = fce4178301075713 : 18222715843673282323
@@@ mem[ 2040] = 00179793fbc42683 : 6640586304267907
@@@ mem[ 2048] = 0007978300f687b3 : 2136913749641139
@@@ mem[ 2056] = 0106d69301079693 : 73982370764002963
@@@ mem[ 2064] = 02f687b3fcc45783 : 213507239456298883
@@@ mem[ 2072] = 0107d79301079793 : 74264945252341651
@@@ mem[ 2080] = 0107979300f707b3 : 74194576507078579
@@@ mem[ 2088] = 010796930107d793 : 74193476996552595
@@@ mem[ 2096] = fce417834106d693 : 18222715844746991251
@@@ mem[ 2104] = fac4270300179793 : 18069610498757203859
@@@ mem[ 2112] = 0006851300f704b3 : 1835166527325363
@@@ mem[ 2120] = c88080e700000097 : 14447689334230352023
@@@ mem[ 2128] = 00f4902300050793 : 68838374315984787
@@@ mem[ 2136] = fc442703fce41783 : 18177696894055356291
@@@ mem[ 2144] = 00f707b300179793 : 69532784629618579
@@@ mem[ 2152] = 0107971300079783 : 74194026735572867
@@@ mem[ 2160] = fce4178301075713 : 18222715843673282323
@@@ mem[ 2168] = 00179793fbc42683 : 6640586304267907
@@@ mem[ 2176] = 0007978300f687b3 : 2136913749641139
@@@ mem[ 2184] = 0106d69301079693 : 73982370764002963
@@@ mem[ 2192] = 02f687b3fcc45783 : 213507239456298883
@@@ mem[ 2200] = 0107d79301079793 : 74264945252341651
@@@ mem[ 2208] = 0107979340f707b3 : 74194577580820403
@@@ mem[ 2216] = 010796930107d793 : 74193476996552595
@@@ mem[ 2224] = fce417834106d693 : 18222715844746991251
@@@ mem[ 2232] = 40175713faa41703 : 4618255686212785923
@@@ mem[ 2240] = 4107571301071713 : 4685809676435527443
@@@ mem[ 2248] = 0017979300e787b3 : 6640582095505331
@@@ mem[ 2256] = 00f704b3fac42703 : 69529490300348163
@@@ mem[ 2264] = 0000009700068513 : 648540488979
@@@ mem[ 2272] = 00050793bf4080e7 : 1415706033815783
@@@ mem[ 2280] = fcc4570300f49023 : 18213778463405674531
@@@ mem[ 2288] = 02f707b3fa845783 : 213647976906905475
@@@ mem[ 2296] = 0107d79301079793 : 74264945252341651
@@@ mem[ 2304] = 4107d79301079793 : 4685950963679729555
@@@ mem[ 2312] = 0000009700078513 : 648540554515
@@@ mem[ 2320] = 00050793bc4080e7 : 1415705983484135
@@@ mem[ 2328] = fce45783fcf41623 : 18222786216644056611
@@@ mem[ 2336] = 0107979300178793 : 74194576492431251
@@@ mem[ 2344] = fcf417230107d793 : 18227219030983825299
@@@ mem[ 2352] = 4017d793faa41783 : 4618396973456955267
@@@ mem[ 2360] = 4107d79301079793 : 4685950963679729555
@@@ mem[ 2368] = e8f74ae3fce41703 : 16786968479107651331
@@@ mem[ 2376] = 000000130080006f : 81612767343
@@@ mem[ 2384] = fa040113000c0113 : 18015525590505619731
@@@ mem[ 2392] = 0581240305c12083 : 396637837585358979
@@@ mem[ 2400] = 0501290305412483 : 360614538116146307
@@@ mem[ 2408] = 04812a0304c12983 : 324586840600422787
@@@ mem[ 2416] = 04012b0304412a83 : 288559143084698243
@@@ mem[ 2424] = 03812c0303c12b83 : 252531445568973699
@@@ mem[ 2432] = 0000806706010113 : 141179970715923
@@@ mem[ 2440] = 02812623fd010113 : 180467396081942803
@@@ mem[ 2448] = 0005079303010413 : 1415702875538451
@@@ mem[ 2456] = fcf41f23fcb42c23 : 18227227831299222563
@@@ mem[ 2464] = 0600006ffe041723 : 432346045230618403
@@@ mem[ 2472] = 0017f793fde45783 : 6746139456198531
@@@ mem[ 2480] = fee4178302078063 : 18366831031765925987
@@@ mem[ 2488] = fd84270300179793 : 18267768882361505683
@@@ mem[ 2496] = 0010071300f707b3 : 4511377829332915
@@@ mem[ 2504] = 0180006f00e79023 : 108086867813437475
@@@ mem[ 2512] = 00179793fee41783 : 6640586356692867
@@@ mem[ 2520] = 00f707b3fd842703 : 69532788881368835
@@@ mem[ 2528] = fde4178300079023 : 18294773437694447651
@@@ mem[ 2536] = fcf41f234017d793 : 18227227828134860691
@@@ mem[ 2544] = 00178793fee45783 : 6622994170664835
@@@ mem[ 2552] = 0107d79301079793 : 74264945252341651
@@@ mem[ 2560] = 00800793fef41723 : 36037129237960483
@@@ mem[ 2568] = f8f74ee3fee41703 : 17939894381794563843
@@@ mem[ 2576] = 0000001300000013 : 81604378643
@@@ mem[ 2584] = 0301011302c12403 : 216455438252712963
@@@ mem[ 2592] = fb01011300008067 : 18086738759612661863
@@@ mem[ 2600] = 0481242304112623 : 324580380958074403
@@@ mem[ 2608] = 0521202304912223 : 369611979193655843
@@@ mem[ 2616] = 03412c2303312e23 : 234517184489008675
@@@ mem[ 2624] = 0361282303512a23 : 243519985699334691
@@@ mem[ 2632] = 0005029305010413 : 1410205350954003
@@@ mem[ 2640] = 0002859300058513 : 709816360469779
@@@ mem[ 2648] = 00050593fab41f23 : 1413508007993123
@@@ mem[ 2656] = 00010593fab41e23 : 287608101150243
@@@ mem[ 2664] = 0080059300058b13 : 36034925937658643
@@@ mem[ 2672] = fcb42a23fff58593 : 18209225527472260499
@@@ mem[ 2680] = 00058a1300800593 : 1559189100955027
@@@ mem[ 2688] = 01ca559300000a93 : 129009629182036627
@@@ mem[ 2696] = 0075e3b3004a9393 : 33182930218685331
@@@ mem[ 2704] = 00800593004a1313 : 36034925942149907
@@@ mem[ 2712] = 0000099300058913 : 10526965205267
@@@ mem[ 2720] = 0049989301c95593 : 20715430457464211
@@@ mem[ 2728] = 004918130115e8b3 : 20574143201536179
@@@ mem[ 2736] = 0015959300800593 : 6075433112044947
@@@ mem[ 2744] = 0045d59300f58593 : 19656600746034579
@@@ mem[ 2752] = 40b1013300459593 : 4661508407864694163
@@@ mem[ 2760] = 0015859300010593 : 6057840917677459
@@@ mem[ 2768] = 001595930015d593 : 6075433105085843
@@@ mem[ 2776] = 00800593fcb42823 : 36034930176960547
@@@ mem[ 2784] = fcb42623fff58593 : 18209221129425749395
@@@ mem[ 2792] = 00058f1300800593 : 1564686659093907
@@@ mem[ 2800] = 01cf559300000f93 : 130417004065591187
@@@ mem[ 2808] = 00d5e6b3004f9693 : 60207826518120083
@@@ mem[ 2816] = 00800693004f1613 : 36036025454106131
@@@ mem[ 2824] = 00000e9300068e13 : 16024523410963
@@@ mem[ 2832] = 004e979301ce5693 : 22121705829717651
@@@ mem[ 2840] = 004e171300f6e7b3 : 21980418571429811
@@@ mem[ 2848] = 0017979300800793 : 6640582088722323
@@@ mem[ 2856] = 0047d79300f78793 : 20221749722843027
@@@ mem[ 2864] = 40f1013300479793 : 4679522806374307731
@@@ mem[ 2872] = 0017879300010793 : 6622989894354835
@@@ mem[ 2880] = 001797930017d793 : 6640582081894291
@@@ mem[ 2888] = fbe41783fcf42423 : 18150658253861954595
@@@ mem[ 2896] = 00078513fd042583 : 2116645732754819
@@@ mem[ 2904] = e30080e700000097 : 16357215576235442327
@@@ mem[ 2912] = fc842583fbc41783 : 18195709643278522243
@@@ mem[ 2920] = 0000009700078513 : 648540554515
@@@ mem[ 2928] = 00800793e1c080e7 : 36037128748040423
@@@ mem[ 2936] = 0007061300200713 : 1977003513218835
@@@ mem[ 2944] = fd04250300078593 : 18231737886318232979
@@@ mem[ 2952] = 9cc080e700000097 : 11295169595071004823
@@@ mem[ 2960] = 0020071300800793 : 9014977448904595
@@@ mem[ 2968] = 0007859300070613 : 2117191244121619
@@@ mem[ 2976] = 00000097fc842503 : 652776580355
@@@ mem[ 2984] = fc041f239b0080e7 : 18159673835249500391
@@@ mem[ 2992] = fde4178308c0006f : 18294773437840752751
@@@ mem[ 3000] = 00179793fd042703 : 6640586325239555
@@@ mem[ 3008] = 0007978300f707b3 : 2136913749673907
@@@ mem[ 3016] = 0107571301079713 : 74123658008172307
@@@ mem[ 3024] = fc842683fde41783 : 18195710742825801603
@@@ mem[ 3032] = 00f687b300179793 : 69392047141263251
@@@ mem[ 3040] = 0107979300079783 : 74194576491386755
@@@ mem[ 3048] = 02f707b30107d793 : 213647972721219475
@@@ mem[ 3056] = 0107d79301079793 : 74264945252341651
@@@ mem[ 3064] = 4107d79301079793 : 4685950963679729555
@@@ mem[ 3072] = 00078513fde41483 : 2116645747430531
@@@ mem[ 3080] = 8c8080e700000097 : 10124233691954675863
@@@ mem[ 3088] = 0007869300050793 : 2118290755618707
@@@ mem[ 3096] = 00149793fd042703 : 5796161395107587
@@@ mem[ 3104] = 00d7902300f707b3 : 60675600007235507
@@@ mem[ 3112] = 00178793fde45783 : 6622994153887619
@@@ mem[ 3120] = 0107d79301079793 : 74264945252341651
@@@ mem[ 3128] = 00800793fcf41f23 : 36037129204408099
@@@ mem[ 3136] = f6f748e3fde41703 : 17795772596632164099
@@@ mem[ 3144] = 0090071300800793 : 40540174840498067
@@@ mem[ 3152] = 0007859300070613 : 2117191244121619
@@@ mem[ 3160] = 00000097fd042503 : 652784968963
@@@ mem[ 3168] = 001007938f8080e7 : 4511929976520935
@@@ mem[ 3176] = fc041d23fcf41e23 : 18159671637869600291
@@@ mem[ 3184] = 10c0006ffc041f23 : 1206965181104791331
@@@ mem[ 3192] = fd042703fde41783 : 18231740089600579459
@@@ mem[ 3200] = 00f707b300179793 : 69532784629618579
@@@ mem[ 3208] = 0107971300079783 : 74194026735572867
@@@ mem[ 3216] = 00f0079301075713 : 67562322369402643
@@@ mem[ 3224] = 0107d79301079793 : 74264945252341651
@@@ mem[ 3232] = 0107979302f707b3 : 74194576540633011
@@@ mem[ 3240] = 010797930107d793 : 74194576508180371
@@@ mem[ 3248] = fde414834107d793 : 18294770140250101651
@@@ mem[ 3256] = 0000009700078513 : 648540554515
@@@ mem[ 3264] = 00050793814080e7 : 1415704993628391
@@@ mem[ 3272] = fd04270300078693 : 18231740085341488787
@@@ mem[ 3280] = 00f707b300149793 : 69532784629421971
@@@ mem[ 3288] = fde4178300d79023 : 18294773437708079139
@@@ mem[ 3296] = 00179793fd042703 : 6640586325239555
@@@ mem[ 3304] = 0007978300f707b3 : 2136913749673907
@@@ mem[ 3312] = 0107571301079713 : 74123658008172307
@@@ mem[ 3320] = 02f707b3fdc45783 : 213647976961431427
@@@ mem[ 3328] = 0107571301079713 : 74123658008172307
@@@ mem[ 3336] = 00f707b3fda45783 : 69532788883478403
@@@ mem[ 3344] = 0107d79301079793 : 74264945252341651
@@@ mem[ 3352] = 4107d79301079793 : 4685950963679729555
@@@ mem[ 3360] = fffff09700078513 : 18446727130064061715
@@@ mem[ 3368] = 000507937ac080e7 : 1415704884576487
@@@ mem[ 3376] = fdc45703fcf41d23 : 18285836061671431459
@@@ mem[ 3384] = 0107979300200793 : 74194576492988307
@@@ mem[ 3392] = 02f707b30107d793 : 213647972721219475
@@@ mem[ 3400] = 0107d79301079793 : 74264945252341651
@@@ mem[ 3408] = 4107d79301079793 : 4685950963679729555
@@@ mem[ 3416] = fffff09700078513 : 18446727130064061715
@@@ mem[ 3424] = 00050793774080e7 : 1415704825856231
@@@ mem[ 3432] = fde45783fcf41e23 : 18294843810681986595
@@@ mem[ 3440] = 0107979300178793 : 74194576492431251
@@@ mem[ 3448] = fcf41f230107d793 : 18227227827076847507
@@@ mem[ 3456] = fde4170300800793 : 18294772887946528659
@@@ mem[ 3464] = fda41783eef748e3 : 18276759043193653475
@@@ mem[ 3472] = 00078513000b0113 : 2116641488568595
@@@ mem[ 3480] = 04c12083fb040113 : 342590797881016595
@@@ mem[ 3488] = 0441248304812403 : 306566394772792323
@@@ mem[ 3496] = 03c1298304012903 : 270543095303579907
@@@ mem[ 3504] = 03412a8303812a03 : 234515397787855363
@@@ mem[ 3512] = 0501011303012b03 : 360570626332764931
@@@ mem[ 3520] = fe01011300008067 : 18302911541726445671
@@@ mem[ 3528] = 00812c2300112e23 : 36358800832278051
@@@ mem[ 3536] = 0100059302010413 : 72063722989880339
@@@ mem[ 3544] = 0000009700300513 : 648543208723
@@@ mem[ 3552] = 00050793c48080e7 : 1415706121896167
@@@ mem[ 3560] = 01700593fef42623 : 103588924625266211
@@@ mem[ 3568] = 0000009700400513 : 648544257299
@@@ mem[ 3576] = 00050793c30080e7 : 1415706096730343
@@@ mem[ 3584] = fec42783fef42423 : 18357841428940596259
@@@ mem[ 3592] = 4107d79301079793 : 4685950963679729555
@@@ mem[ 3600] = 01071713fe842703 : 74053293516793603
@@@ mem[ 3608] = 0007059341075713 : 1976454846306067
@@@ mem[ 3616] = 0000009700078513 : 648540554515
@@@ mem[ 3624] = 00050793c00080e7 : 1415706046398695
@@@ mem[ 3632] = fe442783fef42223 : 18321812631921631779
@@@ mem[ 3640] = 01c1208300078513 : 126418011556381971
@@@ mem[ 3648] = 0201011301812403 : 144397844193813507
@@@ mem[ 3656] = 00f0031300008067 : 67557374549852263
@@@ mem[ 3664] = 02c37e6300050713 : 199141772201625363
@@@ mem[ 3672] = 0a07906300f77793 : 722705020108634003
@@@ mem[ 3680] = ff06769308059263 : 18376505703398740579
@@@ mem[ 3688] = 00e686b300f67613 : 64887348016870931
@@@ mem[ 3696] = 00b7222300b72023 : 51547454469251107
@@@ mem[ 3704] = 00b7262300b72423 : 51551852515763235
@@@ mem[ 3712] = fed766e301070713 : 18363259130787333907
@@@ mem[ 3720] = 0000806700061463 : 141179870385251
@@@ mem[ 3728] = 0026969340c306b3 : 10861608305886899
@@@ mem[ 3736] = 005686b300000297 : 24354951354385047
@@@ mem[ 3744] = 00b7072300c68067 : 51517767656308839
@@@ mem[ 3752] = 00b7062300b706a3 : 51516668143666851
@@@ mem[ 3760] = 00b7052300b705a3 : 51515568632038819
@@@ mem[ 3768] = 00b7042300b704a3 : 51514469120410787
@@@ mem[ 3776] = 00b7032300b703a3 : 51513369608782755
@@@ mem[ 3784] = 00b7022300b702a3 : 51512270097154723
@@@ mem[ 3792] = 00b7012300b701a3 : 51511170585526691
@@@ mem[ 3800] = 00b7002300b700a3 : 51510071073898659
@@@ mem[ 3808] = 0ff5f59300008067 : 1150095291572060263
@@@ mem[ 3816] = 00d5e5b300859693 : 60206727010031251
@@@ mem[ 3824] = 00d5e5b301059693 : 60206727018419859
@@@ mem[ 3832] = 00279693f6dff06f : 11143086337945711
@@@ mem[ 3840] = 005686b300000297 : 24354951354385047
@@@ mem[ 3848] = fa0680e700008293 : 18016229088968082067
@@@ mem[ 3856] = ff07879300028093 : 18376805869938704531
@@@ mem[ 3864] = 00f6063340f70733 : 69249661473851187
@@@ mem[ 3872] = f3dff06ff6c378e3 : 17573028634695006435
@@@
@@@ mem[ 3968] = 0002001100010008 : 563022967930888
@@@ mem[ 3976] = 00000000000f0009 : 983049
@@@
@@@ mem[ 4000] = 0000400000000fc0 : 70368744181696
@@@
@@@ mem[64920] = 0000fdf000010001 : 279207234043905
@@@
@@@ mem[64968] = 000000000000fe10 : 65040
@@@ mem[64976] = 0000000000000008 : 8
@@@ mem[64984] = 0010000000000008 : 4503599627370504
@@@ mem[64992] = 0000000100000008 : 4294967304
@@@ mem[65000] = 0000fe700000fe70 : 279756989857392
@@@ mem[65008] = 0000000000000001 : 1
@@@
@@@ mem[65024] = 000000000000000d : 13
@@@
@@@ mem[65048] = 0000fe7000020010 : 279756989923344
@@@
@@@ mem[65064] = 0000fdf000000000 : 279207233978368
@@@ mem[65072] = 0000fe0000000007 : 279275953455111
@@@ mem[65080] = 0001001000000007 : 281543696187399
@@@
@@@ mem[65096] = 000000000000fe90 : 65168
@@@ mem[65104] = 0000000000000008 : 8
@@@ mem[65112] = 0010000000000008 : 4503599627370504
@@@ mem[65120] = 0000000200000008 : 8589934600
@@@ mem[65128] = 0000fef00000fef0 : 280306745671408
@@@ mem[65136] = 00000000000c000e : 786446
@@@
@@@ mem[65152] = 00000000000e000c : 917516
@@@
@@@ mem[65176] = 0000fef00004000d : 280306745868301
@@@
@@@ mem[65192] = 0000fe7000000000 : 279756989792256
@@@ mem[65200] = 0000fe8000000007 : 279825709268999
@@@ mem[65208] = 0002001000000007 : 563018672898055
@@@
@@@ mem[65224] = 000000000000ff10 : 65296
@@@ mem[65232] = 0000000000000008 : 8
@@@ mem[65240] = 0010000000000008 : 4503599627370504
@@@ mem[65248] = 0000000400000008 : 17179869192
@@@ mem[65256] = 0000ff700000ff70 : 280856501485424
@@@ mem[65264] = 000b000f00000009 : 3096289168326665
@@@
@@@ mem[65280] = 000c000800080008 : 3377734080790536
@@@
@@@ mem[65304] = 0000ff8000080009 : 280925221421065
@@@
@@@ mem[65320] = 0000fef000000000 : 280306745606144
@@@ mem[65328] = 0000ff0000000007 : 280375465082887
@@@ mem[65336] = 0004001000000007 : 1125968626319367
@@@
@@@ mem[65360] = 000000000000ff90 : 65424
@@@ mem[65368] = 0001000000000008 : 281474976710664
@@@ mem[65376] = 0000000700000008 : 30064771080
@@@ mem[65384] = 0000ffe00000ffe0 : 281337537822688
@@@ mem[65392] = 0005000400070003 : 1407392063881219
@@@ mem[65400] = 0006000d00030001 : 1688905695035393
@@@ mem[65408] = 0003000200010000 : 844433520132096
@@@ mem[65416] = 0000000000010002 : 65538
@@@
@@@ mem[65432] = 000e000700000000 : 3940679738720256
@@@
@@@ mem[65448] = 000000070000ff70 : 30064836464
@@@ mem[65456] = 000000070000ff80 : 30064836480
@@@ mem[65464] = 00080001000d0000 : 2251804109504512
@@@
@@@ mem[65496] = 00000e2c00010000 : 15582141415424
@@@ mem[65504] = 0000000d00000000 : 55834574848
@@@ mem[65512] = 0000000e00000007 : 60129542151
@@@
@@@ mem[65528] = 000000900000000d : 618475290637
@@@
@@              27392420 : System halted
@@
@@@ System halted on WFI instruction
@@@
@@
@@  91305 cycles / 57873 instrs = 1.577679 CPI
@@
@@  2739120.00 ns total time to execute
@@

$finish called from file "test/pipeline_test.sv", line 296.
$finish at simulation time             27393420
           V C S   S i m u l a t i o n   R e p o r t 
Time: 2739342000 ps
CPU Time:      1.230 seconds;       Data structure size:   0.1Mb
Wed Feb 28 16:37:56 2024
