Info: [VCS_SAVE_RESTORE_INFO] ASLR (Address Space Layout Randomization) is detected on the machine. To enable $save functionality, ASLR will be switched off and simv re-executed.
Please use '-no_save' simv switch to avoid re-execution or '-suppress=ASLR_DETECTED_INFO' to suppress this message.
Chronologic VCS simulator copyright 1991-2023
Contains Synopsys proprietary information.
Compiler version U-2023.03-SP2-1_Full64; Runtime version U-2023.03-SP2-1_Full64;  Feb 28 16:36 2024
Loading memory file: programs/fib.mem
Using writeback output file: output/fib.wb
Using pipeline output file: output/fib.ppln
@@
@@
@@                     0  Asserting System reset......
@@
@@                     0 : System STILL at reset, can't show anything
@@
@@
@@                   300 : System STILL at reset, can't show anything
@@
@@
@@                   600 : System STILL at reset, can't show anything
@@
@@
@@                   900 : System STILL at reset, can't show anything
@@
@@                  1060  Deasserting System reset......
@@
@@
@@@ Unified Memory contents hex on left, decimal on right: 
@@@
@@@ mem[    0] = 000012b700001237 : 20577188319799
@@@ mem[    8] = 0000133700828293 : 21126952682131
@@@ mem[   16] = 0020051301030313 : 9012778434233107
@@@ mem[   24] = 0022202300100113 : 9605483905155347
@@@ mem[   32] = 000221030022a023 : 599246724309027
@@@ mem[   40] = 002181b30002a183 : 9431280030753155
@@@ mem[   48] = 0082829300820213 : 36735314852708883
@@@ mem[   56] = 0105259300150513 : 73506282213278995
@@@ mem[   64] = 0083031300332023 : 36876602091708451
@@@ mem[   72] = 10500073fc059ee3 : 1175440000893165283
@@@
@@@ mem[ 4096] = 0000000000000001 : 1
@@@ mem[ 4104] = 0000000000000001 : 1
@@@ mem[ 4112] = 0000000000000002 : 2
@@@ mem[ 4120] = 0000000000000003 : 3
@@@ mem[ 4128] = 0000000000000005 : 5
@@@ mem[ 4136] = 0000000000000008 : 8
@@@ mem[ 4144] = 000000000000000d : 13
@@@ mem[ 4152] = 0000000000000015 : 21
@@@ mem[ 4160] = 0000000000000022 : 34
@@@ mem[ 4168] = 0000000000000037 : 55
@@@ mem[ 4176] = 0000000000000059 : 89
@@@ mem[ 4184] = 0000000000000090 : 144
@@@ mem[ 4192] = 00000000000000e9 : 233
@@@ mem[ 4200] = 0000000000000179 : 377
@@@ mem[ 4208] = 0000000000000262 : 610
@@@ mem[ 4216] = 00000000000003db : 987
@@@
@@@
@@                 68420 : System halted
@@
@@@ System halted on WFI instruction
@@@
@@
@@  225 cycles / 149 instrs = 1.510067 CPI
@@
@@  6720.00 ns total time to execute
@@

$finish called from file "test/pipeline_test.sv", line 296.
$finish at simulation time                69420
           V C S   S i m u l a t i o n   R e p o r t 
Time: 6942000 ps
CPU Time:      0.280 seconds;       Data structure size:   0.1Mb
Wed Feb 28 16:36:19 2024
