Info: [VCS_SAVE_RESTORE_INFO] ASLR (Address Space Layout Randomization) is detected on the machine. To enable $save functionality, ASLR will be switched off and simv re-executed.
Please use '-no_save' simv switch to avoid re-execution or '-suppress=ASLR_DETECTED_INFO' to suppress this message.
Chronologic VCS simulator copyright 1991-2023
Contains Synopsys proprietary information.
Compiler version U-2023.03-SP2-1_Full64; Runtime version U-2023.03-SP2-1_Full64;  Feb 28 16:37 2024
Loading memory file: programs/graph.mem
Using writeback output file: output/graph.wb
Using pipeline output file: output/graph.ppln
@@
@@
@@                     0  Asserting System reset......
@@
@@                     0 : System STILL at reset, can't show anything
@@
@@
@@                   300 : System STILL at reset, can't show anything
@@
@@
@@                   600 : System STILL at reset, can't show anything
@@
@@
@@                   900 : System STILL at reset, can't show anything
@@
@@                  1060  Deasserting System reset......
@@
@@
@@@ Unified Memory contents hex on left, decimal on right: 
@@@
@@@ mem[    0] = 0000009700000013 : 648540061715
@@@ mem[    8] = 0001011708c08093 : 282673419419795
@@@ mem[   16] = 00010413ff410113 : 285958910050579
@@@ mem[   24] = b681819300002197 : 13150934855258743191
@@@ mem[   32] = 0000029300000213 : 2830383448595
@@@ mem[   40] = 0000039300000313 : 3929895076627
@@@ mem[   48] = 0000051300000493 : 5579162518675
@@@ mem[   56] = 0000061300000593 : 6678674146707
@@@ mem[   64] = 0000071300000693 : 7778185774739
@@@ mem[   72] = 0000081300000793 : 8877697402771
@@@ mem[   80] = 0000091300000893 : 9977209030803
@@@ mem[   88] = 00000a1300000993 : 11076720658835
@@@ mem[   96] = 00000b1300000a93 : 12176232286867
@@@ mem[  104] = 00000c1300000b93 : 13275743914899
@@@ mem[  112] = 00000d1300000c93 : 14375255542931
@@@ mem[  120] = 00000e1300000d93 : 15474767170963
@@@ mem[  128] = 00000f1300000e93 : 16574278798995
@@@ mem[  136] = 1800106f00000f93 : 1729400325837688723
@@@ mem[  144] = f701011300010117 : 17798508383460983063
@@@ mem[  152] = 00000013fea12c23 : 85876354083
@@@ mem[  160] = 0000001310500073 : 81878057075
@@@ mem[  168] = 0000001300000013 : 81604378643
@@@ mem[  176] = 02112623fd010113 : 148942198690349331
@@@ mem[  184] = 0301041302812423 : 216458736783402019
@@@ mem[  192] = fdc42703fca42e23 : 18285783285108059683
@@@ mem[  200] = 45078793000017b7 : 4974093378883950519
@@@ mem[  208] = 000057b700f76a63 : 96443506846307
@@@ mem[  216] = fdc4270345078793 : 18285783282027562899
@@@ mem[  224] = 0010051300e7f863 : 4509178805090403
@@@ mem[  232] = fa8080e700000097 : 18050569036126748823
@@@ mem[  240] = ff878793fdc42783 : 18412834671214995331
@@@ mem[  248] = 000057b7fef42423 : 96447768044579
@@@ mem[  256] = fef426234587a783 : 18371350712883324803
@@@ mem[  264] = fec4278303c0006f : 18357841424726098031
@@@ mem[  272] = fec427030007a783 : 18357840874907871107
@@@ mem[  280] = fe84270302f76063 : 18339826476447653987
@@@ mem[  288] = 02e7ee63fec42783 : 209398020939458435
@@@ mem[  296] = 0007a783fec42783 : 2154510193796995
@@@ mem[  304] = 02f76663fe842703 : 213752086981256963
@@@ mem[  312] = 0007a783fec42783 : 2154510193796995
@@@ mem[  320] = fe842703fef42623 : 18339826480675300899
@@@ mem[  328] = fce7f0e3fec42783 : 18223799279200511875
@@@ mem[  336] = 0007a783fec42783 : 2154510193796995
@@@ mem[  344] = faf778e3fe842703 : 18084055749352498947
@@@ mem[  352] = 0047a783fe842783 : 20168908699084675
@@@ mem[  360] = fe84270300379793 : 18339826476401530771
@@@ mem[  368] = fec4278300f70733 : 18357841424679372595
@@@ mem[  376] = 02f71e630007a783 : 213672917874485123
@@@ mem[  384] = 0047a703fe842783 : 20168358943270787
@@@ mem[  392] = 0007a783fec42783 : 2154510193796995
@@@ mem[  400] = 00f707330047a783 : 69532234876954499
@@@ mem[  408] = 00e7a223fe842783 : 65198995097790339
@@@ mem[  416] = 0007a783fec42783 : 2154510193796995
@@@ mem[  424] = fe8427830007a703 : 18339827026154202883
@@@ mem[  432] = 0140006f00e7a023 : 90072469303959587
@@@ mem[  440] = 0007a703fec42783 : 2153960437983107
@@@ mem[  448] = 00e7a023fe842783 : 65196796074534787
@@@ mem[  456] = 0047a783fec42783 : 20168908703278979
@@@ mem[  464] = fec4270300379793 : 18357840874911012755
@@@ mem[  472] = fe84270300f707b3 : 18339826476414076851
@@@ mem[  480] = fec4278302f71a63 : 18357841424712931939
@@@ mem[  488] = fe8427830047a703 : 18339827026158397187
@@@ mem[  496] = 00f707330047a783 : 69532234876954499
@@@ mem[  504] = 00e7a223fec42783 : 65198995101984643
@@@ mem[  512] = 0007a703fe842783 : 2153960433788803
@@@ mem[  520] = 00e7a023fec42783 : 65196796078729091
@@@ mem[  528] = fec427830100006f : 18357841424679960687
@@@ mem[  536] = 00e7a023fe842703 : 65196796074534659
@@@ mem[  544] = fec42703000057b7 : 18357840874907391927
@@@ mem[  552] = 0000001344e7ac23 : 82760412195
@@@ mem[  560] = 0281240302c12083 : 180465055421243523
@@@ mem[  568] = 0000806703010113 : 141179920384275
@@@ mem[  576] = 02112623fd010113 : 148942198690349331
@@@ mem[  584] = 0301041302812423 : 216458736783402019
@@@ mem[  592] = 000017b7fca42e23 : 26078985072163
@@@ mem[  600] = fdc427033a47a783 : 18285783281847216003
@@@ mem[  608] = 0000079300e7f663 : 8327956788835
@@@ mem[  616] = 000017b70700006f : 26074863894639
@@@ mem[  624] = fef426233a07a783 : 18371350712690386819
@@@ mem[  632] = 3a07a703000017b7 : 4181494410363541431
@@@ mem[  640] = 00f70733fdc42783 : 69532239129749379
@@@ mem[  648] = 3ae7a023000017b7 : 4244537246004287415
@@@ mem[  656] = 3a47a703000017b7 : 4199508808873023415
@@@ mem[  664] = 40f70733fdc42783 : 4681218257557137283
@@@ mem[  672] = 3ae7a223000017b7 : 4244539445027542967
@@@ mem[  680] = ff878713fdc42783 : 18412834121459181443
@@@ mem[  688] = 00e7a223fec42783 : 65198995101984643
@@@ mem[  696] = 00878793fec42783 : 38148191560148867
@@@ mem[  704] = fec42503fef42623 : 18357838680161527331
@@@ mem[  712] = de8080e700000097 : 16032956403064766615
@@@ mem[  720] = 4587a783000057b7 : 5010157291555542967
@@@ mem[  728] = 02c1208300078513 : 198475605594309907
@@@ mem[  736] = 0301011302812403 : 216455438248518659
@@@ mem[  744] = fd01011300008067 : 18230853947688517735
@@@ mem[  752] = 0281242302112623 : 180465192848664099
@@@ mem[  760] = fca42e2303010413 : 18204726321647518739
@@@ mem[  768] = 000047b7fdc42703 : 78855562077955
@@@ mem[  776] = 0000079300e7f663 : 8327956788835
@@@ mem[  784] = fdc4278315c0006f : 18285783830990159983
@@@ mem[  792] = 00078a630037f793 : 2122482647037843
@@@ mem[  800] = ffc7f793fdc42783 : 18430972215026788227
@@@ mem[  808] = fcf42e2300478793 : 18227244319738660755
@@@ mem[  816] = 00878793fdc42783 : 38148191543371651
@@@ mem[  824] = 000057b7fef42223 : 96447768044067
@@@ mem[  832] = fef424234587a783 : 18371348513860069251
@@@ mem[  840] = 02079e63fe842783 : 146259665221855107
@@@ mem[  848] = 45078793000057b7 : 4974093378883966903
@@@ mem[  856] = 000057b7fef42423 : 96447768044579
@@@ mem[  864] = 44e7ac23fe842703 : 4965126384793167619
@@@ mem[  872] = 4587a703000057b7 : 5010156741799729079
@@@ mem[  880] = 45078793000057b7 : 4974093378883966903
@@@ mem[  888] = 000057b700e7a023 : 96443505811491
@@@ mem[  896] = 0007a22345078793 : 2148597202651027
@@@ mem[  904] = 0007a783fe842783 : 2154510189602691
@@@ mem[  912] = fec42783fef42623 : 18357841428940596771
@@@ mem[  920] = fdc427030047a783 : 18285783280874137475
@@@ mem[  928] = fec4278308e7e263 : 18357841424812597859
@@@ mem[  936] = fdc427030047a783 : 18285783280874137475
@@@ mem[  944] = fec4278300f71c63 : 18357841424679378019
@@@ mem[  952] = fe8427830007a703 : 18339827026154202883
@@@ mem[  960] = 0400006f00e7a023 : 288230852908261411
@@@ mem[  968] = 0047a703fec42783 : 20168358947465091
@@@ mem[  976] = 40f70733fe442783 : 4681218257565525891
@@@ mem[  984] = 00e7a223fec42783 : 65198995101984643
@@@ mem[  992] = 0047a783fec42783 : 20168908703278979
@@@ mem[ 1000] = fec4270300379793 : 18357840874911012755
@@@ mem[ 1008] = fef4262300f707b3 : 18371350711732996019
@@@ mem[ 1016] = fdc42703fec42783 : 18285783285143709571
@@@ mem[ 1024] = 000057b700e7a223 : 96443505812003
@@@ mem[ 1032] = 44e7ac23fe842703 : 4965126384793167619
@@@ mem[ 1040] = 00878793fec42783 : 38148191560148867
@@@ mem[ 1048] = fec42783fef42623 : 18357841428940596771
@@@ mem[ 1056] = 000057b704c0006f : 96443570323567
@@@ mem[ 1064] = fec427034587a783 : 18357840876073887619
@@@ mem[ 1072] = fe44250302f71263 : 18321809878914896483
@@@ mem[ 1080] = e08080e700000097 : 16177071591140622487
@@@ mem[ 1088] = fec42783fea42623 : 18357841428935353891
@@@ mem[ 1096] = 0000079300079663 : 8327942084195
@@@ mem[ 1104] = fec4278301c0006f : 18357841424692543599
@@@ mem[ 1112] = fec42783fef42423 : 18357841428940596259
@@@ mem[ 1120] = fef426230007a783 : 18371350711717308291
@@@ mem[ 1128] = 00078513f2dff06f : 2116645562609775
@@@ mem[ 1136] = 0281240302c12083 : 180465055421243523
@@@ mem[ 1144] = 0000806703010113 : 141179920384275
@@@ mem[ 1152] = 02112623fd010113 : 148942198690349331
@@@ mem[ 1160] = 0301041302812423 : 216458736783402019
@@@ mem[ 1168] = fdc42503fca42e23 : 18285781086084804131
@@@ mem[ 1176] = e54080e700000097 : 16519345162820780183
@@@ mem[ 1184] = fdc42603fea42623 : 18285782185629984291
@@@ mem[ 1192] = fec4250300000593 : 18357838675884115347
@@@ mem[ 1200] = da4080e700001097 : 15726711628403576983
@@@ mem[ 1208] = 00078513fec42783 : 2116645762115459
@@@ mem[ 1216] = 0281240302c12083 : 180465055421243523
@@@ mem[ 1224] = 0000806703010113 : 141179920384275
@@@ mem[ 1232] = 02112623fd010113 : 148942198690349331
@@@ mem[ 1240] = 0301041302812423 : 216458736783402019
@@@ mem[ 1248] = 00800513fca42e23 : 36034380420099619
@@@ mem[ 1256] = e04080e700000097 : 16159057192631140503
@@@ mem[ 1264] = fec42783fea42623 : 18357841428935353891
@@@ mem[ 1272] = 00e7a023fdc42703 : 65196796061951747
@@@ mem[ 1280] = 0007a223fec42783 : 2148600318797699
@@@ mem[ 1288] = 00078513fec42783 : 2116645762115459
@@@ mem[ 1296] = 0281240302c12083 : 180465055421243523
@@@ mem[ 1304] = 0000806703010113 : 141179920384275
@@@ mem[ 1312] = 02112623fd010113 : 148942198690349331
@@@ mem[ 1320] = 0301041302812423 : 216458736783402019
@@@ mem[ 1328] = 00c00513fca42e23 : 54048778929581603
@@@ mem[ 1336] = db4080e700000097 : 15798769222441500823
@@@ mem[ 1344] = fe842783fea42423 : 18339827030425871395
@@@ mem[ 1352] = 00e7a023fdc42703 : 65196796061951747
@@@ mem[ 1360] = 00279793fdc42783 : 11144185965193091
@@@ mem[ 1368] = 0000009700078513 : 648540554515
@@@ mem[ 1376] = 00050713d90080e7 : 1415156710015207
@@@ mem[ 1384] = 00e7a223fe842783 : 65198995097790339
@@@ mem[ 1392] = 00279793fdc42783 : 11144185965193091
@@@ mem[ 1400] = 0000009700078513 : 648540554515
@@@ mem[ 1408] = 00050713d70080e7 : 1415156676460775
@@@ mem[ 1416] = 00e7a423fe842783 : 65201194121045891
@@@ mem[ 1424] = 0400006ffe042623 : 288230857154766371
@@@ mem[ 1432] = 0047a703fe842783 : 20168358943270787
@@@ mem[ 1440] = 00279793fec42783 : 11144185981970307
@@@ mem[ 1448] = 0007a02300f707b3 : 2146397037463475
@@@ mem[ 1456] = 0087a703fe842783 : 38182757452752771
@@@ mem[ 1464] = 00279793fec42783 : 11144185981970307
@@@ mem[ 1472] = 0007a02300f707b3 : 2146397037463475
@@@ mem[ 1480] = 00178793fec42783 : 6622994168555395
@@@ mem[ 1488] = fec42703fef42623 : 18357840879184782883
@@@ mem[ 1496] = faf74ee3fdc42783 : 18084009569851549571
@@@ mem[ 1504] = 00078513fe842783 : 2116645757921155
@@@ mem[ 1512] = 0281240302c12083 : 180465055421243523
@@@ mem[ 1520] = 0000806703010113 : 141179920384275
@@@ mem[ 1528] = 02112623fd010113 : 148942198690349331
@@@ mem[ 1536] = 0301041302812423 : 216458736783402019
@@@ mem[ 1544] = fcb42c23fca42e23 : 18209227726439853603
@@@ mem[ 1552] = fd442503fcc42a23 : 18249752289067936291
@@@ mem[ 1560] = eb8080e700000097 : 16969705125557829783
@@@ mem[ 1568] = fdc42783fea42623 : 18285783834897425955
@@@ mem[ 1576] = fd8427830047a703 : 18267769432120469251
@@@ mem[ 1584] = 00f707b300279793 : 69532784630667155
@@@ mem[ 1592] = fec427830007a703 : 18357841424663684867
@@@ mem[ 1600] = fdc4278300e7a223 : 18285783830640435747
@@@ mem[ 1608] = fd8427830047a703 : 18267769432120469251
@@@ mem[ 1616] = 00f707b300279793 : 69532784630667155
@@@ mem[ 1624] = 00e7a023fec42703 : 65196796078728963
@@@ mem[ 1632] = 00000097fd842503 : 652793357571
@@@ mem[ 1640] = fea42623e6c080e7 : 18348832717451329767
@@@ mem[ 1648] = 0047a703fdc42783 : 20168358930687875
@@@ mem[ 1656] = 00279793fd442783 : 11144185956804483
@@@ mem[ 1664] = 0007a70300f707b3 : 2153956179904435
@@@ mem[ 1672] = 00e7a223fec42783 : 65198995101984643
@@@ mem[ 1680] = 0047a703fdc42783 : 20168358930687875
@@@ mem[ 1688] = 00279793fd442783 : 11144185956804483
@@@ mem[ 1696] = fec4270300f707b3 : 18357840874923558835
@@@ mem[ 1704] = 0000001300e7a023 : 81619558435
@@@ mem[ 1712] = 0281240302c12083 : 180465055421243523
@@@ mem[ 1720] = 0000806703010113 : 141179920384275
@@@ mem[ 1728] = 00112e23fe010113 : 4835806724292883
@@@ mem[ 1736] = 0201041300812c23 : 144401142711921699
@@@ mem[ 1744] = 000000970a800513 : 648716223763
@@@ mem[ 1752] = fea42623c18080e7 : 18348832716826378471
@@@ mem[ 1760] = fff00713fec42783 : 18442248256542222211
@@@ mem[ 1768] = fec427830ae7a023 : 18357841424846135331
@@@ mem[ 1776] = 0ae7a223fff00713 : 785774935500916499
@@@ mem[ 1784] = 00078513fec42783 : 2116645762115459
@@@ mem[ 1792] = 0181240301c12083 : 108407461366538371
@@@ mem[ 1800] = 0000806702010113 : 141179903607059
@@@ mem[ 1808] = 00812e23fe010113 : 36361004115886355
@@@ mem[ 1816] = fea4262302010413 : 18348832713613575187
@@@ mem[ 1824] = 0a47a703fec42783 : 740744299326744451
@@@ mem[ 1832] = 00f71663fff00793 : 69548937999026067
@@@ mem[ 1840] = 0080006f00100793 : 36029273761384339
@@@ mem[ 1848] = 0007851300000793 : 2116641487849363
@@@ mem[ 1856] = 0201011301c12403 : 144397844198007811
@@@ mem[ 1864] = fe01011300008067 : 18302911541726445671
@@@ mem[ 1872] = 0201041300812e23 : 144401142711922211
@@@ mem[ 1880] = feb42423fea42623 : 18353334118456239651
@@@ mem[ 1888] = 0a47a703fec42783 : 740744299326744451
@@@ mem[ 1896] = 04f7066302700793 : 357761717711669139
@@@ mem[ 1904] = 0a07a703fec42783 : 722729900817262467
@@@ mem[ 1912] = 00f71663fff00793 : 69548937999026067
@@@ mem[ 1920] = 0a07a023fec42783 : 722722341674821507
@@@ mem[ 1928] = 0a47a783fec42783 : 740744849082558339
@@@ mem[ 1936] = fec4278300178713 : 18357841424664725267
@@@ mem[ 1944] = fec427830ae7a223 : 18357841424846135843
@@@ mem[ 1952] = fec427030a47a783 : 18357840875079837571
@@@ mem[ 1960] = 00f707b300279793 : 69532784630667155
@@@ mem[ 1968] = 00e7a023fe842703 : 65196796074534659
@@@ mem[ 1976] = 01c1240300000013 : 126421859846586387
@@@ mem[ 1984] = 0000806702010113 : 141179903607059
@@@ mem[ 1992] = 02112623fd010113 : 148942198690349331
@@@ mem[ 2000] = 0301041302812423 : 216458736783402019
@@@ mem[ 2008] = fdc42503fca42e23 : 18285781086084804131
@@@ mem[ 2016] = f30080e700000097 : 17510137080842289303
@@@ mem[ 2024] = 0007886300050793 : 2120283620444051
@@@ mem[ 2032] = fef42623fff00793 : 18371350716010727315
@@@ mem[ 2040] = fdc427830640006f : 18285783830730113135
@@@ mem[ 2048] = fdc427030a07a783 : 18285783281037715331
@@@ mem[ 2056] = 00f707b300279793 : 69532784630667155
@@@ mem[ 2064] = fef426230007a783 : 18371350711717308291
@@@ mem[ 2072] = 0a07a783fdc42783 : 722730450556299139
@@@ mem[ 2080] = fdc4278300178713 : 18285783830626797331
@@@ mem[ 2088] = fdc427830ae7a023 : 18285783830808207395
@@@ mem[ 2096] = fdc427830a07a703 : 18285783830793529091
@@@ mem[ 2104] = 02e7d0630a47a783 : 209365031488825219
@@@ mem[ 2112] = fff00713fdc42783 : 18442248256525444995
@@@ mem[ 2120] = fdc427830ae7a223 : 18285783830808207907
@@@ mem[ 2128] = fdc427830a47a703 : 18285783830797723395
@@@ mem[ 2136] = fec427830ae7a023 : 18357841424846135331
@@@ mem[ 2144] = 02c1208300078513 : 198475605594309907
@@@ mem[ 2152] = 0301011302812403 : 216455438248518659
@@@ mem[ 2160] = fd01011300008067 : 18230853947688517735
@@@ mem[ 2168] = 0281242302112623 : 180465192848664099
@@@ mem[ 2176] = fca42e2303010413 : 18204726321647518739
@@@ mem[ 2184] = 00000097fcb42c23 : 652779727907
@@@ mem[ 2192] = fea42423e34080e7 : 18348830518369353959
@@@ mem[ 2200] = 0087a703fdc42783 : 38182757440169859
@@@ mem[ 2208] = 00279793fd842783 : 11144185960998787
@@@ mem[ 2216] = 0010071300f707b3 : 4511377829332915
@@@ mem[ 2224] = fd84258300e7a023 : 18267767233107697699
@@@ mem[ 2232] = 00000097fe842503 : 652810134787
@@@ mem[ 2240] = 09c0006fe90080e7 : 702562022520291559
@@@ mem[ 2248] = 00000097fe842503 : 652810134787
@@@ mem[ 2256] = fea42223efc080e7 : 18348828319555813607
@@@ mem[ 2264] = 0047a703fdc42783 : 20168358930687875
@@@ mem[ 2272] = 00279793fe442783 : 11144185973581699
@@@ mem[ 2280] = 0007a78300f707b3 : 2154505935718323
@@@ mem[ 2288] = 0640006ffef42623 : 450360443755832867
@@@ mem[ 2296] = 0007a783fec42783 : 2154510193796995
@@@ mem[ 2304] = fdc42783fef42023 : 18285783834902667299
@@@ mem[ 2312] = fe0427830087a703 : 18303798229143627523
@@@ mem[ 2320] = 00f707b300279793 : 69532784630667155
@@@ mem[ 2328] = 020798630007a783 : 146253063882516355
@@@ mem[ 2336] = 0087a703fdc42783 : 38182757440169859
@@@ mem[ 2344] = 00279793fe042783 : 11144185969387395
@@@ mem[ 2352] = 0010071300f707b3 : 4511377829332915
@@@ mem[ 2360] = fe04258300e7a023 : 18303796030126661667
@@@ mem[ 2368] = 00000097fe842503 : 652810134787
@@@ mem[ 2376] = fec42783e08080e7 : 18357841428429701351
@@@ mem[ 2384] = fef426230047a783 : 18371350711721502595
@@@ mem[ 2392] = f8079ee3fec42783 : 17872428348312135555
@@@ mem[ 2400] = 00000097fe842503 : 652810134787
@@@ mem[ 2408] = 00050793dac080e7 : 1415706495189223
@@@ mem[ 2416] = 00000013f4078ce3 : 85698514147
@@@ mem[ 2424] = 02c1208300000013 : 198475605593817107
@@@ mem[ 2432] = 0301011302812403 : 216455438248518659
@@@ mem[ 2440] = fe01011300008067 : 18302911541726445671
@@@ mem[ 2448] = 00812c2300112e23 : 36358800832278051
@@@ mem[ 2456] = 0060051302010413 : 27027176960361491
@@@ mem[ 2464] = b80080e700000097 : 13258739032604541079
@@@ mem[ 2472] = 00100613fea42623 : 4510282573686307
@@@ mem[ 2480] = fec4250300000593 : 18357838675884115347
@@@ mem[ 2488] = c40080e700000097 : 14123430161059676311
@@@ mem[ 2496] = 0000059300200613 : 6128920430099
@@@ mem[ 2504] = 00000097fec42503 : 652814329091
@@@ mem[ 2512] = 00200613c2c080e7 : 9013881196282087
@@@ mem[ 2520] = fec4250300100593 : 18357838675885163923
@@@ mem[ 2528] = c18080e700000097 : 13943286175964856471
@@@ mem[ 2536] = 0010059300400613 : 4509728549897747
@@@ mem[ 2544] = 00000097fec42503 : 652814329091
@@@ mem[ 2552] = 00300613c04080e7 : 13517480781709543
@@@ mem[ 2560] = fec4250300100593 : 18357838675885163923
@@@ mem[ 2568] = bf0080e700000097 : 13763142190870036631
@@@ mem[ 2576] = 0020059300400613 : 9013328177268243
@@@ mem[ 2584] = 00000097fec42503 : 652814329091
@@@ mem[ 2592] = 00400613bdc080e7 : 18021080367136999
@@@ mem[ 2600] = fec4250300300593 : 18357838675887261075
@@@ mem[ 2608] = bc8080e700000097 : 13582998205775216791
@@@ mem[ 2616] = fec4250300000593 : 18357838675884115347
@@@ mem[ 2624] = e34080e700000097 : 16375229974744924311
@@@ mem[ 2632] = 01c1208300000013 : 126418011555889171
@@@ mem[ 2640] = 0201011301812403 : 144397844193813507
@@@ mem[ 2648] = fd01011300008067 : 18230853947688517735
@@@ mem[ 2656] = 0281242302112623 : 180465192848664099
@@@ mem[ 2664] = fca42e2303010413 : 18204726321647518739
@@@ mem[ 2672] = 00800513fcb42c23 : 36034380421147683
@@@ mem[ 2680] = 874080e700000097 : 9745931323255554199
@@@ mem[ 2688] = fec42783fea42623 : 18357841428935353891
@@@ mem[ 2696] = 00e7a023fd842703 : 65196796057757443
@@@ mem[ 2704] = 0007a703fdc42783 : 2153960421205891
@@@ mem[ 2712] = 00e7a223fec42783 : 65198995101984643
@@@ mem[ 2720] = fec42703fdc42783 : 18357840879164860291
@@@ mem[ 2728] = 0000001300e7a023 : 81619558435
@@@ mem[ 2736] = 0281240302c12083 : 180465055421243523
@@@ mem[ 2744] = 0000806703010113 : 141179920384275
@@@ mem[ 2752] = 02812623fd010113 : 180467396081942803
@@@ mem[ 2760] = fca42e2303010413 : 18204726321647518739
@@@ mem[ 2768] = fdc42783fcb42c23 : 18285783834864921635
@@@ mem[ 2776] = fef426230007a783 : 18371350711717308291
@@@ mem[ 2784] = 0007a703fd842783 : 2153960417011587
@@@ mem[ 2792] = 00e7a023fdc42783 : 65196796061951875
@@@ mem[ 2800] = fec42703fd842783 : 18357840879160665987
@@@ mem[ 2808] = 0000001300e7a023 : 81619558435
@@@ mem[ 2816] = 0301011302c12403 : 216455438252712963
@@@ mem[ 2824] = fd01011300008067 : 18230853947688517735
@@@ mem[ 2832] = 0281242302112623 : 180465192848664099
@@@ mem[ 2840] = fca42e2303010413 : 18204726321647518739
@@@ mem[ 2848] = fdc42783fe042223 : 18285783834886939171
@@@ mem[ 2856] = fe04262306078e63 : 18303796717407407715
@@@ mem[ 2864] = fef42423fdc42783 : 18371348516951041923
@@@ mem[ 2872] = fe8427830480006f : 18339827026229198959
@@@ mem[ 2880] = fe8427830007a703 : 18339827026154202883
@@@ mem[ 2888] = 0007a7830047a783 : 2154505924224899
@@@ mem[ 2896] = fe84278302e7d263 : 18339827026202448483
@@@ mem[ 2904] = 000785930047a783 : 2117191248357251
@@@ mem[ 2912] = 00000097fe842503 : 652810134787
@@@ mem[ 2920] = 00100793f5c080e7 : 4511931691991271
@@@ mem[ 2928] = fe842783fef42623 : 18339827030431114787
@@@ mem[ 2936] = fef424230047a783 : 18371348512698247043
@@@ mem[ 2944] = 0047a783fe842783 : 20168908699084675
@@@ mem[ 2952] = faf718e3fe442703 : 18083950196232038147
@@@ mem[ 2960] = fef42223fe842783 : 18371346317940369283
@@@ mem[ 2968] = f80798e3fec42783 : 17872421751242368899
@@@ mem[ 2976] = 000000130080006f : 81612767343
@@@ mem[ 2984] = 0281240302c12083 : 180465055421243523
@@@ mem[ 2992] = 0000806703010113 : 141179920384275
@@@ mem[ 3000] = 02112623fd010113 : 148942198690349331
@@@ mem[ 3008] = 0301041302812423 : 216458736783402019
@@@ mem[ 3016] = 38078793000017b7 : 4037344656390887351
@@@ mem[ 3024] = 0047a5830007a503 : 20166705406256387
@@@ mem[ 3032] = 00c7a6830087a603 : 56196601945236995
@@@ mem[ 3040] = 0147a7830107a703 : 92226498484217603
@@@ mem[ 3048] = fcb42c23fca42a23 : 18209227726439852579
@@@ mem[ 3056] = fed42023fcc42e23 : 18362336919633014307
@@@ mem[ 3064] = fef42423fee42223 : 18371348516969914915
@@@ mem[ 3072] = fe042623fc042823 : 18303796721534380067
@@@ mem[ 3080] = fec427830380006f : 18357841424721903727
@@@ mem[ 3088] = ff07879300279793 : 18376805869941135251
@@@ mem[ 3096] = fe47a703008787b3 : 18322797240315774899
@@@ mem[ 3104] = 00070593fd040793 : 1976458000205715
@@@ mem[ 3112] = 0000009700078513 : 648540554515
@@@ mem[ 3120] = fec42783e30080e7 : 18357841428471644391
@@@ mem[ 3128] = fef4262300178793 : 18371350711718348691
@@@ mem[ 3136] = 00500793fec42703 : 22526330352707331
@@@ mem[ 3144] = fd042783fce7d2e3 : 18231740639339860707
@@@ mem[ 3152] = 0000009700078513 : 648540554515
@@@ mem[ 3160] = 00000013eb8080e7 : 85555445991
@@@ mem[ 3168] = 0281240302c12083 : 180465055421243523
@@@ mem[ 3176] = 0000806703010113 : 141179920384275
@@@ mem[ 3184] = 00812e23fe010113 : 36361004115886355
@@@ mem[ 3192] = fea4262302010413 : 18348832713613575187
@@@ mem[ 3200] = 3a87a783000017b7 : 4217523757138319287
@@@ mem[ 3208] = 000017b700178713 : 26074747995923
@@@ mem[ 3216] = 000017b73ae7a423 : 26075734713379
@@@ mem[ 3224] = 000017373a87a783 : 25525972608899
@@@ mem[ 3232] = 002797933c470713 : 11144182718990099
@@@ mem[ 3240] = fec4270300f707b3 : 18357840874923558835
@@@ mem[ 3248] = 0000001300e7a023 : 81619558435
@@@ mem[ 3256] = 0201011301c12403 : 144397844198007811
@@@ mem[ 3264] = ff01011300008067 : 18374969135764373607
@@@ mem[ 3272] = 0101041300812623 : 72343548673992227
@@@ mem[ 3280] = 3a87a783000017b7 : 4217523757138319287
@@@ mem[ 3288] = 00001737fff78693 : 25529285052051
@@@ mem[ 3296] = 000017373ad72423 : 25525977818147
@@@ mem[ 3304] = 002797933c470713 : 11144182718990099
@@@ mem[ 3312] = 0007a78300f707b3 : 2154505935718323
@@@ mem[ 3320] = 00c1240300078513 : 54364265809151251
@@@ mem[ 3328] = 0000806701010113 : 141179886829843
@@@ mem[ 3336] = 00812623ff010113 : 36352208039641363
@@@ mem[ 3344] = 000017b701010413 : 26074763297811
@@@ mem[ 3352] = 000017373a87a783 : 25525972608899
@@@ mem[ 3360] = 002797933c470713 : 11144182718990099
@@@ mem[ 3368] = 0007a78300f707b3 : 2154505935718323
@@@ mem[ 3376] = 00c1240300078513 : 54364265809151251
@@@ mem[ 3384] = 0000806701010113 : 141179886829843
@@@ mem[ 3392] = 00812623ff010113 : 36352208039641363
@@@ mem[ 3400] = 000017b701010413 : 26074763297811
@@@ mem[ 3408] = 001787933a87a783 : 6622990876256131
@@@ mem[ 3416] = 0ff7f7930017b793 : 1150660440550258579
@@@ mem[ 3424] = 00c1240300078513 : 54364265809151251
@@@ mem[ 3432] = 0000806701010113 : 141179886829843
@@@ mem[ 3440] = 00112e23fe010113 : 4835806724292883
@@@ mem[ 3448] = 0201041300812c23 : 144401142711921699
@@@ mem[ 3456] = fffff09700100513 : 18446727130064618771
@@@ mem[ 3464] = fea42623568080e7 : 18348832715031216359
@@@ mem[ 3472] = 00078023fec42783 : 2111216923453315
@@@ mem[ 3480] = 3c07a783000017b7 : 4325610148195211191
@@@ mem[ 3488] = 0000173700178693 : 25524992181907
@@@ mem[ 3496] = 000017373cd72023 : 25526011371555
@@@ mem[ 3504] = 002797933d870713 : 11144182739961619
@@@ mem[ 3512] = fec4270300f707b3 : 18357840874923558835
@@@ mem[ 3520] = 0000001300e7a023 : 81619558435
@@@ mem[ 3528] = 0181240301c12083 : 108407461366538371
@@@ mem[ 3536] = 0000806702010113 : 141179903607059
@@@ mem[ 3544] = 00812e23fe010113 : 36361004115886355
@@@ mem[ 3552] = fea4262302010413 : 18348832713613575187
@@@ mem[ 3560] = 000017b7feb42423 : 26079019672611
@@@ mem[ 3568] = fec427033ec78693 : 18357840875960632979
@@@ mem[ 3576] = 0027979300070793 : 11144181708162963
@@@ mem[ 3584] = fe84270300e787b3 : 18339826476413061043
@@@ mem[ 3592] = 0027979300e787b3 : 11144181722875827
@@@ mem[ 3600] = 0010071300f687b3 : 4511377829300147
@@@ mem[ 3608] = 000017b700e7a023 : 26074761633827
@@@ mem[ 3616] = fe8427033ec78693 : 18339826477451150995
@@@ mem[ 3624] = 0027979300070793 : 11144181708162963
@@@ mem[ 3632] = fec4270300e787b3 : 18357840874922543027
@@@ mem[ 3640] = 0027979300e787b3 : 11144181722875827
@@@ mem[ 3648] = 0010071300f687b3 : 4511377829300147
@@@ mem[ 3656] = 0000001300e7a023 : 81619558435
@@@ mem[ 3664] = 0201011301c12403 : 144397844198007811
@@@ mem[ 3672] = fd01011300008067 : 18230853947688517735
@@@ mem[ 3680] = 0301041302812623 : 216458736783402531
@@@ mem[ 3688] = fe042623fca42e23 : 18303796721544867363
@@@ mem[ 3696] = 000017b70740006f : 26074868088943
@@@ mem[ 3704] = fdc427033ec78693 : 18285783281922705043
@@@ mem[ 3712] = 0027979300070793 : 11144181708162963
@@@ mem[ 3720] = fec4270300e787b3 : 18357840874922543027
@@@ mem[ 3728] = 0027979300e787b3 : 11144181722875827
@@@ mem[ 3736] = 0007a70300f687b3 : 2153956179871667
@@@ mem[ 3744] = 02f71a6300100793 : 213668519828522899
@@@ mem[ 3752] = 3d878713000017b7 : 4433660873843677111
@@@ mem[ 3760] = 00279793fec42783 : 11144185981970307
@@@ mem[ 3768] = 0007a78300f707b3 : 2154505935718323
@@@ mem[ 3776] = 0017c7930007c783 : 6693358638974851
@@@ mem[ 3784] = 000786630ff7f793 : 2118084864767891
@@@ mem[ 3792] = 0240006ffec42783 : 162130067600975747
@@@ mem[ 3800] = 00178793fec42783 : 6622994168555395
@@@ mem[ 3808] = 000017b7fef42623 : 26079023867427
@@@ mem[ 3816] = fec427033c07a783 : 18357840875914504067
@@@ mem[ 3824] = fff00793f8f742e3 : 18442248806200722147
@@@ mem[ 3832] = 02c1240300078513 : 198479453885007123
@@@ mem[ 3840] = 0000806703010113 : 141179920384275
@@@ mem[ 3848] = 00112e23fe010113 : 4835806724292883
@@@ mem[ 3856] = 0201041300812c23 : 144401142711921699
@@@ mem[ 3864] = 3d878793000017b7 : 4433661423599490999
@@@ mem[ 3872] = 001007130007a783 : 4511377813645187
@@@ mem[ 3880] = 0000051300e78023 : 5579177689123
@@@ mem[ 3888] = d40080e700000097 : 15276351665666523287
@@@ mem[ 3896] = 000000970640006f : 648644919407
@@@ mem[ 3904] = 00050793dcc080e7 : 1415706528743655
@@@ mem[ 3912] = 0000009700078513 : 648540554515
@@@ mem[ 3920] = fea42423f10080e7 : 18348830518600040679
@@@ mem[ 3928] = fff00793fe842703 : 18442248806293841667
@@@ mem[ 3936] = 0000009700f71863 : 648556255331
@@@ mem[ 3944] = 0300006fd60080e7 : 216173262445510887
@@@ mem[ 3952] = 3d878713000017b7 : 4433660873843677111
@@@ mem[ 3960] = 00279793fe842783 : 11144185977776003
@@@ mem[ 3968] = 0007a78300f707b3 : 2154505935718323
@@@ mem[ 3976] = 00e7802300100713 : 65161607433422611
@@@ mem[ 3984] = 00000097fe842503 : 652810134787
@@@ mem[ 3992] = 00000097cdc080e7 : 651992006887
@@@ mem[ 4000] = 00050793da4080e7 : 1415706486800615
@@@ mem[ 4008] = 0ff7f7930017c793 : 1150660440550262675
@@@ mem[ 4016] = fe042623f80796e3 : 18303796721467496163
@@@ mem[ 4024] = 000017b702c0006f : 26074792591471
@@@ mem[ 4032] = fec427833d878713 : 18357841425695475475
@@@ mem[ 4040] = 00f707b300279793 : 69532784630667155
@@@ mem[ 4048] = 000780230007a783 : 2111212649686915
@@@ mem[ 4056] = 00178793fec42783 : 6622994168555395
@@@ mem[ 4064] = 000017b7fef42623 : 26079023867427
@@@ mem[ 4072] = fec427033c07a783 : 18357840875914504067
@@@ mem[ 4080] = 00000013fcf746e3 : 85848442595
@@@ mem[ 4088] = 01c1208300000013 : 126418011555889171
@@@ mem[ 4096] = 0201011301812403 : 144397844193813507
@@@ mem[ 4104] = fe01011300008067 : 18302911541726445671
@@@ mem[ 4112] = 00812c2300112e23 : 36358800832278051
@@@ mem[ 4120] = fe04262302010413 : 18303796717339870227
@@@ mem[ 4128] = fe04242305c0006f : 18303794518379462767
@@@ mem[ 4136] = 000017b703c0006f : 26074809368687
@@@ mem[ 4144] = fec427033ec78693 : 18357840875960632979
@@@ mem[ 4152] = 0027979300070793 : 11144181708162963
@@@ mem[ 4160] = fe84270300e787b3 : 18339826476413061043
@@@ mem[ 4168] = 0027979300e787b3 : 11144181722875827
@@@ mem[ 4176] = 0007a02300f687b3 : 2146397037430707
@@@ mem[ 4184] = 00178793fe842783 : 6622994164361091
@@@ mem[ 4192] = fe842703fef42423 : 18339826480675300387
@@@ mem[ 4200] = fce7d0e300400793 : 18223764090558351251
@@@ mem[ 4208] = 00178793fec42783 : 6622994168555395
@@@ mem[ 4216] = fec42703fef42623 : 18357840879184782883
@@@ mem[ 4224] = fae7d0e300400793 : 18079648902482495379
@@@ mem[ 4232] = ce8080e700000097 : 14880034898457919639
@@@ mem[ 4240] = ce0080e700000097 : 14844006101438955671
@@@ mem[ 4248] = cd8080e700000097 : 14807977304419991703
@@@ mem[ 4256] = cd0080e700000097 : 14771948507401027735
@@@ mem[ 4264] = cc8080e700000097 : 14735919710382063767
@@@ mem[ 4272] = 0000051300100593 : 5579163567507
@@@ mem[ 4280] = d20080e700000097 : 15132236477590667415
@@@ mem[ 4288] = 0000051300200593 : 5579164616083
@@@ mem[ 4296] = d10080e700000097 : 15060178883552739479
@@@ mem[ 4304] = 0000051300300593 : 5579165664659
@@@ mem[ 4312] = d00080e700000097 : 14988121289514811543
@@@ mem[ 4320] = 0010051300400593 : 4509178794083731
@@@ mem[ 4328] = cf0080e700000097 : 14916063695476883607
@@@ mem[ 4336] = 0020051300400593 : 9012778421454227
@@@ mem[ 4344] = ce0080e700000097 : 14844006101438955671
@@@ mem[ 4352] = 0030051300400593 : 13516378048824723
@@@ mem[ 4360] = cd0080e700000097 : 14771948507401027735
@@@ mem[ 4368] = df8080e700000097 : 16105013997102694551
@@@ mem[ 4376] = 01c1208300000013 : 126418011555889171
@@@ mem[ 4384] = 0201011301812403 : 144397844193813507
@@@ mem[ 4392] = fe01011300008067 : 18302911541726445671
@@@ mem[ 4400] = 00812c2300112e23 : 36358800832278051
@@@ mem[ 4408] = fea4262302010413 : 18348832713613575187
@@@ mem[ 4416] = 0006871300058793 : 1837365534754707
@@@ mem[ 4424] = 00060793fef405a3 : 1697182079255971
@@@ mem[ 4432] = 00070793fef40523 : 1978657055966499
@@@ mem[ 4440] = fec42703fef404a3 : 18357840879184774307
@@@ mem[ 4448] = 00f7166300100793 : 69548933706155923
@@@ mem[ 4456] = 0500006f00000793 : 360288446931011475
@@@ mem[ 4464] = fff78793fec42783 : 18444359868623366019
@@@ mem[ 4472] = fe944603fea44683 : 18344364165157897859
@@@ mem[ 4480] = 00070593feb44703 : 1976458028533507
@@@ mem[ 4488] = 0000009700078513 : 648540554515
@@@ mem[ 4496] = fec42783fa0080e7 : 18357841428857520359
@@@ mem[ 4504] = feb44683fff78793 : 18353371914190686099
@@@ mem[ 4512] = fe944703fea44603 : 18344365264669525507
@@@ mem[ 4520] = 0007851300070593 : 2116641488307603
@@@ mem[ 4528] = f7c080e700000097 : 17852410652522446999
@@@ mem[ 4536] = 0007851300000793 : 2116641487849363
@@@ mem[ 4544] = 0181240301c12083 : 108407461366538371
@@@ mem[ 4552] = 0000806702010113 : 141179903607059
@@@ mem[ 4560] = 00112623ff010113 : 4827010648047891
@@@ mem[ 4568] = 0101041300812423 : 72343548673991715
@@@ mem[ 4576] = 0430061304200693 : 301747853777176211
@@@ mem[ 4584] = 0050051304100593 : 22523577367528851
@@@ mem[ 4592] = f3c080e700000097 : 17564180276370735255
@@@ mem[ 4600] = 00c1208300000013 : 54360417517961235
@@@ mem[ 4608] = 0101011300812403 : 72340250139108355
@@@ mem[ 4616] = ff01011300008067 : 18374969135764373607
@@@ mem[ 4624] = 0081242300112623 : 36350004739253795
@@@ mem[ 4632] = fffff09701010413 : 18446727130080412691
@@@ mem[ 4640] = 00000097770080e7 : 650536583399
@@@ mem[ 4648] = 00000097994080e7 : 651111203047
@@@ mem[ 4656] = 00000097de0080e7 : 652264636647
@@@ mem[ 4664] = 00000793f9c080e7 : 8332131729639
@@@ mem[ 4672] = 00c1208300078513 : 54360417518454035
@@@ mem[ 4680] = 0101011300812403 : 72340250139108355
@@@ mem[ 4688] = 00f0031300008067 : 67557374549852263
@@@ mem[ 4696] = 02c37e6300050713 : 199141772201625363
@@@ mem[ 4704] = 0a07906300f77793 : 722705020108634003
@@@ mem[ 4712] = ff06769308059263 : 18376505703398740579
@@@ mem[ 4720] = 00e686b300f67613 : 64887348016870931
@@@ mem[ 4728] = 00b7222300b72023 : 51547454469251107
@@@ mem[ 4736] = 00b7262300b72423 : 51551852515763235
@@@ mem[ 4744] = fed766e301070713 : 18363259130787333907
@@@ mem[ 4752] = 0000806700061463 : 141179870385251
@@@ mem[ 4760] = 0026969340c306b3 : 10861608305886899
@@@ mem[ 4768] = 005686b300000297 : 24354951354385047
@@@ mem[ 4776] = 00b7072300c68067 : 51517767656308839
@@@ mem[ 4784] = 00b7062300b706a3 : 51516668143666851
@@@ mem[ 4792] = 00b7052300b705a3 : 51515568632038819
@@@ mem[ 4800] = 00b7042300b704a3 : 51514469120410787
@@@ mem[ 4808] = 00b7032300b703a3 : 51513369608782755
@@@ mem[ 4816] = 00b7022300b702a3 : 51512270097154723
@@@ mem[ 4824] = 00b7012300b701a3 : 51511170585526691
@@@ mem[ 4832] = 00b7002300b700a3 : 51510071073898659
@@@ mem[ 4840] = 0ff5f59300008067 : 1150095291572060263
@@@ mem[ 4848] = 00d5e5b300859693 : 60206727010031251
@@@ mem[ 4856] = 00d5e5b301059693 : 60206727018419859
@@@ mem[ 4864] = 00279693f6dff06f : 11143086337945711
@@@ mem[ 4872] = 005686b300000297 : 24354951354385047
@@@ mem[ 4880] = fa0680e700008293 : 18016229088968082067
@@@ mem[ 4888] = ff07879300028093 : 18376805869938704531
@@@ mem[ 4896] = 00f6063340f70733 : 69249661473851187
@@@ mem[ 4904] = f3dff06ff6c378e3 : 17573028634695006435
@@@
@@@ mem[ 4992] = 000000380000000c : 240518168588
@@@ mem[ 5000] = 0000000b00000002 : 47244640258
@@@ mem[ 5008] = 0000005a00000001 : 386547056641
@@@
@@@ mem[ 5024] = 00003d80000016d0 : 67619965114064
@@@ mem[ 5032] = 00000000ffffffff : 4294967295
@@@
@@@ mem[ 5056] = 0000000000000005 : 5
@@@ mem[ 5064] = 0000000400000001 : 17179869185
@@@ mem[ 5072] = 0000000000000003 : 3
@@@ mem[ 5080] = 000016a80000169c : 24910810322588
@@@ mem[ 5088] = 000016c0000016b4 : 25013889537716
@@@ mem[ 5096] = 00000000000016cc : 5836
@@@ mem[ 5104] = 0000000100000001 : 4294967297
@@@ mem[ 5112] = 0000000000000001 : 1
@@@ mem[ 5120] = 0000000000000001 : 1
@@@
@@@ mem[ 5136] = 0000000100000001 : 4294967297
@@@
@@@ mem[ 5152] = 0000000100000000 : 4294967296
@@@ mem[ 5160] = 0000000000000001 : 1
@@@
@@@ mem[ 5176] = 0000000000000001 : 1
@@@ mem[ 5184] = 0000000100000001 : 4294967297
@@@ mem[ 5192] = 0000000000000001 : 1
@@@ mem[ 5200] = 0000000c00005450 : 51539629136
@@@ mem[ 5208] = 0000146c00000006 : 22454089023494
@@@ mem[ 5216] = 000054500000148c : 92702574122124
@@@ mem[ 5224] = 000014cc00000018 : 22866405883928
@@@ mem[ 5232] = 0000154c0000152c : 23416161703212
@@@ mem[ 5240] = 0000157c0000156c : 23622320133484
@@@ mem[ 5248] = 0000545000000000 : 92702574116864
@@@ mem[ 5256] = 0000000100000018 : 4294967320
@@@ mem[ 5264] = 0000000100000001 : 4294967297
@@@ mem[ 5272] = 0000000100000001 : 4294967297
@@@ mem[ 5280] = 0000545000000000 : 92702574116864
@@@ mem[ 5288] = 0000000100000008 : 4294967304
@@@ mem[ 5296] = 0000545000000000 : 92702574116864
@@@ mem[ 5304] = 0000000000000008 : 8
@@@ mem[ 5312] = 0000545000000000 : 92702574116864
@@@ mem[ 5320] = 0000000200000008 : 8589934600
@@@ mem[ 5328] = 00005450000014ac : 92702574122156
@@@ mem[ 5336] = 0000000000000008 : 8
@@@ mem[ 5344] = 0000545000000000 : 92702574116864
@@@ mem[ 5352] = 0000000200000008 : 8589934600
@@@ mem[ 5360] = 00005450000014bc : 92702574122172
@@@ mem[ 5368] = 0000000100000008 : 4294967304
@@@ mem[ 5376] = 00005450000014dc : 92702574122204
@@@ mem[ 5384] = 0000000400000008 : 17179869192
@@@ mem[ 5392] = 00005450000014ec : 92702574122220
@@@ mem[ 5400] = 0000000100000008 : 4294967304
@@@ mem[ 5408] = 0000545000000000 : 92702574116864
@@@ mem[ 5416] = 0000000300000008 : 12884901896
@@@ mem[ 5424] = 000054500000150c : 92702574122252
@@@ mem[ 5432] = 0000000100000008 : 4294967304
@@@ mem[ 5440] = 0000545000000000 : 92702574116864
@@@ mem[ 5448] = 0000000400000008 : 17179869192
@@@ mem[ 5456] = 00005450000014fc : 92702574122236
@@@ mem[ 5464] = 0000000200000008 : 8589934600
@@@ mem[ 5472] = 000054500000151c : 92702574122268
@@@ mem[ 5480] = 0000000400000008 : 17179869192
@@@ mem[ 5488] = 000054500000153c : 92702574122300
@@@ mem[ 5496] = 0000000300000008 : 12884901896
@@@ mem[ 5504] = 000054500000155c : 92702574122332
@@@ mem[ 5512] = 00000002000000a8 : 8589934760
@@@ mem[ 5520] = 0000000400000001 : 17179869185
@@@ mem[ 5528] = 0000000000000003 : 3
@@@
@@@ mem[ 5672] = ffffffff00000000 : 18446744069414584320
@@@ mem[ 5680] = 00005450ffffffff : 92706869084159
@@@ mem[ 5688] = 0000005a00000008 : 386547056648
@@@ mem[ 5696] = 0000545000000000 : 92702574116864
@@@ mem[ 5704] = 0000003800000008 : 240518168584
@@@ mem[ 5712] = 000054500000163c : 92702574122556
@@@ mem[ 5720] = 0000000c00000008 : 51539607560
@@@ mem[ 5728] = 000054500000164c : 92702574122572
@@@ mem[ 5736] = 0000000b00000008 : 47244640264
@@@ mem[ 5744] = 000054500000165c : 92702574122588
@@@ mem[ 5752] = 0000000200000008 : 8589934600
@@@ mem[ 5760] = 000054500000166c : 92702574122604
@@@ mem[ 5768] = 0000000100000008 : 4294967304
@@@ mem[ 5776] = 000054500000167c : 92702574122620
@@@ mem[ 5784] = 0000000000000004 : 4
@@@ mem[ 5792] = 0000000400005450 : 17179890768
@@@ mem[ 5800] = 0000545000000000 : 92702574116864
@@@ mem[ 5808] = 0000000000000004 : 4
@@@ mem[ 5816] = 0000000400005450 : 17179890768
@@@ mem[ 5824] = 0000545000000000 : 92702574116864
@@@ mem[ 5832] = 0000000000000004 : 4
@@@
@@@ mem[21584] = 0000000000005450 : 21584
@@@ mem[21592] = 0000000000005450 : 21584
@@@
@@@ mem[65256] = 0000157c00000000 : 23622320128000
@@@
@@@ mem[65272] = 0000158c00001574 : 23691039610228
@@@
@@@ mem[65288] = 0000168c00001584 : 24790551238020
@@@
@@@ mem[65304] = 0000545000001684 : 92702574122628
@@@
@@@ mem[65320] = 000016cc0000ff60 : 25065429204832
@@@
@@@ mem[65336] = 00005450000016c4 : 92702574122692
@@@
@@@ mem[65352] = 0000000141434280 : 5389894272
@@@ mem[65360] = 0000001000000000 : 68719476736
@@@ mem[65368] = 000011b80000ff80 : 19481971720064
@@@ mem[65376] = 000000b000000000 : 755914244096
@@@ mem[65384] = 000000024243414c : 9701638476
@@@ mem[65392] = 0000001000000000 : 68719476736
@@@ mem[65400] = 000011b80000ffa0 : 19481971720096
@@@ mem[65408] = 0000002000000000 : 137438953472
@@@ mem[65416] = 00000003414342c0 : 13979828928
@@@ mem[65424] = 0000000c00000000 : 51539607552
@@@ mem[65432] = 000011b80000ffc0 : 19481971720128
@@@ mem[65440] = 0000165c00000000 : 24584392802304
@@@ mem[65448] = 00000004424341d0 : 18291573200
@@@ mem[65456] = 0000000300000001 : 12884901889
@@@ mem[65464] = 000011b80000ffe0 : 19481971720160
@@@ mem[65472] = 0000000c0000168c : 51539613324
@@@ mem[65480] = 00000005414342f0 : 22569763568
@@@ mem[65488] = 000000010000000b : 4294967307
@@@ mem[65496] = 000011f80000fff0 : 19756849627120
@@@
@@@ mem[65512] = 0000123c00010000 : 20048907403264
@@@
@@@ mem[65528] = 0000009000000000 : 618475290624
@@@
@@               6253820 : System halted
@@
@@@ System halted on WFI instruction
@@@
@@
@@  20843 cycles / 11125 instrs = 1.873528 CPI
@@
@@  625260.00 ns total time to execute
@@

$finish called from file "test/pipeline_test.sv", line 296.
$finish at simulation time              6254820
           V C S   S i m u l a t i o n   R e p o r t 
Time: 625482000 ps
CPU Time:      0.490 seconds;       Data structure size:   0.1Mb
Wed Feb 28 16:37:58 2024
