Info: [VCS_SAVE_RESTORE_INFO] ASLR (Address Space Layout Randomization) is detected on the machine. To enable $save functionality, ASLR will be switched off and simv re-executed.
Please use '-no_save' simv switch to avoid re-execution or '-suppress=ASLR_DETECTED_INFO' to suppress this message.
Chronologic VCS simulator copyright 1991-2023
Contains Synopsys proprietary information.
Compiler version U-2023.03-SP2-1_Full64; Runtime version U-2023.03-SP2-1_Full64;  Feb 28 16:37 2024
Loading memory file: programs/insertionsort.mem
Using writeback output file: output/insertionsort.wb
Using pipeline output file: output/insertionsort.ppln
@@
@@
@@                     0  Asserting System reset......
@@
@@                     0 : System STILL at reset, can't show anything
@@
@@
@@                   300 : System STILL at reset, can't show anything
@@
@@
@@                   600 : System STILL at reset, can't show anything
@@
@@
@@                   900 : System STILL at reset, can't show anything
@@
@@                  1060  Deasserting System reset......
@@
@@
@@@ Unified Memory contents hex on left, decimal on right: 
@@@
@@@ mem[    0] = 0000009700000013 : 648540061715
@@@ mem[    8] = 0001011708c08093 : 282673419419795
@@@ mem[   16] = 00010413ff410113 : 285958910050579
@@@ mem[   24] = da81819300003197 : 15745008240624152983
@@@ mem[   32] = 0000029300000213 : 2830383448595
@@@ mem[   40] = 0000039300000313 : 3929895076627
@@@ mem[   48] = 0000051300000493 : 5579162518675
@@@ mem[   56] = 0000061300000593 : 6678674146707
@@@ mem[   64] = 0000071300000693 : 7778185774739
@@@ mem[   72] = 0000081300000793 : 8877697402771
@@@ mem[   80] = 0000091300000893 : 9977209030803
@@@ mem[   88] = 00000a1300000993 : 11076720658835
@@@ mem[   96] = 00000b1300000a93 : 12176232286867
@@@ mem[  104] = 00000c1300000b93 : 13275743914899
@@@ mem[  112] = 00000d1300000c93 : 14375255542931
@@@ mem[  120] = 00000e1300000d93 : 15474767170963
@@@ mem[  128] = 00000f1300000e93 : 16574278798995
@@@ mem[  136] = 13c0006f00000f93 : 1423137958990450579
@@@ mem[  144] = f701011300010117 : 17798508383460983063
@@@ mem[  152] = 00000013fea12c23 : 85876354083
@@@ mem[  160] = 0000001310500073 : 81878057075
@@@ mem[  168] = 0000001300000013 : 81604378643
@@@ mem[  176] = 02812e23fc010113 : 180476192158187795
@@@ mem[  184] = fca4262304010413 : 18204717525571273747
@@@ mem[  192] = fe042223fcb42423 : 18303792323499402275
@@@ mem[  200] = fe4427830dc0006f : 18321812627874906223
@@@ mem[  208] = fe442783fef42623 : 18321812631921632803
@@@ mem[  216] = fcc4270300279793 : 18213725686834108307
@@@ mem[  224] = 0007a78300f707b3 : 2154505935718323
@@@ mem[  232] = fe442783fef42423 : 18321812631921632291
@@@ mem[  240] = fef4202300178793 : 18371344114648582035
@@@ mem[  248] = fe04278304c0006f : 18303798229214429295
@@@ mem[  256] = fcc4270300279793 : 18213725686834108307
@@@ mem[  264] = 0007a78300f707b3 : 2154505935718323
@@@ mem[  272] = 02e7d263fe842703 : 209367234609686275
@@@ mem[  280] = fef42623fe042783 : 18371350715978491779
@@@ mem[  288] = 00279793fe042783 : 11144185969387395
@@@ mem[  296] = 00f707b3fcc42703 : 69532788868785923
@@@ mem[  304] = fef424230007a783 : 18371348512694052739
@@@ mem[  312] = 00178793fe042783 : 6622994155972483
@@@ mem[  320] = fe042703fef42023 : 18303797683656335395
@@@ mem[  328] = faf748e3fc842783 : 18084002972760811395
@@@ mem[  336] = 00279793fe442783 : 11144185973581699
@@@ mem[  344] = 00f707b3fcc42703 : 69532788868785923
@@@ mem[  352] = fcf42e230007a783 : 18227244319734474627
@@@ mem[  360] = 00279793fe442783 : 11144185973581699
@@@ mem[  368] = 00f707b3fcc42703 : 69532788868785923
@@@ mem[  376] = 00e7a023fe842703 : 65196796074534659
@@@ mem[  384] = 00279793fec42783 : 11144185981970307
@@@ mem[  392] = 00f707b3fcc42703 : 69532788868785923
@@@ mem[  400] = 00e7a023fdc42703 : 65196796061951747
@@@ mem[  408] = 00178793fe442783 : 6622994160166787
@@@ mem[  416] = fc842783fef42223 : 18195711842355257891
@@@ mem[  424] = fe442703fff78793 : 18321812082182817683
@@@ mem[  432] = 00000013f0f74ee3 : 85647118051
@@@ mem[  440] = 03c1240300000013 : 270537047922442259
@@@ mem[  448] = 0000806704010113 : 141179937161491
@@@ mem[  456] = 18112e23e6010113 : 1734218063231910163
@@@ mem[  464] = 1a01041318812c23 : 1873783400024845347
@@@ mem[  472] = 05c0006ffe042623 : 414331646721140259
@@@ mem[  480] = 0a4080e700000097 : 738732068514562199
@@@ mem[  488] = 8020173700050793 : 9232404761100486547
@@@ mem[  496] = 02e7973380370713 : 209302155146233619
@@@ mem[  504] = 4097569300f70733 : 4654283929287067443
@@@ mem[  512] = 40e686b341f7d713 : 4676573367534868243
@@@ mem[  520] = 00a7171300068713 : 47031691482924819
@@@ mem[  528] = 40e786b340d70733 : 4676854842492651315
@@@ mem[  536] = 00279793fec42783 : 11144185981970307
@@@ mem[  544] = 008787b3ff078793 : 38148329003517843
@@@ mem[  552] = fec42783e6d7a823 : 18357841428536076323
@@@ mem[  560] = fef4262300178793 : 18371350711718348691
@@@ mem[  568] = 06200793fec42703 : 441361095698163459
@@@ mem[  576] = e6040793fae7d0e3 : 16574380860781351139
@@@ mem[  584] = 0007851306300593 : 2116641591657875
@@@ mem[  592] = e60080e700000097 : 16573388358349226135
@@@ mem[  600] = 0007851300000793 : 2116641487849363
@@@ mem[  608] = 1981240319c12083 : 1837789718679462019
@@@ mem[  616] = 000080671a010113 : 141180306260243
@@@ mem[  624] = 5e07a783000027b7 : 6775568345484765111
@@@ mem[  632] = 0807ae2308a7ac23 : 578622542632692771
@@@ mem[  640] = ff01011300008067 : 18374969135764373607
@@@ mem[  648] = 00812423000027b7 : 36350004738140087
@@@ mem[  656] = 000027b75e07a403 : 43668510057475
@@@ mem[  664] = 098425030807a603 : 685713738217006595
@@@ mem[  672] = 0847a68309c42583 : 596628557384656259
@@@ mem[  680] = 0000209700112623 : 35832913274403
@@@ mem[  688] = 00150793cc0080e7 : 5919305875095783
@@@ mem[  696] = 00b505b300a7b533 : 50953237152904499
@@@ mem[  704] = 08f42c2300c12083 : 645189175468957827
@@@ mem[  712] = 0081240308b42e23 : 36349867445202467
@@@ mem[  720] = 0015551300159513 : 6004514605077779
@@@ mem[  728] = 0000806701010113 : 141179886829843
@@@ mem[  736] = 0000806700000513 : 141179869988115
@@@ mem[  744] = 000025b700002637 : 41467909252663
@@@ mem[  752] = 1c06061300002537 : 2019308161596400951
@@@ mem[  760] = 0a0505138d458593 : 721988896795493779
@@@ mem[  768] = 3b03006700000317 : 4252242915549512471
@@@ mem[  776] = ff01011300452583 : 18374969135768872323
@@@ mem[  784] = 00812423000027b7 : 36350004738140087
@@@ mem[  792] = 6187879300112623 : 7027734808966014499
@@@ mem[  800] = 00f5866300050413 : 69109129054323731
@@@ mem[  808] = 5ac080e700001097 : 6539368388567765143
@@@ mem[  816] = 000027b700842583 : 43666941158787
@@@ mem[  824] = 00f5886368078793 : 69111329822574483
@@@ mem[  832] = 0000109700040513 : 18240726369555
@@@ mem[  840] = 00c42583590080e7 : 55210341499437287
@@@ mem[  848] = 6e878793000027b7 : 7964483531457963959
@@@ mem[  856] = 0004051300f58e63 : 1131479085452899
@@@ mem[  864] = 00c1208300812403 : 54360417526424579
@@@ mem[  872] = 0000131701010113 : 20989522018579
@@@ mem[  880] = 00c1208356830067 : 54360418969387111
@@@ mem[  888] = 0101011300812403 : 72340250139108355
@@@ mem[  896] = 0000051300008067 : 5579162550375
@@@ mem[  904] = fe01011300008067 : 18302911541726445671
@@@ mem[  912] = 00812c23000007b7 : 36358800831154103
@@@ mem[  920] = 2e87879300002737 : 3352797513030575927
@@@ mem[  928] = 0000253700002437 : 40918153438263
@@@ mem[  936] = 00112e2361840413 : 4835804098855955
@@@ mem[  944] = 0121282300912a23 : 81390399067859491
@@@ mem[  952] = 0141242301312623 : 90393200286574115
@@@ mem[  960] = 0080061360f72023 : 36035477319917603
@@@ mem[  968] = 0000059300400793 : 6128922527635
@@@ mem[  976] = 00f4262367450513 : 68721827815687443
@@@ mem[  984] = 0004222300042023 : 1163433626312739
@@@ mem[  992] = 0604222300042423 : 433508997853881379
@@@ mem[ 1000] = 00042a2300042823 : 1172229719336995
@@@ mem[ 1008] = 0000009700042c23 : 648540335139
@@@ mem[ 1016] = 000107b777c080e7 : 289959546224871
@@@ mem[ 1024] = 000009b700000a37 : 10681583667767
@@@ mem[ 1032] = 000014b700001937 : 22776211577143
@@@ mem[ 1040] = 764a0a1300002537 : 8523636321472750903
@@@ mem[ 1048] = 85c909137cc98993 : 9640246456665868691
@@@ mem[ 1056] = 009787938d848493 : 42651789287523475
@@@ mem[ 1064] = 0000059300800613 : 6128926721555
@@@ mem[ 1072] = 034420236dc50513 : 235348417067681043
@@@ mem[ 1080] = 0324242303342223 : 226345614071570979
@@@ mem[ 1088] = 06f42a2302942623 : 501071788400453155
@@@ mem[ 1096] = 0604242300842e23 : 433511196885528099
@@@ mem[ 1104] = 0604282306042623 : 433515595024311843
@@@ mem[ 1112] = 06042c230c042623 : 433519993171486243
@@@ mem[ 1120] = 0804202306042e23 : 577621987007147555
@@@ mem[ 1128] = 708080e700000097 : 8106621058892693655
@@@ mem[ 1136] = 00002537000207b7 : 40918153562039
@@@ mem[ 1144] = 0127879300002737 : 83184183559595831
@@@ mem[ 1152] = 0080061368070713 : 36035477438400275
@@@ mem[ 1160] = 7445051300000593 : 8378108260955194771
@@@ mem[ 1168] = 0934262309442423 : 663196977051477027
@@@ mem[ 1176] = 08942a2309242823 : 618165378822187043
@@@ mem[ 1184] = 08e422230cf42e23 : 640674580929981987
@@@ mem[ 1192] = 0c042a230c042823 : 865863358375798819
@@@ mem[ 1200] = 12042a230c042c23 : 1298208922603367459
@@@ mem[ 1208] = 0e0422230e042023 : 1009969750392184867
@@@ mem[ 1216] = 000000970e042423 : 648775214115
@@@ mem[ 1224] = 000027b76ac080e7 : 43668723499239
@@@ mem[ 1232] = 0f4428236e878793 : 1100048341628585875
@@@ mem[ 1240] = 0f242c230f342a23 : 1091045538821057059
@@@ mem[ 1248] = 01c120830e942e23 : 126418011800481315
@@@ mem[ 1256] = 018124030ef42623 : 108407461587985955
@@@ mem[ 1264] = 0101290301412483 : 72384161897325699
@@@ mem[ 1272] = 00812a0300c12983 : 36356464381602179
@@@ mem[ 1280] = 0000806702010113 : 141179903607059
@@@ mem[ 1288] = 6007a783000027b7 : 6919683533560620983
@@@ mem[ 1296] = 01312623fe010113 : 85891803923939603
@@@ mem[ 1304] = 00812c2300112e23 : 36358800832278051
@@@ mem[ 1312] = 0121282300912a23 : 81390399067859491
@@@ mem[ 1320] = 0e078e6300050993 : 1010933197221202323
@@@ mem[ 1328] = 1c09091300002937 : 2020155885061417271
@@@ mem[ 1336] = 00492783fff00493 : 20591121187996819
@@@ mem[ 1344] = fff7879300892403 : 18444359864358085635
@@@ mem[ 1352] = 0840006f0007d863 : 594475627554789475
@@@ mem[ 1360] = 06978e6306840413 : 475004841673098259
@@@ mem[ 1368] = fff7879300c41703 : 18444359864361948931
@@@ mem[ 1376] = ffff07b7fe0718e3 : 18446471085555128547
@@@ mem[ 1384] = 00f4262300178793 : 68721826084652947
@@@ mem[ 1392] = 0004202306042223 : 1161234703720995
@@@ mem[ 1400] = 0004222300042423 : 1163433626313763
@@@ mem[ 1408] = 00042a2300042823 : 1172229719336995
@@@ mem[ 1416] = 0080061300042c23 : 36035475693382691
@@@ mem[ 1424] = 05c4051300000593 : 415462644787447187
@@@ mem[ 1432] = 5d8080e700000097 : 6737526772172062871
@@@ mem[ 1440] = 02042a2302042823 : 145287417828747299
@@@ mem[ 1448] = 0404242304042223 : 289396008868389411
@@@ mem[ 1456] = 0004051301c12083 : 1131479098794115
@@@ mem[ 1464] = 0141248301812403 : 90393612608676867
@@@ mem[ 1472] = 00c1298301012903 : 54370313139464451
@@@ mem[ 1480] = 0000806702010113 : 141179903607059
@@@ mem[ 1488] = 0004066300092403 : 1132922178970627
@@@ mem[ 1496] = f61ff06f00040913 : 17735158217140603155
@@@ mem[ 1504] = 000985131ac00593 : 2679591890060691
@@@ mem[ 1512] = adc080e700001097 : 12520148693715783831
@@@ mem[ 1520] = 0405006300050413 : 289638176237356051
@@@ mem[ 1528] = 0040079300c50513 : 18022726463980819
@@@ mem[ 1536] = 00f4222300042023 : 68717428036870179
@@@ mem[ 1544] = 1a00061300a42423 : 1873504123671028771
@@@ mem[ 1552] = 0000009700000593 : 648540063123
@@@ mem[ 1560] = 0089202355c080e7 : 38597407943983335
@@@ mem[ 1568] = f19ff06f00040913 : 17410899043969927443
@@@ mem[ 1576] = d64080e700000097 : 15438481252251861143
@@@ mem[ 1584] = 00092023f01ff06f : 2568613514965103
@@@ mem[ 1592] = 00f9a02300c00793 : 70263341397837715
@@@ mem[ 1600] = 03452783f71ff06f : 235638003247083631
@@@ mem[ 1608] = 0000806700078463 : 141179870479459
@@@ mem[ 1616] = 6007a703000027b7 : 6919682983804807095
@@@ mem[ 1624] = 30878793000007b7 : 3496912701106423735
@@@ mem[ 1632] = fe0714e302f52a23 : 18304622175710423587
@@@ mem[ 1640] = d243006700000317 : 15150954013786112791
@@@ mem[ 1648] = 0000806700008067 : 141179870019687
@@@ mem[ 1656] = 000005b700002637 : 6283537163831
@@@ mem[ 1664] = 2e0585931c060613 : 3316203567505081875
@@@ mem[ 1672] = 0000031700000513 : 3397319132435
@@@ mem[ 1680] = 0000263702430067 : 42017703002215
@@@ mem[ 1688] = 1c060613000005b7 : 2019308161596392887
@@@ mem[ 1696] = 0000051338458593 : 5580106597779
@@@ mem[ 1704] = 0083006700000317 : 36873664330728215
@@@ mem[ 1712] = 03212023fd010113 : 225496795285881107
@@@ mem[ 1720] = 01412c2301312e23 : 90401996379598371
@@@ mem[ 1728] = 0161282301512a23 : 99404797589924387
@@@ mem[ 1736] = 0211262301712623 : 148942194469840419
@@@ mem[ 1744] = 0291222302812423 : 184966593460118563
@@@ mem[ 1752] = 00058b9300050b13 : 1560838360337171
@@@ mem[ 1760] = 00000a1300060a93 : 11076721052307
@@@ mem[ 1768] = fff0091300100993 : 18442250451292260755
@@@ mem[ 1776] = 008aa403004aa483 : 39023879582819459
@@@ mem[ 1784] = 0204c863fff48493 : 145461419804230803
@@@ mem[ 1792] = 00f9fe6300c45783 : 70366970369038211
@@@ mem[ 1800] = 0004059300e41783 : 1132028840122243
@@@ mem[ 1808] = 01278663000b0513 : 83182877890250003
@@@ mem[ 1816] = 00aa6a33000b80e7 : 47967513317441767
@@@ mem[ 1824] = 06840413fff48493 : 469504745098478739
@@@ mem[ 1832] = 000aaa83fd249ce3 : 3002233631579363
@@@ mem[ 1840] = 02c12083fc0a90e3 : 198475609822367971
@@@ mem[ 1848] = 0241248302812403 : 162451206663382019
@@@ mem[ 1856] = 01c1298302012903 : 126427907194169603
@@@ mem[ 1864] = 01012b0301412a83 : 72386360920582787
@@@ mem[ 1872] = 000a051300c12b83 : 2820328942283651
@@@ mem[ 1880] = 0301011301812a03 : 216455438231742979
@@@ mem[ 1888] = ff01011300008067 : 18374969135764373607
@@@ mem[ 1896] = 0005841300812423 : 1552592031261731
@@@ mem[ 1904] = 0011262300e59583 : 4827006384838019
@@@ mem[ 1912] = 318080e700000097 : 3566992634503233687
@@@ mem[ 1920] = 0504278302054063 : 361457313724579939
@@@ mem[ 1928] = 00a787b300c12083 : 47155523992232067
@@@ mem[ 1936] = 0081240304f42823 : 36349867382286371
@@@ mem[ 1944] = 0000806701010113 : 141179886829843
@@@ mem[ 1952] = fffff73700c45783 : 18446734414340970371
@@@ mem[ 1960] = 00e7f7b3fff70713 : 65293072085747475
@@@ mem[ 1968] = 00f4162300c12083 : 68704233909723267
@@@ mem[ 1976] = 0101011300812403 : 72340250139108355
@@@ mem[ 1984] = 0000051300008067 : 5579162550375
@@@ mem[ 1992] = 00c5978300008067 : 55617159308542055
@@@ mem[ 2000] = 00812c23fe010113 : 36358805092630803
@@@ mem[ 2008] = 0121282300912a23 : 81390399067859491
@@@ mem[ 2016] = 00112e2301312623 : 4835802482812451
@@@ mem[ 2024] = 000584131007f713 : 1552592291755795
@@@ mem[ 2032] = 0006091300050493 : 1698827069621395
@@@ mem[ 2040] = 0407126300068993 : 290220917400177043
@@@ mem[ 2048] = fff70713fffff737 : 18444218581399893815
@@@ mem[ 2056] = 00e4158300e7f7b3 : 64199947090130867
@@@ mem[ 2064] = 0181240300f41623 : 108407461353100835
@@@ mem[ 2072] = 0009869301c12083 : 2681240738144387
@@@ mem[ 2080] = 00c1298300090613 : 54370313123202579
@@@ mem[ 2088] = 0004851301012903 : 1272216574568707
@@@ mem[ 2096] = 0201011301412483 : 144397844189619331
@@@ mem[ 2104] = 2c83006700000317 : 3207407801999557399
@@@ mem[ 2112] = 0020069300e59583 : 9014427699746179
@@@ mem[ 2120] = 0000009700000613 : 648540063251
@@@ mem[ 2128] = 00c417831d4080e7 : 55194947334209767
@@@ mem[ 2136] = ff010113fa9ff06f : 18374969139969126511
@@@ mem[ 2144] = 0005841300812423 : 1552592031261731
@@@ mem[ 2152] = 0011262300e59583 : 4827006384838019
@@@ mem[ 2160] = 1b0080e700000097 : 1945696768649855127
@@@ mem[ 2168] = 02f50863fff00793 : 213085782958671763
@@@ mem[ 2176] = 0000173700c45783 : 25525003507587
@@@ mem[ 2184] = 00e7e7b300c12083 : 65275475617980547
@@@ mem[ 2192] = 4107d79301079793 : 4685950963679729555
@@@ mem[ 2200] = 00f4162304a42823 : 68704233974933539
@@@ mem[ 2208] = 0101011300812403 : 72340250139108355
@@@ mem[ 2216] = 00c4578300008067 : 55265315587653735
@@@ mem[ 2224] = fff70713fffff737 : 18444218581399893815
@@@ mem[ 2232] = 0107979300e7f7b3 : 74194576506091443
@@@ mem[ 2240] = 00c120834107d793 : 54360418608994195
@@@ mem[ 2248] = 0081240300f41623 : 36349867315172899
@@@ mem[ 2256] = 0000806701010113 : 141179886829843
@@@ mem[ 2264] = 0000031700e59583 : 3397334177155
@@@ mem[ 2272] = ff01011300830067 : 18374969135772926055
@@@ mem[ 2280] = 0091222300812423 : 40851405350708259
@@@ mem[ 2288] = 000024b700050413 : 40368397943827
@@@ mem[ 2296] = 0011262300058513 : 4827006370153747
@@@ mem[ 2304] = 000010976004a223 : 18242337022499
@@@ mem[ 2312] = fff007934bc080e7 : 18442248803294675175
@@@ mem[ 2320] = 00c1208300f50c63 : 54360417534020707
@@@ mem[ 2328] = 0041248300812403 : 18336018553971715
@@@ mem[ 2336] = 0000806701010113 : 141179886829843
@@@ mem[ 2344] = fe0784e36044a783 : 18304745322578225027
@@@ mem[ 2352] = 00f4202300c12083 : 68715229026001027
@@@ mem[ 2360] = 0041248300812403 : 18336018553971715
@@@ mem[ 2368] = 0000806701010113 : 141179886829843
@@@ mem[ 2376] = 5e07a783000027b7 : 6775568345484765111
@@@ mem[ 2384] = 044525830ca78663 : 307693394327996003
@@@ mem[ 2392] = 00912a23fe010113 : 40860205696745747
@@@ mem[ 2400] = 0005049300112e23 : 1412404291382819
@@@ mem[ 2408] = 0121282306058063 : 81390399159369827
@@@ mem[ 2416] = 00812c2301312623 : 36358800851150371
@@@ mem[ 2424] = 0800099300000913 : 576471279268268307
@@@ mem[ 2432] = 0007a403012587b3 : 2150657648068531
@@@ mem[ 2440] = 0004059302040063 : 1132028858990691
@@@ mem[ 2448] = 0004851300042403 : 1272216557986819
@@@ mem[ 2456] = 410080e700000097 : 4683885342091116695
@@@ mem[ 2464] = 0444a583fe0416e3 : 307552660889016035
@@@ mem[ 2472] = fd391ae300490913 : 18246644927532960019
@@@ mem[ 2480] = 0000009700048513 : 648540357907
@@@ mem[ 2488] = 018124033f4080e7 : 108407462398296295
@@@ mem[ 2496] = 00c1298301012903 : 54370313139464451
@@@ mem[ 2504] = 000588630384a583 : 1557333725717891
@@@ mem[ 2512] = 0000009700048513 : 648540357907
@@@ mem[ 2520] = 04c4a5833d4080e7 : 343581454673936615
@@@ mem[ 2528] = 0004851300058863 : 1272216558078051
@@@ mem[ 2536] = 3c0080e700000097 : 4323597371901477015
@@@ mem[ 2544] = 00078c630344a783 : 2124681721456515
@@@ mem[ 2552] = 0004851301c12083 : 1272216587149443
@@@ mem[ 2560] = 0201011301412483 : 144397844189619331
@@@ mem[ 2568] = 01c1208300078067 : 126418011556380775
@@@ mem[ 2576] = 0201011301412483 : 144397844189619331
@@@ mem[ 2584] = 0000806700008067 : 141179870019687
@@@ mem[ 2592] = 00058713ff010113 : 1555894835937555
@@@ mem[ 2600] = 0091222300812423 : 40851405350708259
@@@ mem[ 2608] = 0005041300060593 : 1411854534837651
@@@ mem[ 2616] = 00068613000024b7 : 1836266022773943
@@@ mem[ 2624] = 0011262300070513 : 4827006370252051
@@@ mem[ 2632] = 000010976004a223 : 18242337022499
@@@ mem[ 2640] = fff007933bc080e7 : 18442248803026239719
@@@ mem[ 2648] = 00c1208300f50c63 : 54360417534020707
@@@ mem[ 2656] = 0041248300812403 : 18336018553971715
@@@ mem[ 2664] = 0000806701010113 : 141179886829843
@@@ mem[ 2672] = fe0784e36044a783 : 18304745322578225027
@@@ mem[ 2680] = 00f4202300c12083 : 68715229026001027
@@@ mem[ 2688] = 0041248300812403 : 18336018553971715
@@@ mem[ 2696] = 0000806701010113 : 141179886829843
@@@ mem[ 2704] = 00058713ff010113 : 1555894835937555
@@@ mem[ 2712] = 0091222300812423 : 40851405350708259
@@@ mem[ 2720] = 0005041300060593 : 1411854534837651
@@@ mem[ 2728] = 00068613000024b7 : 1836266022773943
@@@ mem[ 2736] = 0011262300070513 : 4827006370252051
@@@ mem[ 2744] = 000010976004a223 : 18242337022499
@@@ mem[ 2752] = fff00793394080e7 : 18442248802984296679
@@@ mem[ 2760] = 00c1208300f50c63 : 54360417534020707
@@@ mem[ 2768] = 0041248300812403 : 18336018553971715
@@@ mem[ 2776] = 0000806701010113 : 141179886829843
@@@ mem[ 2784] = fe0784e36044a783 : 18304745322578225027
@@@ mem[ 2792] = 00f4202300c12083 : 68715229026001027
@@@ mem[ 2800] = 0041248300812403 : 18336018553971715
@@@ mem[ 2808] = 0000806701010113 : 141179886829843
@@@ mem[ 2816] = 00058713ff010113 : 1555894835937555
@@@ mem[ 2824] = 0091222300812423 : 40851405350708259
@@@ mem[ 2832] = 0005041300060593 : 1411854534837651
@@@ mem[ 2840] = 00068613000024b7 : 1836266022773943
@@@ mem[ 2848] = 0011262300070513 : 4827006370252051
@@@ mem[ 2856] = 000010976004a223 : 18242337022499
@@@ mem[ 2864] = fff007933ec080e7 : 18442248803076571367
@@@ mem[ 2872] = 00c1208300f50c63 : 54360417534020707
@@@ mem[ 2880] = 0041248300812403 : 18336018553971715
@@@ mem[ 2888] = 0000806701010113 : 141179886829843
@@@ mem[ 2896] = fe0784e36044a783 : 18304745322578225027
@@@ mem[ 2904] = 00f4202300c12083 : 68715229026001027
@@@ mem[ 2912] = 0041248300812403 : 18336018553971715
@@@ mem[ 2920] = 0000806701010113 : 141179886829843
@@@ mem[ 2928] = 0005071300f00313 : 1415153085055763
@@@ mem[ 2936] = 00f7779302c37e63 : 69655792537796195
@@@ mem[ 2944] = 080592630a079063 : 578029081254662243
@@@ mem[ 2952] = 00f67613ff067693 : 69372672525891219
@@@ mem[ 2960] = 00b7202300e686b3 : 51545255449102003
@@@ mem[ 2968] = 00b7242300b72223 : 51549653492507171
@@@ mem[ 2976] = 0107071300b72623 : 74035697072678435
@@@ mem[ 2984] = 00061463fed766e3 : 1711269570111203
@@@ mem[ 2992] = 40c306b300008067 : 4666581004754911335
@@@ mem[ 3000] = 0000029700269693 : 2847565846163
@@@ mem[ 3008] = 00c68067005686b3 : 55873225264367283
@@@ mem[ 3016] = 00b706a300b70723 : 51517217899480867
@@@ mem[ 3024] = 00b705a300b70623 : 51516118387852835
@@@ mem[ 3032] = 00b704a300b70523 : 51515018876224803
@@@ mem[ 3040] = 00b703a300b70423 : 51513919364596771
@@@ mem[ 3048] = 00b702a300b70323 : 51512819852968739
@@@ mem[ 3056] = 00b701a300b70223 : 51511720341340707
@@@ mem[ 3064] = 00b700a300b70123 : 51510620829712675
@@@ mem[ 3072] = 0000806700b70023 : 141179881979939
@@@ mem[ 3080] = 008596930ff5f593 : 37601730274653587
@@@ mem[ 3088] = 0105969300d5e5b3 : 73630527039858099
@@@ mem[ 3096] = f6dff06f00d5e5b3 : 17789201412682802611
@@@ mem[ 3104] = 0000029700279693 : 2847565911699
@@@ mem[ 3112] = 00008293005686b3 : 143567877473971
@@@ mem[ 3120] = 00028093fa0680e7 : 704322996699367
@@@ mem[ 3128] = 40f70733ff078793 : 4681218257578330003
@@@ mem[ 3136] = f6c378e300f60633 : 17781188670157882931
@@@ mem[ 3144] = fe010113f3dff06f : 18302911545817952367
@@@ mem[ 3152] = 000029b701312623 : 45865975752227
@@@ mem[ 3160] = 00912a2300812c23 : 40860201443732515
@@@ mem[ 3168] = 0141242301212823 : 90393200285526051
@@@ mem[ 3176] = 00058a1300112e23 : 1559189093690915
@@@ mem[ 3184] = 1cc9899300050913 : 2074340367834351891
@@@ mem[ 3192] = c54080e700001097 : 14213502153607090327
@@@ mem[ 3200] = 000017b70089a703 : 26074755475203
@@@ mem[ 3208] = 00472483fef78793 : 20024872683407251
@@@ mem[ 3216] = ffc4f49300001737 : 18430124487304288055
@@@ mem[ 3224] = 4144043300f48433 : 4702888527987508275
@@@ mem[ 3232] = fff4041300c45413 : 18443370853652780051
@@@ mem[ 3240] = 02e4406300c41413 : 208362276724675603
@@@ mem[ 3248] = 0009051300000593 : 2538853952914835
@@@ mem[ 3256] = 0a4080e700001097 : 738732068514566295
@@@ mem[ 3264] = 009787b30089a783 : 42651924361226115
@@@ mem[ 3272] = 0009051302f50a63 : 2538854002526819
@@@ mem[ 3280] = c00080e700001097 : 13835199784907968663
@@@ mem[ 3288] = 0181240301c12083 : 108407461366538371
@@@ mem[ 3296] = 0101290301412483 : 72384161897325699
@@@ mem[ 3304] = 00812a0300c12983 : 36356464381602179
@@@ mem[ 3312] = 0201011300000513 : 144397844168574227
@@@ mem[ 3320] = 408005b300008067 : 4647721081803669607
@@@ mem[ 3328] = 0000109700090513 : 18240726697235
@@@ mem[ 3336] = fff00793058080e7 : 18442248802116075751
@@@ mem[ 3344] = 000027b704f50c63 : 43667015666787
@@@ mem[ 3352] = 0007a70375078793 : 2153958127142803
@@@ mem[ 3360] = 408484b30089a683 : 4648986619696227971
@@@ mem[ 3368] = 408707330014e493 : 4649693055909422227
@@@ mem[ 3376] = 0096a22300090513 : 42399517714744595
@@@ mem[ 3384] = 0000109700e7a023 : 18240741285923
@@@ mem[ 3392] = 01c12083b94080e7 : 126418014663901415
@@@ mem[ 3400] = 0141248301812403 : 90393612608676867
@@@ mem[ 3408] = 00c1298301012903 : 54370313139464451
@@@ mem[ 3416] = 0010051300812a03 : 4509178798352899
@@@ mem[ 3424] = 0000806702010113 : 141179903607059
@@@ mem[ 3432] = 0009051300000593 : 2538853952914835
@@@ mem[ 3440] = fec080e700001097 : 18356813810787946647
@@@ mem[ 3448] = 00f006930089a703 : 67561222849537795
@@@ mem[ 3456] = f4f6d4e340e507b3 : 17651529862036654003
@@@ mem[ 3464] = 5e46a683000026b7 : 6793300169505908407
@@@ mem[ 3472] = 00f722230017e793 : 69561852968298387
@@@ mem[ 3480] = 000026b740d50533 : 42568508572979
@@@ mem[ 3488] = f29ff06f74a6a823 : 17482956639964669987
@@@ mem[ 3496] = ff01011318058863 : 18374969136167356515
@@@ mem[ 3504] = 0091222300812423 : 40851405350708259
@@@ mem[ 3512] = 0005049300058413 : 1412404290618387
@@@ mem[ 3520] = 0000109700112623 : 18240727229987
@@@ mem[ 3528] = ffc42503b08080e7 : 18429896272883253479
@@@ mem[ 3536] = 000025b7ff840713 : 41472196085523
@@@ mem[ 3544] = 00f70633ffe57793 : 69531139653859219
@@@ mem[ 3552] = 004626831cc58593 : 19745592935024019
@@@ mem[ 3560] = ffc6f6930085a803 : 18430689636289718275
@@@ mem[ 3568] = 00d622231ac80663 : 60273179184596579
@@@ mem[ 3576] = 00d6083300157513 : 60244660153840915
@@@ mem[ 3584] = ff8423030a051263 : 18411879672557408867
@@@ mem[ 3592] = 0000253700482803 : 40918158157827
@@@ mem[ 3600] = 0087288340670733 : 38043666042259251
@@@ mem[ 3608] = 006787b31d450513 : 29141125961155859
@@@ mem[ 3616] = 14a8866300187813 : 1488587436607436819
@@@ mem[ 3624] = 0068a62300c72303 : 29456066845025027
@@@ mem[ 3632] = 1c08006301132423 : 2019864858095461411
@@@ mem[ 3640] = 00d722230017e693 : 60554653713557139
@@@ mem[ 3648] = 1ff0069300f62023 : 2301346638032412707
@@@ mem[ 3656] = ff87f69306f6ee63 : 18412956712865033827
@@@ mem[ 3664] = 0045a50300868693 : 19603205705336467
@@@ mem[ 3672] = 0006a60300d586b3 : 1871381689370291
@@@ mem[ 3680] = 001007930057d813 : 4511927574714387
@@@ mem[ 3688] = 00a7e7b3010797b3 : 47261077113116595
@@@ mem[ 3696] = 00a72623ff868513 : 47048257163396371
@@@ mem[ 3704] = 00f5a22300c72423 : 69139640514716707
@@@ mem[ 3712] = 00e6262300e6a023 : 64781176424276003
@@@ mem[ 3720] = 00c1208300812403 : 54360417526424579
@@@ mem[ 3728] = 0041248300048513 : 18336018545804563
@@@ mem[ 3736] = 0000131701010113 : 20989522018579
@@@ mem[ 3744] = 00482503a3430067 : 20306895877374055
@@@ mem[ 3752] = 0805086300157513 : 577877348483167507
@@@ mem[ 3760] = fed42e230017e693 : 18362352308556654227
@@@ mem[ 3768] = 1ff0069300f62023 : 2301346638032412707
@@@ mem[ 3776] = 0097d693f8f6f6e3 : 42738652508780259
@@@ mem[ 3784] = 12d6686300400613 : 1357387112114030099
@@@ mem[ 3792] = 039685130067d693 : 258540345278060179
@@@ mem[ 3800] = 0035151303868613 : 14941345173374483
@@@ mem[ 3808] = 0005268300a58533 : 1449718976972083
@@@ mem[ 3816] = 00d51863ff850513 : 59980987807106323
@@@ mem[ 3824] = 0086a6831640006f : 37900728823447663
@@@ mem[ 3832] = 0046a60300d50863 : 19885780198819939
@@@ mem[ 3840] = fec7e8e3ffc67613 : 18358898471945532947
@@@ mem[ 3848] = 00a7262300c6a503 : 47048252889408771
@@@ mem[ 3856] = 0081240300d72423 : 36349867313275939
@@@ mem[ 3864] = 00c1208300e52423 : 54360417532978211
@@@ mem[ 3872] = 0041248300048513 : 18336018545804563
@@@ mem[ 3880] = 0101011300e6a623 : 72340250145760803
@@@ mem[ 3888] = 9a03006700001317 : 11097714349152670487
@@@ mem[ 3896] = 0000253700008067 : 40918153461863
@@@ mem[ 3904] = 1d45051300d787b3 : 2109097579669587891
@@@ mem[ 3912] = 0ea6826300862683 : 1055674524387124867
@@@ mem[ 3920] = 0017e51300c62803 : 6725794244470787
@@@ mem[ 3928] = 0106a62300f70633 : 73929113168447027
@@@ mem[ 3936] = 00a7222300d82423 : 47043854844044323
@@@ mem[ 3944] = ed9ff06f00f62023 : 17122668667834081315
@@@ mem[ 3952] = 0086258314081263 : 37758891786244707
@@@ mem[ 3960] = 00f686b300c62603 : 69390947641075203
@@@ mem[ 3968] = 00c5a6230016e793 : 55633239667566483
@@@ mem[ 3976] = 00f7222300b62423 : 69561852978668579
@@@ mem[ 3984] = 00d7202300d70733 : 60552454702827315
@@@ mem[ 3992] = 00157513ef1ff06f : 6039702987599983
@@@ mem[ 4000] = 0205106300d786b3 : 145540580361340595
@@@ mem[ 4008] = 40a70733ff842503 : 4658700259449644291
@@@ mem[ 4016] = 0087260300c72783 : 38040916195747715
@@@ mem[ 4024] = 00f6262300a686b3 : 69284776047445683
@@@ mem[ 4032] = 000027b700c7a423 : 43666945582115
@@@ mem[ 4040] = 5e87a7830016e613 : 6811597142505219603
@@@ mem[ 4048] = 00e5a42300c72223 : 64638239910601251
@@@ mem[ 4056] = 000027b7eaf6e8e3 : 43670874548451
@@@ mem[ 4064] = 000485136107a583 : 1272218185606531
@@@ mem[ 4072] = c64080e700000097 : 14285559747645014167
@@@ mem[ 4080] = 00d787b3e99ff06f : 60666326781259887
@@@ mem[ 4088] = 01400613f51ff06f : 90078675334066287
@@@ mem[ 4096] = 0540061302d67063 : 378309047420874851
@@@ mem[ 4104] = 00c7d69306d66463 : 56249447328670819
@@@ mem[ 4112] = 06e6861306f68513 : 497232225150338323
@@@ mem[ 4120] = ec5ff06f00351513 : 17032596675274020115
@@@ mem[ 4128] = 05b6861305c68513 : 411663832210375955
@@@ mem[ 4136] = eb5ff06f00351513 : 16960539081236092179
@@@ mem[ 4144] = 00e5a82300e5aa23 : 64642637959113251
@@@ mem[ 4152] = 00a726230017e693 : 47048252877956755
@@@ mem[ 4160] = 00d7222300a72423 : 60554653722944547
@@@ mem[ 4168] = 00f7202300f70733 : 69559653959665459
@@@ mem[ 4176] = 0045a803e39ff06f : 19606508050313327
@@@ mem[ 4184] = 0010079340265613 : 4511928645211667
@@@ mem[ 4192] = 0107e7b300c797b3 : 74282674873145267
@@@ mem[ 4200] = ea1ff06f00f5a223 : 16870467088701301283
@@@ mem[ 4208] = 00d66c6315400613 : 60354817830159891
@@@ mem[ 4216] = 0786851300f7d693 : 542267121811838611
@@@ mem[ 4224] = 0035151307768613 : 14941345239434771
@@@ mem[ 4232] = 55400613e59ff06f : 6142916574259966063
@@@ mem[ 4240] = 0127d69300d66c63 : 83271044992232547
@@@ mem[ 4248] = 07c6861307d68513 : 560282619948205331
@@@ mem[ 4256] = e3dff06f00351513 : 16420107125951632659
@@@ mem[ 4264] = 07e006133f800513 : 567460232788182291
@@@ mem[ 4272] = 0017e693e31ff06f : 6727447309447279
@@@ mem[ 4280] = 00f6202300d72223 : 69278178980864547
@@@ mem[ 4288] = fd010113dc9ff06f : 18230853951389954159
@@@ mem[ 4296] = 0211262301312e23 : 148942194465648163
@@@ mem[ 4304] = 0291222302812423 : 184966593460118563
@@@ mem[ 4312] = 00b5879303212023 : 51096036267073571
@@@ mem[ 4320] = 0005099301600713 : 1417901871466259
@@@ mem[ 4328] = 0100079308f76663 : 72065922129946211
@@@ mem[ 4336] = 0000009720b7ee63 : 649088986723
@@@ mem[ 4344] = 018007937d8080e7 : 108094721104052455
@@@ mem[ 4352] = 0100049300200593 : 72062623446730131
@@@ mem[ 4360] = 1cc9091300002937 : 2074199080589863223
@@@ mem[ 4368] = 0047a40300f907b3 : 20165056154634163
@@@ mem[ 4376] = 36e40863ff878713 : 3955295598319994643
@@@ mem[ 4384] = 00c4268300442783 : 55211439522326403
@@@ mem[ 4392] = ffc7f79300842603 : 18430972210777957891
@@@ mem[ 4400] = 0047a70300f407b3 : 20168354689189811
@@@ mem[ 4408] = 00c6a42300d62623 : 55912515633554979
@@@ mem[ 4416] = 0009851300176713 : 2679591442802451
@@@ mem[ 4424] = 0000009700e7a223 : 648555242019
@@@ mem[ 4432] = 00840513784080e7 : 37160278105817319
@@@ mem[ 4440] = 0281240302c12083 : 180465055421243523
@@@ mem[ 4448] = 0201290302412483 : 144441755952030851
@@@ mem[ 4456] = 0301011301c12983 : 216455438235937155
@@@ mem[ 4464] = ff87f49300008067 : 18412954513724964967
@@@ mem[ 4472] = 18b4e8631807ca63 : 1780303265020758627
@@@ mem[ 4480] = 74c080e700000097 : 8412865833553887383
@@@ mem[ 4488] = 4097fe631f700793 : 4654468441593350035
@@@ mem[ 4496] = 180784630094d793 : 1731498142493628307
@@@ mem[ 4504] = 36f7606300400713 : 3960740375617865491
@@@ mem[ 4512] = 039785930064d793 : 258822370010388371
@@@ mem[ 4520] = 0035961303878813 : 15083182173423635
@@@ mem[ 4528] = 1cc9091300002937 : 2074199080589863223
@@@ mem[ 4536] = 0046240300c90633 : 19742843686422067
@@@ mem[ 4544] = 02860863ff860613 : 181842060536841747
@@@ mem[ 4552] = 0140006f00f00513 : 90072469304509715
@@@ mem[ 4560] = 2a07586300c42683 : 3028486456667809411
@@@ mem[ 4568] = 0006841300d60e63 : 1834067013537379
@@@ mem[ 4576] = ffc7f79300442783 : 18430972210773763971
@@@ mem[ 4584] = fee552e340978733 : 18367177791295162163
@@@ mem[ 4592] = 0109240300080593 : 74630464132351379
@@@ mem[ 4600] = 1d48081300002837 : 2109945303120488503
@@@ mem[ 4608] = 0044278327040e63 : 19183742665100899
@@@ mem[ 4616] = ffc7f79300f00693 : 18430972210785027731
@@@ mem[ 4624] = 3ae6c06340978733 : 4244291231361238835
@@@ mem[ 4632] = 0109282301092a23 : 74634999634668067
@@@ mem[ 4640] = 1ff0071336075263 : 2301347188678546019
@@@ mem[ 4648] = 26f7686300492503 : 2807827667104638211
@@@ mem[ 4656] = 00870713ff87f713 : 38006904328812307
@@@ mem[ 4664] = 0007268300e90733 : 2012668934817587
@@@ mem[ 4672] = 001007930057d613 : 4511927574713875
@@@ mem[ 4680] = 00f5653300c797b3 : 69072639024928691
@@@ mem[ 4688] = 00f42623ff870793 : 68721830370150291
@@@ mem[ 4696] = 00a9222300d42423 : 47606804797203491
@@@ mem[ 4704] = 0086a62300872023 : 37900316142149667
@@@ mem[ 4712] = 001006134025d793 : 4510279377737619
@@@ mem[ 4720] = 0ac56c6300f61633 : 776145683264968243
@@@ mem[ 4728] = 0207946300a677b3 : 146248665846413235
@@@ mem[ 4736] = ffc5f59300161613 : 18430407061794067987
@@@ mem[ 4744] = 0045859300a677b3 : 19568639810631603
@@@ mem[ 4752] = 0016161300079a63 : 6216720348322403
@@@ mem[ 4760] = 0045859300a677b3 : 19568639810631603
@@@ mem[ 4768] = 00f00893fe078ae3 : 67563426125679331
@@@ mem[ 4776] = 0069033300359313 : 29558390136345363
@@@ mem[ 4784] = 00c5278300030513 : 55494014006396179
@@@ mem[ 4792] = 26f5026300058e13 : 2807152566960754195
@@@ mem[ 4800] = 000784130047a703 : 2115541980915459
@@@ mem[ 4808] = ffc7771300c7a783 : 18430830923538212739
@@@ mem[ 4816] = 26d8c263409706b3 : 2799200899951953587
@@@ mem[ 4824] = 00e40733fe06c2e3 : 64184214576612067
@@@ mem[ 4832] = 0084260300472683 : 37196491257226883
@@@ mem[ 4840] = 0016e69300098513 : 6445968522839315
@@@ mem[ 4848] = 00f6262300d72223 : 69284776050631203
@@@ mem[ 4856] = 0000009700c7a423 : 648553145379
@@@ mem[ 4864] = 008405135d4080e7 : 37160277652832487
@@@ mem[ 4872] = 00c00793e51ff06f : 54051527314108527
@@@ mem[ 4880] = 0000051300f9a023 : 5579178876963
@@@ mem[ 4888] = 20000613e41ff06f : 2305849691715137647
@@@ mem[ 4896] = 03f0081304000593 : 283735654288852371
@@@ mem[ 4904] = 00892403e89ff06f : 38601671015657583
@@@ mem[ 4912] = 0044278301612823 : 19183742033668131
@@@ mem[ 4920] = 009b6863ffc7fb13 : 43743400092498707
@@@ mem[ 4928] = 00f00793409b0733 : 67562323436046131
@@@ mem[ 4936] = 000027b70ee7c663 : 43667182569059
@@@ mem[ 4944] = 00002cb701912223 : 49164516925987
@@@ mem[ 4952] = 5e4ca70301512a23 : 6794989569144072739
@@@ mem[ 4960] = 01412c236107aa83 : 90401997987490435
@@@ mem[ 4968] = fff0079301712623 : 18442248802047960611
@@@ mem[ 4976] = 01548ab301640a33 : 95853993508735539
@@@ mem[ 4984] = 000017b73ef70c63 : 26075802831971
@@@ mem[ 4992] = 00fa8ab300f78793 : 70521245597665171
@@@ mem[ 5000] = 00fafab3fffff7b7 : 70644395178719159
@@@ mem[ 5008] = 00098513000a8593 : 2679591441958291
@@@ mem[ 5016] = 9c4080e700001097 : 11259140798052044951
@@@ mem[ 5024] = 00050b93fff00793 : 1420105165571987
@@@ mem[ 5032] = 0181242348f50263 : 108407600000074339
@@@ mem[ 5040] = 00002c3725456c63 : 48615360130147
@@@ mem[ 5048] = 000c2583750c0c13 : 3418946255195155
@@@ mem[ 5056] = 00bc202300ba85b3 : 52952630329771443
@@@ mem[ 5064] = 2caa146300058713 : 3218407299144320787
@@@ mem[ 5072] = 2c07906301451793 : 3172663217403271059
@@@ mem[ 5080] = 015b07b300892b83 : 97680282308127619
@@@ mem[ 5088] = 00fba2230017e793 : 70828490363496339
@@@ mem[ 5096] = 60c7268300002737 : 6973584892089083703
@@@ mem[ 5104] = 60b7262300b6f463 : 6969080880156832867
@@@ mem[ 5112] = 6087268300002737 : 6955570493579601719
@@@ mem[ 5120] = 60b7242300b6f463 : 6969078681133577315
@@@ mem[ 5128] = 000b841300812c03 : 3241441891527683
@@@ mem[ 5136] = 40978733ffc7f793 : 4654337397315073939
@@@ mem[ 5144] = 00f007933a97ea63 : 67562323335178851
@@@ mem[ 5152] = 01812a033ae7d663 : 108414059395143267
@@@ mem[ 5160] = 00c12b8301412a83 : 54372512166914691
@@@ mem[ 5168] = 0014e79300412c83 : 5884118084693123
@@@ mem[ 5176] = 009404b300f42223 : 41663463414833699
@@@ mem[ 5184] = 0017671300992423 : 6587255776420899
@@@ mem[ 5192] = 00e4a22300098513 : 64354565898208531
@@@ mem[ 5200] = 480080e700000097 : 5188288500356612247
@@@ mem[ 5208] = 0084051302c12083 : 37160276134535299
@@@ mem[ 5216] = 01012b0302812403 : 72386360941552643
@@@ mem[ 5224] = 0201290302412483 : 144441755952030851
@@@ mem[ 5232] = 0301011301c12983 : 216455438235937155
@@@ mem[ 5240] = 0049250300008067 : 20588368115040359
@@@ mem[ 5248] = 00842603de9ff06f : 37196494987587695
@@@ mem[ 5256] = 00c7a403ca9ff06f : 56193856556757103
@@@ mem[ 5264] = d68780e300258593 : 15458465958420907411
@@@ mem[ 5272] = 0097d713c89ff06f : 42739201453584495
@@@ mem[ 5280] = 14e6f86300400693 : 1506164229491656339
@@@ mem[ 5288] = 34e6e46301400693 : 3811985248489571987
@@@ mem[ 5296] = 05b7069305c70613 : 411805119454578195
@@@ mem[ 5304] = 00c9063300361613 : 56583286435485203
@@@ mem[ 5312] = ff86061300062703 : 18412410805225400067
@@@ mem[ 5320] = 2ac0006f00e61863 : 3080462621877868643
@@@ mem[ 5328] = 00e6086300872703 : 64748465947092739
@@@ mem[ 5336] = ffc6f69300472683 : 18430689636285621891
@@@ mem[ 5344] = 00c72603fed7e8e3 : 56055318967740643
@@@ mem[ 5352] = 00e4242300c42623 : 64216027445339683
@@@ mem[ 5360] = 0087262300862423 : 38041053630440483
@@@ mem[ 5368] = 01400713d71ff06f : 90079774342377583
@@@ mem[ 5376] = 0540071310f77e63 : 378310147169549923
@@@ mem[ 5384] = 00c4d79330f76463 : 55406122616972387
@@@ mem[ 5392] = 06e7881306f78593 : 497515899150370195
@@@ mem[ 5400] = c95ff06f00359613 : 14510580883946575379
@@@ mem[ 5408] = 003e7793001e0e13 : 17582921801928211
@@@ mem[ 5416] = 1007866300850513 : 1155039589212423443
@@@ mem[ 5424] = d89ff06f00c52783 : 15609459193034385283
@@@ mem[ 5432] = 0014e59300842603 : 5881919065826819
@@@ mem[ 5440] = 00f6262300b42223 : 69284776048337443
@@@ mem[ 5448] = 009404b300c7a423 : 41663463411917859
@@@ mem[ 5456] = 0099282300992a23 : 43109802235734563
@@@ mem[ 5464] = 0104a6230016e793 : 73366163200337811
@@@ mem[ 5472] = 00f4a2230104a423 : 68858165542036515
@@@ mem[ 5480] = 0009851300e40733 : 2679591456212787
@@@ mem[ 5488] = 0000009700d72023 : 648554160163
@@@ mem[ 5496] = 0084051335c080e7 : 37160276990132455
@@@ mem[ 5504] = 00f407b3bd9ff06f : 68688362879316079
@@@ mem[ 5512] = 000985130047a703 : 2679591445964547
@@@ mem[ 5520] = 00e7a22300176713 : 65198990829250323
@@@ mem[ 5528] = 338080e700000097 : 3711107822579089559
@@@ mem[ 5536] = bb5ff06f00840513 : 13501774567420724499
@@@ mem[ 5544] = 008487930034d593 : 37303762359211411
@@@ mem[ 5552] = 0014e693b59ff06f : 5883021615951983
@@@ mem[ 5560] = 009404b300d42223 : 41663463412736547
@@@ mem[ 5568] = 0099282300992a23 : 43109802235734563
@@@ mem[ 5576] = 0104a62300176693 : 73366163200370323
@@@ mem[ 5584] = 00d4a2230104a423 : 59850966287295523
@@@ mem[ 5592] = 0009851300f407b3 : 2679591457261491
@@@ mem[ 5600] = 0000009700e7a023 : 648555241507
@@@ mem[ 5608] = 008405132ec080e7 : 37160276872691943
@@@ mem[ 5616] = 0067d713b69ff06f : 29228402269483119
@@@ mem[ 5624] = 0387069303970613 : 254179132459910675
@@@ mem[ 5632] = eb9ff06f00361613 : 16978553479745639955
@@@ mem[ 5640] = 0089240307240c63 : 38601667232664675
@@@ mem[ 5648] = 0044278300812c03 : 19183742018989059
@@@ mem[ 5656] = 05c78593df9ff06f : 416448360713547887
@@@ mem[ 5664] = 0035961305b78813 : 15083182210123795
@@@ mem[ 5672] = 00832783b89ff06f : 36916668640784495
@@@ mem[ 5680] = 28679863fff58593 : 2911463239381779859
@@@ mem[ 5688] = ff8303130035f793 : 18411563081763518355
@@@ mem[ 5696] = 00492703fe0796e3 : 20590571400173283
@@@ mem[ 5704] = 00e7f7b3fff64793 : 65293072085698451
@@@ mem[ 5712] = 0016161300f92223 : 6216720364151331
@@@ mem[ 5720] = cc0608e3ccc7eae3 : 14701447808083815139
@@@ mem[ 5728] = 00071a6300f67733 : 1999337357211443
@@@ mem[ 5736] = 00f6773300161613 : 69373905199306259
@@@ mem[ 5744] = fe070ae3004e0e13 : 18304611180549639699
@@@ mem[ 5752] = c2dff06f000e0593 : 14042206522697450899
@@@ mem[ 5760] = 750c0c1300002c37 : 8434129477902019639
@@@ mem[ 5768] = 00ea8733000c2703 : 66013797664171779
@@@ mem[ 5776] = 5e4ca68300ec2023 : 6794989019381637155
@@@ mem[ 5784] = 18f68e63fff00793 : 1798781661327918995
@@@ mem[ 5792] = 00e787b3414b87b3 : 65169923584526259
@@@ mem[ 5800] = 007bfc9300fc2023 : 34899130442326051
@@@ mem[ 5808] = 419b8bb30e0c8063 : 4727525835006574691
@@@ mem[ 5816] = 00878793000017b7 : 38148187285886903
@@@ mem[ 5824] = 419785b3008b8b93 : 4726393337803410323
@@@ mem[ 5832] = 415585b3015b8ab3 : 4707815989354138291
@@@ mem[ 5840] = 0145da1301459593 : 91719142591534483
@@@ mem[ 5848] = 00098513000a0593 : 2679591441925523
@@@ mem[ 5856] = 67c080e700000097 : 7476117111060824215
@@@ mem[ 5864] = 18f50663fff00793 : 1798350652769830803
@@@ mem[ 5872] = 01450ab341750533 : 91491132444575027
@@@ mem[ 5880] = 01792423000c2703 : 106155798963169027
@@@ mem[ 5888] = 00ea05b3001ae793 : 65871410909341587
@@@ mem[ 5896] = 00fba22300bc2023 : 70828490374258723
@@@ mem[ 5904] = 00f00693cd240ce3 : 67561226282208483
@@@ mem[ 5912] = 004427030b66f463 : 19183192446006371
@@@ mem[ 5920] = ff87f793ff4b0793 : 18412957816542922643
@@@ mem[ 5928] = 00f7673300177713 : 69637787990062867
@@@ mem[ 5936] = 0050061300e42223 : 22524676825948707
@@@ mem[ 5944] = 00c7222300f40733 : 56051054100612915
@@@ mem[ 5952] = 00f6e66300c72423 : 69496157160023075
@@@ mem[ 5960] = c9dff06f004ba783 : 14546609680966985603
@@@ mem[ 5968] = 0009851300840593 : 2679591449920915
@@@ mem[ 5976] = 650080e7fffff097 : 7277958731751485591
@@@ mem[ 5984] = 000c258300892b83 : 3418944300460931
@@@ mem[ 5992] = c7dff06f004ba783 : 14402494492891129731
@@@ mem[ 6000] = c1dff06f010a8a93 : 13970148928676072083
@@@ mem[ 6008] = 001007934026d693 : 4511928645244563
@@@ mem[ 6016] = 00f5653300d797b3 : 69072639025977267
@@@ mem[ 6024] = d5dff06f00a92223 : 15411300809428247075
@@@ mem[ 6032] = 40b005b3015b85b3 : 4661231880708523443
@@@ mem[ 6040] = 0145da1301459593 : 91719142591534483
@@@ mem[ 6048] = 00098513000a0593 : 2679591441925523
@@@ mem[ 6056] = 5b4080e700000097 : 6575397185586725015
@@@ mem[ 6064] = f2f51ee3fff00793 : 17506933091073001363
@@@ mem[ 6072] = f3dff06f00000a13 : 17573028630555003411
@@@ mem[ 6080] = 0010079300812c03 : 4511927577422851
@@@ mem[ 6088] = 0009851300fba223 : 2679591457759779
@@@ mem[ 6096] = 100080e700000097 : 1153063234232647831
@@@ mem[ 6104] = 01812a0300000513 : 108414058406872339
@@@ mem[ 6112] = 01012b0301412a83 : 72386360920582787
@@@ mem[ 6120] = 00412c8300c12b83 : 18344814651190147
@@@ mem[ 6128] = 05400693969ff06f : 378309599656145007
@@@ mem[ 6136] = 00c7d71304e6e463 : 56249997052011619
@@@ mem[ 6144] = 06e7069306f70613 : 497373512394540563
@@@ mem[ 6152] = cb1ff06f00361613 : 14636681673512982035
@@@ mem[ 6160] = 04f7646315400713 : 357865072120301331
@@@ mem[ 6168] = 0787859300f4d793 : 542549146544166803
@@@ mem[ 6176] = 0035961307778813 : 15083182239483923
@@@ mem[ 6184] = 00892403989ff06f : 38601669673480303
@@@ mem[ 6192] = bddff06f00442783 : 13681918552511358851
@@@ mem[ 6200] = e71ff06f5f7ca223 : 16654294308173423139
@@@ mem[ 6208] = 04e6e46315400693 : 353220735004575379
@@@ mem[ 6216] = 0787061300f7d713 : 542408958811821843
@@@ mem[ 6224] = 0036161307770693 : 15223919727806099
@@@ mem[ 6232] = 55400713c65ff06f : 6142917673247305839
@@@ mem[ 6240] = 0124d79304f76463 : 82427719642997859
@@@ mem[ 6248] = 07c7881307d78593 : 560566293948237203
@@@ mem[ 6256] = 93dff06f00359613 : 10655499602917430803
@@@ mem[ 6264] = 019a8ab3ff8c8c93 : 115557246142549139
@@@ mem[ 6272] = 00000a13417a8ab3 : 11077819206323
@@@ mem[ 6280] = 55400693e71ff06f : 6142917124040945775
@@@ mem[ 6288] = 0127d71302e6e463 : 83271594782680163
@@@ mem[ 6296] = 07c7069307d70613 : 560423907192407571
@@@ mem[ 6304] = c19ff06f00361613 : 13952134530152666643
@@@ mem[ 6312] = 07f005933f800613 : 571963282659739155
@@@ mem[ 6320] = 8fdff06f07e00813 : 10367269226894329875
@@@ mem[ 6328] = 07e006933f800613 : 567460782543996435
@@@ mem[ 6336] = 00492783bfdff06f : 20591120113201263
@@@ mem[ 6344] = 00008067d8dff06f : 141183508541551
@@@ mem[ 6352] = ff01011300008067 : 18374969135764373607
@@@ mem[ 6360] = 0121202300112623 : 81381602966447651
@@@ mem[ 6368] = 0081242302058863 : 36350004772046947
@@@ mem[ 6376] = 0005841300912223 : 1552592032309795
@@@ mem[ 6384] = 0005066300050493 : 1414397155411091
@@@ mem[ 6392] = 0e07886303452783 : 1010926600205969283
@@@ mem[ 6400] = 0207926300c41783 : 146246466825099139
@@@ mem[ 6408] = 0041248300812403 : 18336018553971715
@@@ mem[ 6416] = 0000091300c12083 : 9977221685379
@@@ mem[ 6424] = 0001290300090513 : 326567838942483
@@@ mem[ 6432] = 0000806701010113 : 141179886829843
@@@ mem[ 6440] = 0004851300040593 : 1272216557979027
@@@ mem[ 6448] = 0dc080e700000097 : 990933647647309975
@@@ mem[ 6456] = 0005091302c42783 : 1417352138991491
@@@ mem[ 6464] = 01c4258300078a63 : 127267934044654179
@@@ mem[ 6472] = 000780e700048513 : 2112054463071507
@@@ mem[ 6480] = 00c4578306054c63 : 55265315688631395
@@@ mem[ 6488] = 06079e630807f793 : 434490037238232979
@@@ mem[ 6496] = 00058e6303042583 : 1563930787063171
@@@ mem[ 6504] = 00f5886304040793 : 69111328144623507
@@@ mem[ 6512] = fffff09700048513 : 18446727130063865107
@@@ mem[ 6520] = 02042823434080e7 : 145285219899965671
@@@ mem[ 6528] = 00058a6304442583 : 1559532761523587
@@@ mem[ 6536] = fffff09700048513 : 18446727130063865107
@@@ mem[ 6544] = 0404222341c080e7 : 289393810880889063
@@@ mem[ 6552] = cd8080e7fffff097 : 14807977308714954903
@@@ mem[ 6560] = fffff09700041623 : 18446727130063836707
@@@ mem[ 6568] = 00c12083cd0080e7 : 54360420957323495
@@@ mem[ 6576] = 0041248300812403 : 18336018553971715
@@@ mem[ 6584] = 0001290300090513 : 326567838942483
@@@ mem[ 6592] = 0000806701010113 : 141179886829843
@@@ mem[ 6600] = fff0091300c45783 : 18442250451304077187
@@@ mem[ 6608] = f80786e30807f793 : 17872401955893540755
@@@ mem[ 6616] = 0004851301042583 : 1272216574764419
@@@ mem[ 6624] = 3c8080e7fffff097 : 4359626173215404183
@@@ mem[ 6632] = fffff097f79ff06f : 18446727134218023023
@@@ mem[ 6640] = f0dff06fc58080e7 : 17356855851754750183
@@@ mem[ 6648] = 00050593000027b7 : 1413503801894839
@@@ mem[ 6656] = 000003175e07a503 : 3398896690435
@@@ mem[ 6664] = 00c59703ed030067 : 55616613529092199
@@@ mem[ 6672] = 00812c23fe010113 : 36358805092630803
@@@ mem[ 6680] = 00112e2301312623 : 4835802482812451
@@@ mem[ 6688] = 0005841300877793 : 1552592031676307
@@@ mem[ 6696] = 1207926300050993 : 1299167971419425171
@@@ mem[ 6704] = 80078793000017b7 : 9225491427121698743
@@@ mem[ 6712] = 00f767b30045a683 : 69638337748903555
@@@ mem[ 6720] = 18d0546300f59623 : 1788021836260677155
@@@ mem[ 6728] = 0e08066302842803 : 1011065138658420739
@@@ mem[ 6736] = 0137169300912a23 : 87563538382531107
@@@ mem[ 6744] = 0009a0230009a483 : 2709346975327363
@@@ mem[ 6752] = 1806c06301c42583 : 1731282638234461571
@@@ mem[ 6760] = 0010069300000613 : 4510828057331219
@@@ mem[ 6768] = 000800e700098513 : 2252791951754515
@@@ mem[ 6776] = 00050613fff00793 : 1414057851619219
@@@ mem[ 6784] = 00c417831af50663 : 55194947295708771
@@@ mem[ 6792] = 01c4258302842803 : 127267934086375427
@@@ mem[ 6800] = 00078e630047f793 : 2126880694597523
@@@ mem[ 6808] = 0304278300442703 : 217342125619291907
@@@ mem[ 6816] = 0007866340e60633 : 2118085685675571
@@@ mem[ 6824] = 40f6063303c42783 : 4680935678874494851
@@@ mem[ 6832] = 0009851300000693 : 2679591441270419
@@@ mem[ 6840] = fff00793000800e7 : 18442248802024292583
@@@ mem[ 6848] = 0009a68312f51663 : 2716356679374435
@@@ mem[ 6856] = 00c4170301d00793 : 55194397118039955
@@@ mem[ 6864] = 204007b716d7ec63 : 2323865890666835043
@@@ mem[ 6872] = 00d7d7b300178793 : 60754283793450899
@@@ mem[ 6880] = 160782630017f793 : 1587380755386333075
@@@ mem[ 6888] = fffff7b701042603 : 18446734964100965891
@@@ mem[ 6896] = 00f777b37ff78793 : 69655932077311891
@@@ mem[ 6904] = 0004222300f41623 : 1163433642038819
@@@ mem[ 6912] = 0137179300c42023 : 87564637897498659
@@@ mem[ 6920] = 100684630007d463 : 1154755915204252771
@@@ mem[ 6928] = 0099a02303042583 : 43241743671633283
@@@ mem[ 6936] = 0404079310058663 : 289364604268938851
@@@ mem[ 6944] = 0009851300f58863 : 2679591457359971
@@@ mem[ 6952] = 280080e7fffff097 : 2882445495437881495
@@@ mem[ 6960] = 0204282301412483 : 145285218792711299
@@@ mem[ 6968] = 01c1208300000513 : 126418011555890451
@@@ mem[ 6976] = 00c1298301812403 : 54370313147851779
@@@ mem[ 6984] = 0000806702010113 : 141179903607059
@@@ mem[ 6992] = 0105a90301212823 : 73650799290427427
@@@ mem[ 7000] = 00912a2308090263 : 40860201570075235
@@@ mem[ 7008] = 003777130005a483 : 15612047207539843
@@@ mem[ 7016] = 412484b30125a023 : 4694022615980154915
@@@ mem[ 7024] = 0007146300000793 : 1992740271294355
@@@ mem[ 7032] = 00f424230145a783 : 68719627081197443
@@@ mem[ 7040] = 0540006f00904863 : 378302845449947235
@@@ mem[ 7048] = 0490566300a90933 : 328857756010875187
@@@ mem[ 7056] = 01c4258302442783 : 127267934082180995
@@@ mem[ 7064] = 0009061300048693 : 2539953464837779
@@@ mem[ 7072] = 000780e700098513 : 2112054463399187
@@@ mem[ 7080] = fca04ee340a484b3 : 18203636431780611251
@@@ mem[ 7088] = 0101290300c41703 : 72384161889130243
@@@ mem[ 7096] = 0141248304076713 : 90393612651030291
@@@ mem[ 7104] = fff0051300e41623 : 18442246053259646499
@@@ mem[ 7112] = 03c5a683f75ff06f : 271806438246969455
@@@ mem[ 7120] = f65ff06fe6d04ce3 : 17753172619522231523
@@@ mem[ 7128] = 0101290301412483 : 72384161897325699
@@@ mem[ 7136] = 05042603f59ff06f : 361455668544139375
@@@ mem[ 7144] = 00c41703ea9ff06f : 55194401023979631
@@@ mem[ 7152] = fffff7b701042683 : 18446734964100966019
@@@ mem[ 7160] = 00f777b37ff78793 : 69655932077311891
@@@ mem[ 7168] = 0004222300f41623 : 1163433642038819
@@@ mem[ 7176] = 0137179300d42023 : 87564637898547235
@@@ mem[ 7184] = 03042583f007d0e3 : 217339930618613987
@@@ mem[ 7192] = 0099a02304a42823 : 43241743698896931
@@@ mem[ 7200] = 01412483ee059ee3 : 90393616576782051
@@@ mem[ 7208] = 0009a783f11ff06f : 2717459918352495
@@@ mem[ 7216] = 01d00713e4078ae3 : 130612171205216995
@@@ mem[ 7224] = 0160071300e78c63 : 99086970003098723
@@@ mem[ 7232] = 00c4170300e78863 : 55194397102803043
@@@ mem[ 7240] = f71ff06f04076713 : 17807215811245860627
@@@ mem[ 7248] = 014124830099a023 : 90393612593504291
@@@ mem[ 7256] = fe010113ee1ff06f : 18302911545721483375
@@@ mem[ 7264] = 00112e2300812c23 : 4835802471279651
@@@ mem[ 7272] = 0005066300050413 : 1414397155410963
@@@ mem[ 7280] = 02078c6303452783 : 146239869797345155
@@@ mem[ 7288] = 00079c6300c59783 : 2142273865619331
@@@ mem[ 7296] = 0181240301c12083 : 108407461366538371
@@@ mem[ 7304] = 0201011300000513 : 144397844168574227
@@@ mem[ 7312] = 0004051300008067 : 1131479069392999
@@@ mem[ 7320] = 01c1208301812403 : 126418011581129731
@@@ mem[ 7328] = 0000031702010113 : 3397352751379
@@@ mem[ 7336] = 00b12623d6830067 : 49863006242406503
@@@ mem[ 7344] = 994080e7fffff097 : 11042968020233220247
@@@ mem[ 7352] = fbdff06f00c12583 : 18149489382871082371
@@@ mem[ 7360] = 000027b706050663 : 43667033491043
@@@ mem[ 7368] = 5e07a50300050593 : 6775565596706014611
@@@ mem[ 7376] = 0345278300050663 : 235637999101347427
@@@ mem[ 7384] = 00c5978300078e63 : 55617159309004387
@@@ mem[ 7392] = 0000051300079663 : 5579163014755
@@@ mem[ 7400] = 0000031700008067 : 3397319164007
@@@ mem[ 7408] = fe010113d2030067 : 18302911545249824871
@@@ mem[ 7416] = 00a1242300b12623 : 45357204004480547
@@@ mem[ 7424] = fffff09700112e23 : 18446727130064694819
@@@ mem[ 7432] = 00c12583940080e7 : 54365917559161063
@@@ mem[ 7440] = 00c5978300812503 : 55617159316972803
@@@ mem[ 7448] = 01c1208302079a63 : 126418011589941859
@@@ mem[ 7456] = 0201011300000513 : 144397844168574227
@@@ mem[ 7464] = 0000263700008067 : 42017665089639
@@@ mem[ 7472] = 00002537000025b7 : 40918153438647
@@@ mem[ 7480] = c5c585931c060613 : 14250943462760646163
@@@ mem[ 7488] = fffff3170a050513 : 18446729879010739475
@@@ mem[ 7496] = 01c1208396c30067 : 126418014085251175
@@@ mem[ 7504] = 0000031702010113 : 3397352751379
@@@ mem[ 7512] = ff010113cb830067 : 18374969139178700903
@@@ mem[ 7520] = 0091222300812423 : 40851405350708259
@@@ mem[ 7528] = 000024b700050413 : 40368397943827
@@@ mem[ 7536] = 0011262300058513 : 4827006370153747
@@@ mem[ 7544] = 000000976004a223 : 650150978083
@@@ mem[ 7552] = fff0079311c080e7 : 18442248802321596647
@@@ mem[ 7560] = 00c1208300f50c63 : 54360417534020707
@@@ mem[ 7568] = 0041248300812403 : 18336018553971715
@@@ mem[ 7576] = 0000806701010113 : 141179886829843
@@@ mem[ 7584] = fe0784e36044a783 : 18304745322578225027
@@@ mem[ 7592] = 00f4202300c12083 : 68715229026001027
@@@ mem[ 7600] = 0041248300812403 : 18336018553971715
@@@ mem[ 7608] = 0000806701010113 : 141179886829843
@@@ mem[ 7616] = 00112623ff010113 : 4827010648047891
@@@ mem[ 7624] = 0390089300812423 : 256714606221796387
@@@ mem[ 7632] = 0005041300000073 : 1411854534443123
@@@ mem[ 7640] = 00c1208300054c63 : 54360417518308451
@@@ mem[ 7648] = 0081240300040513 : 36349867299439891
@@@ mem[ 7656] = 0000806701010113 : 141179886829843
@@@ mem[ 7664] = 0000009740800433 : 649622193203
@@@ mem[ 7672] = 0085202316c080e7 : 37471506980176103
@@@ mem[ 7680] = fd9ff06ffff00413 : 18275590176718717971
@@@ mem[ 7688] = 00112623ff010113 : 4827010648047891
@@@ mem[ 7696] = 03e0089300812423 : 279232604358648867
@@@ mem[ 7704] = 0005041300000073 : 1411854534443123
@@@ mem[ 7712] = 00c1208300054c63 : 54360417518308451
@@@ mem[ 7720] = 0081240300040513 : 36349867299439891
@@@ mem[ 7728] = 0000806701010113 : 141179886829843
@@@ mem[ 7736] = 0000009740800433 : 649622193203
@@@ mem[ 7744] = 00852023124080e7 : 37471506904678631
@@@ mem[ 7752] = fd9ff06ffff00413 : 18275590176718717971
@@@ mem[ 7760] = 00112623ff010113 : 4827010648047891
@@@ mem[ 7768] = 03f0089300812423 : 283736203986019363
@@@ mem[ 7776] = 0005041300000073 : 1411854534443123
@@@ mem[ 7784] = 00c1208300054c63 : 54360417518308451
@@@ mem[ 7792] = 0081240300040513 : 36349867299439891
@@@ mem[ 7800] = 0000806701010113 : 141179886829843
@@@ mem[ 7808] = 0000009740800433 : 649622193203
@@@ mem[ 7816] = 008520230dc080e7 : 37471506829181159
@@@ mem[ 7824] = fd9ff06ffff00413 : 18275590176718717971
@@@ mem[ 7832] = 6146a703000026b7 : 7009473501375506103
@@@ mem[ 7840] = 00112623ff010113 : 4827010648047891
@@@ mem[ 7848] = 0207106300050793 : 146103530300966803
@@@ mem[ 7856] = 000005130d600893 : 5579386914963
@@@ mem[ 7864] = fff0061300000073 : 18442247152756326515
@@@ mem[ 7872] = 02c50a6300050713 : 199577178806224659
@@@ mem[ 7880] = 0d60089360a6aa23 : 963779749332036131
@@@ mem[ 7888] = 0000007300e78533 : 493936411955
@@@ mem[ 7896] = 00e787b36146a703 : 65169924121077507
@@@ mem[ 7904] = 00c1208300f51c63 : 54360417534024803
@@@ mem[ 7912] = 0007051360a6aa23 : 1975905621027363
@@@ mem[ 7920] = 0000806701010113 : 141179886829843
@@@ mem[ 7928] = 068080e700000097 : 468516090872332439
@@@ mem[ 7936] = 00c0079300c12083 : 54051523482689667
@@@ mem[ 7944] = fff0051300f52023 : 18442246053260763171
@@@ mem[ 7952] = 0000806701010113 : 141179886829843
@@@ mem[ 7960] = 00112623ff010113 : 4827010648047891
@@@ mem[ 7968] = 0400089300812423 : 288239803613389859
@@@ mem[ 7976] = 0005041300000073 : 1411854534443123
@@@ mem[ 7984] = 00c1208300054c63 : 54360417518308451
@@@ mem[ 7992] = 0081240300040513 : 36349867299439891
@@@ mem[ 8000] = 0000806701010113 : 141179886829843
@@@ mem[ 8008] = 0000009740800433 : 649622193203
@@@ mem[ 8016] = 00852023014080e7 : 37471506619465959
@@@ mem[ 8024] = fd9ff06ffff00413 : 18275590176718717971
@@@ mem[ 8032] = 5e07a503000027b7 : 6775565596705695671
@@@ mem[ 8040] = 00050e1300008067 : 1422849650753639
@@@ mem[ 8048] = 00068313ff010113 : 1832971766137107
@@@ mem[ 8056] = 0006051300112623 : 1694429023905315
@@@ mem[ 8064] = 00060693000e0893 : 1696078291142803
@@@ mem[ 8072] = 0000079300000713 : 8327941588755
@@@ mem[ 8080] = 0016fe9300000813 : 6472356801284115
@@@ mem[ 8088] = 000e8a6300171613 : 4092807481857555
@@@ mem[ 8096] = 00e787b301088833 : 65169922506393651
@@@ mem[ 8104] = 00f707b301183733 : 69532784646436659
@@@ mem[ 8112] = 0016d69301f8d713 : 6428376369256211
@@@ mem[ 8120] = 0018989300e66733 : 6923156583769907
@@@ mem[ 8128] = 00058863fc069ae3 : 1557337894984419
@@@ mem[ 8136] = 038080e700000097 : 252343308758548631
@@@ mem[ 8144] = 00030c6300a787b3 : 858044282406835
@@@ mem[ 8152] = 00030593000e0513 : 850553849382163
@@@ mem[ 8160] = 020080e700000097 : 144256917701656727
@@@ mem[ 8168] = 00c1208300f507b3 : 54360417534019507
@@@ mem[ 8176] = 0007859300080513 : 2117191244186899
@@@ mem[ 8184] = 0000806701010113 : 141179886829843
@@@ mem[ 8192] = 0000051300050613 : 5579162846739
@@@ mem[ 8200] = 000684630015f693 : 1834410598332051
@@@ mem[ 8208] = 0015d59300c50533 : 6145801860744499
@@@ mem[ 8216] = fe0596e300161613 : 18304202162220439059
@@@ mem[ 8224] = 0000000000008067 : 32871
@@@
@@@ mem[ 8320] = 5851f42d4c957f2d : 6364136223846793005
@@@
@@@ mem[ 8352] = 0000261800000000 : 41884521070592
@@@ mem[ 8360] = 000026e800002680 : 42777874278016
@@@
@@@ mem[ 8504] = c6755a5b8666f82c : 14300435540928297004
@@@ mem[ 8512] = e66d1234abcd330e : 16603947418614838030
@@@ mem[ 8520] = 0000000b0005deec : 47245025004
@@@
@@@ mem[ 8640] = 0000000300000000 : 12884901888
@@@ mem[ 8648] = 0000000000002618 : 9752
@@@ mem[ 8656] = 000021cc00000000 : 37160057044992
@@@ mem[ 8664] = 000021d4000021cc : 37194416792012
@@@ mem[ 8672] = 000021dc000021d4 : 37228776530388
@@@ mem[ 8680] = 000021e4000021dc : 37263136268764
@@@ mem[ 8688] = 000021ec000021e4 : 37297496007140
@@@ mem[ 8696] = 000021f4000021ec : 37331855745516
@@@ mem[ 8704] = 000021fc000021f4 : 37366215483892
@@@ mem[ 8712] = 00002204000021fc : 37400575222268
@@@ mem[ 8720] = 0000220c00002204 : 37434934960644
@@@ mem[ 8728] = 000022140000220c : 37469294699020
@@@ mem[ 8736] = 0000221c00002214 : 37503654437396
@@@ mem[ 8744] = 000022240000221c : 37538014175772
@@@ mem[ 8752] = 0000222c00002224 : 37572373914148
@@@ mem[ 8760] = 000022340000222c : 37606733652524
@@@ mem[ 8768] = 0000223c00002234 : 37641093390900
@@@ mem[ 8776] = 000022440000223c : 37675453129276
@@@ mem[ 8784] = 0000224c00002244 : 37709812867652
@@@ mem[ 8792] = 000022540000224c : 37744172606028
@@@ mem[ 8800] = 0000225c00002254 : 37778532344404
@@@ mem[ 8808] = 000022640000225c : 37812892082780
@@@ mem[ 8816] = 0000226c00002264 : 37847251821156
@@@ mem[ 8824] = 000022740000226c : 37881611559532
@@@ mem[ 8832] = 0000227c00002274 : 37915971297908
@@@ mem[ 8840] = 000022840000227c : 37950331036284
@@@ mem[ 8848] = 0000228c00002284 : 37984690774660
@@@ mem[ 8856] = 000022940000228c : 38019050513036
@@@ mem[ 8864] = 0000229c00002294 : 38053410251412
@@@ mem[ 8872] = 000022a40000229c : 38087769989788
@@@ mem[ 8880] = 000022ac000022a4 : 38122129728164
@@@ mem[ 8888] = 000022b4000022ac : 38156489466540
@@@ mem[ 8896] = 000022bc000022b4 : 38190849204916
@@@ mem[ 8904] = 000022c4000022bc : 38225208943292
@@@ mem[ 8912] = 000022cc000022c4 : 38259568681668
@@@ mem[ 8920] = 000022d4000022cc : 38293928420044
@@@ mem[ 8928] = 000022dc000022d4 : 38328288158420
@@@ mem[ 8936] = 000022e4000022dc : 38362647896796
@@@ mem[ 8944] = 000022ec000022e4 : 38397007635172
@@@ mem[ 8952] = 000022f4000022ec : 38431367373548
@@@ mem[ 8960] = 000022fc000022f4 : 38465727111924
@@@ mem[ 8968] = 00002304000022fc : 38500086850300
@@@ mem[ 8976] = 0000230c00002304 : 38534446588676
@@@ mem[ 8984] = 000023140000230c : 38568806327052
@@@ mem[ 8992] = 0000231c00002314 : 38603166065428
@@@ mem[ 9000] = 000023240000231c : 38637525803804
@@@ mem[ 9008] = 0000232c00002324 : 38671885542180
@@@ mem[ 9016] = 000023340000232c : 38706245280556
@@@ mem[ 9024] = 0000233c00002334 : 38740605018932
@@@ mem[ 9032] = 000023440000233c : 38774964757308
@@@ mem[ 9040] = 0000234c00002344 : 38809324495684
@@@ mem[ 9048] = 000023540000234c : 38843684234060
@@@ mem[ 9056] = 0000235c00002354 : 38878043972436
@@@ mem[ 9064] = 000023640000235c : 38912403710812
@@@ mem[ 9072] = 0000236c00002364 : 38946763449188
@@@ mem[ 9080] = 000023740000236c : 38981123187564
@@@ mem[ 9088] = 0000237c00002374 : 39015482925940
@@@ mem[ 9096] = 000023840000237c : 39049842664316
@@@ mem[ 9104] = 0000238c00002384 : 39084202402692
@@@ mem[ 9112] = 000023940000238c : 39118562141068
@@@ mem[ 9120] = 0000239c00002394 : 39152921879444
@@@ mem[ 9128] = 000023a40000239c : 39187281617820
@@@ mem[ 9136] = 000023ac000023a4 : 39221641356196
@@@ mem[ 9144] = 000023b4000023ac : 39256001094572
@@@ mem[ 9152] = 000023bc000023b4 : 39290360832948
@@@ mem[ 9160] = 000023c4000023bc : 39324720571324
@@@ mem[ 9168] = 000023cc000023c4 : 39359080309700
@@@ mem[ 9176] = 000023d4000023cc : 39393440048076
@@@ mem[ 9184] = 000023dc000023d4 : 39427799786452
@@@ mem[ 9192] = 000023e4000023dc : 39462159524828
@@@ mem[ 9200] = 000023ec000023e4 : 39496519263204
@@@ mem[ 9208] = 000023f4000023ec : 39530879001580
@@@ mem[ 9216] = 000023fc000023f4 : 39565238739956
@@@ mem[ 9224] = 00002404000023fc : 39599598478332
@@@ mem[ 9232] = 0000240c00002404 : 39633958216708
@@@ mem[ 9240] = 000024140000240c : 39668317955084
@@@ mem[ 9248] = 0000241c00002414 : 39702677693460
@@@ mem[ 9256] = 000024240000241c : 39737037431836
@@@ mem[ 9264] = 0000242c00002424 : 39771397170212
@@@ mem[ 9272] = 000024340000242c : 39805756908588
@@@ mem[ 9280] = 0000243c00002434 : 39840116646964
@@@ mem[ 9288] = 000024440000243c : 39874476385340
@@@ mem[ 9296] = 0000244c00002444 : 39908836123716
@@@ mem[ 9304] = 000024540000244c : 39943195862092
@@@ mem[ 9312] = 0000245c00002454 : 39977555600468
@@@ mem[ 9320] = 000024640000245c : 40011915338844
@@@ mem[ 9328] = 0000246c00002464 : 40046275077220
@@@ mem[ 9336] = 000024740000246c : 40080634815596
@@@ mem[ 9344] = 0000247c00002474 : 40114994553972
@@@ mem[ 9352] = 000024840000247c : 40149354292348
@@@ mem[ 9360] = 0000248c00002484 : 40183714030724
@@@ mem[ 9368] = 000024940000248c : 40218073769100
@@@ mem[ 9376] = 0000249c00002494 : 40252433507476
@@@ mem[ 9384] = 000024a40000249c : 40286793245852
@@@ mem[ 9392] = 000024ac000024a4 : 40321152984228
@@@ mem[ 9400] = 000024b4000024ac : 40355512722604
@@@ mem[ 9408] = 000024bc000024b4 : 40389872460980
@@@ mem[ 9416] = 000024c4000024bc : 40424232199356
@@@ mem[ 9424] = 000024cc000024c4 : 40458591937732
@@@ mem[ 9432] = 000024d4000024cc : 40492951676108
@@@ mem[ 9440] = 000024dc000024d4 : 40527311414484
@@@ mem[ 9448] = 000024e4000024dc : 40561671152860
@@@ mem[ 9456] = 000024ec000024e4 : 40596030891236
@@@ mem[ 9464] = 000024f4000024ec : 40630390629612
@@@ mem[ 9472] = 000024fc000024f4 : 40664750367988
@@@ mem[ 9480] = 00002504000024fc : 40699110106364
@@@ mem[ 9488] = 0000250c00002504 : 40733469844740
@@@ mem[ 9496] = 000025140000250c : 40767829583116
@@@ mem[ 9504] = 0000251c00002514 : 40802189321492
@@@ mem[ 9512] = 000025240000251c : 40836549059868
@@@ mem[ 9520] = 0000252c00002524 : 40870908798244
@@@ mem[ 9528] = 000025340000252c : 40905268536620
@@@ mem[ 9536] = 0000253c00002534 : 40939628274996
@@@ mem[ 9544] = 000025440000253c : 40973988013372
@@@ mem[ 9552] = 0000254c00002544 : 41008347751748
@@@ mem[ 9560] = 000025540000254c : 41042707490124
@@@ mem[ 9568] = 0000255c00002554 : 41077067228500
@@@ mem[ 9576] = 000025640000255c : 41111426966876
@@@ mem[ 9584] = 0000256c00002564 : 41145786705252
@@@ mem[ 9592] = 000025740000256c : 41180146443628
@@@ mem[ 9600] = 0000257c00002574 : 41214506182004
@@@ mem[ 9608] = 000025840000257c : 41248865920380
@@@ mem[ 9616] = 0000258c00002584 : 41283225658756
@@@ mem[ 9624] = 000025940000258c : 41317585397132
@@@ mem[ 9632] = 0000259c00002594 : 41351945135508
@@@ mem[ 9640] = 000025a40000259c : 41386304873884
@@@ mem[ 9648] = 000025ac000025a4 : 41420664612260
@@@ mem[ 9656] = 000025b4000025ac : 41455024350636
@@@ mem[ 9664] = 000025bc000025b4 : 41489384089012
@@@ mem[ 9672] = 000025c4000025bc : 41523743827388
@@@ mem[ 9680] = 00000000000025c4 : 9668
@@@
@@@ mem[ 9696] = ffffffff000020a0 : 18446744069414592672
@@@ mem[ 9704] = 0000000000020000 : 131072
@@@
@@@ mem[65064] = 0000fe6000000063 : 279688270315619
@@@
@@@ mem[65080] = 000003f900000000 : 4367981740032
@@@ mem[65088] = 0000006200000063 : 420906795107
@@@ mem[65096] = 00000062000003f3 : 420906796019
@@@
@@@ mem[65112] = 0001000000010000 : 281474976776192
@@@ mem[65120] = 0000000300000001 : 12884901889
@@@ mem[65128] = 0000001a00000011 : 111669149713
@@@ mem[65136] = 0000002a0000001e : 180388626462
@@@ mem[65144] = 0000003800000030 : 240518168624
@@@ mem[65152] = 000000490000003b : 313532612667
@@@ mem[65160] = 0000005b00000055 : 390842024021
@@@ mem[65168] = 0000005e0000005c : 403726925916
@@@ mem[65176] = 0000007900000060 : 519691042912
@@@ mem[65184] = 0000008600000080 : 575525617792
@@@ mem[65192] = 000000930000008c : 631360192652
@@@ mem[65200] = 000000bd000000a2 : 811748819106
@@@ mem[65208] = 000000de000000d6 : 953482739926
@@@ mem[65216] = 000000e3000000e1 : 974957576417
@@@ mem[65224] = 000000e6000000e4 : 987842478308
@@@ mem[65232] = 000000f7000000f7 : 1060856922359
@@@ mem[65240] = 00000116000000fe : 1194000908542
@@@ mem[65248] = 0000012d00000120 : 1292785156384
@@@ mem[65256] = 0000013700000132 : 1335734829362
@@@ mem[65264] = 0000013e00000138 : 1365799600440
@@@ mem[65272] = 0000014800000146 : 1408749273414
@@@ mem[65280] = 0000016c0000014d : 1563368096077
@@@ mem[65288] = 0000017700000173 : 1610612736371
@@@ mem[65296] = 0000017c00000178 : 1632087572856
@@@ mem[65304] = 000001940000017c : 1735166787964
@@@ mem[65312] = 000001b50000019f : 1876900708767
@@@ mem[65320] = 000001e1000001d4 : 2065879269844
@@@ mem[65328] = 000001fd000001ed : 2186138354157
@@@ mem[65336] = 0000020800000202 : 2233382994434
@@@ mem[65344] = 000002120000020a : 2276332667402
@@@ mem[65352] = 0000022200000218 : 2345052144152
@@@ mem[65360] = 0000023d00000230 : 2461016261168
@@@ mem[65368] = 000002420000023e : 2482491097662
@@@ mem[65376] = 0000025a00000252 : 2585570312786
@@@ mem[65384] = 0000029700000266 : 2847563317862
@@@ mem[65392] = 000002a4000002a1 : 2903397892769
@@@ mem[65400] = 000002ae000002a6 : 2946347565734
@@@ mem[65408] = 000002bf000002be : 3019362009790
@@@ mem[65416] = 000002e3000002d6 : 3173980832470
@@@ mem[65424] = 0000030e000002fa : 3358664426234
@@@ mem[65432] = 000003280000031b : 3470333575963
@@@ mem[65440] = 0000033b0000032f : 3551937954607
@@@ mem[65448] = 0000034500000341 : 3594887627585
@@@ mem[65456] = 0000036f00000350 : 3775276254032
@@@ mem[65464] = 000003720000036f : 3788161155951
@@@ mem[65472] = 0000038700000379 : 3878355469177
@@@ mem[65480] = 000003980000038f : 3951369913231
@@@ mem[65488] = 000003a700000399 : 4015794422681
@@@ mem[65496] = 000003cf000003aa : 4187593114538
@@@ mem[65504] = 000003f3000003ea : 4342211937258
@@@ mem[65512] = 00000063000003f9 : 425201763321
@@@
@@@ mem[65528] = 0000009000000000 : 618475290624
@@@
@@              81209420 : System halted
@@
@@@ System halted on WFI instruction
@@@
@@
@@  270695 cycles / 142844 instrs = 1.895039 CPI
@@
@@  8120820.00 ns total time to execute
@@

$finish called from file "test/pipeline_test.sv", line 296.
$finish at simulation time             81210420
           V C S   S i m u l a t i o n   R e p o r t 
Time: 8121042000 ps
CPU Time:      3.070 seconds;       Data structure size:   0.1Mb
Wed Feb 28 16:38:01 2024
