Info: [VCS_SAVE_RESTORE_INFO] ASLR (Address Space Layout Randomization) is detected on the machine. To enable $save functionality, ASLR will be switched off and simv re-executed.
Please use '-no_save' simv switch to avoid re-execution or '-suppress=ASLR_DETECTED_INFO' to suppress this message.
Chronologic VCS simulator copyright 1991-2023
Contains Synopsys proprietary information.
Compiler version U-2023.03-SP2-1_Full64; Runtime version U-2023.03-SP2-1_Full64;  Feb 28 16:38 2024
Loading memory file: programs/matrix_mult_rec.mem
Using writeback output file: output/matrix_mult_rec.wb
Using pipeline output file: output/matrix_mult_rec.ppln
@@
@@
@@                     0  Asserting System reset......
@@
@@                     0 : System STILL at reset, can't show anything
@@
@@
@@                   300 : System STILL at reset, can't show anything
@@
@@
@@                   600 : System STILL at reset, can't show anything
@@
@@
@@                   900 : System STILL at reset, can't show anything
@@
@@                  1060  Deasserting System reset......
@@
@@
@@@ Unified Memory contents hex on left, decimal on right: 
@@@
@@@ mem[    0] = 0000009700000013 : 648540061715
@@@ mem[    8] = 0001011708c08093 : 282673419419795
@@@ mem[   16] = 00010413ff410113 : 285958910050579
@@@ mem[   24] = f281819300001197 : 17474390497534415255
@@@ mem[   32] = 0000029300000213 : 2830383448595
@@@ mem[   40] = 0000039300000313 : 3929895076627
@@@ mem[   48] = 0000051300000493 : 5579162518675
@@@ mem[   56] = 0000061300000593 : 6678674146707
@@@ mem[   64] = 0000071300000693 : 7778185774739
@@@ mem[   72] = 0000081300000793 : 8877697402771
@@@ mem[   80] = 0000091300000893 : 9977209030803
@@@ mem[   88] = 00000a1300000993 : 11076720658835
@@@ mem[   96] = 00000b1300000a93 : 12176232286867
@@@ mem[  104] = 00000c1300000b93 : 13275743914899
@@@ mem[  112] = 00000d1300000c93 : 14375255542931
@@@ mem[  120] = 00000e1300000d93 : 15474767170963
@@@ mem[  128] = 00000f1300000e93 : 16574278798995
@@@ mem[  136] = 3e80006f00000f93 : 4503600104111869843
@@@ mem[  144] = f701011300010117 : 17798508383460983063
@@@ mem[  152] = 00000013fea12c23 : 85876354083
@@@ mem[  160] = 0000001310500073 : 81878057075
@@@ mem[  168] = 0000001300000013 : 81604378643
@@@ mem[  176] = 02112623fd010113 : 148942198690349331
@@@ mem[  184] = 0301041302812423 : 216458736783402019
@@@ mem[  192] = feb42423fea42623 : 18353334118456239651
@@@ mem[  200] = fed42023fec42223 : 18362336919666565667
@@@ mem[  208] = fcf42c23fce42e23 : 18227242124953529891
@@@ mem[  216] = 000007b7fd042a23 : 8486805318179
@@@ mem[  224] = fec427037807a783 : 18357840876921137027
@@@ mem[  232] = 000007b71ae7d463 : 8483011810403
@@@ mem[  240] = fdc427037847a783 : 18285783282887403395
@@@ mem[  248] = 000007b714e7da63 : 8482911148643
@@@ mem[  256] = fe8427037887a783 : 18339826478420043651
@@@ mem[  264] = 000007b710e7d263 : 8482844037731
@@@ mem[  272] = 000787137807a783 : 2118842524870531
@@@ mem[  280] = 02f707b319000793 : 213647973123360659
@@@ mem[  288] = 00f70733fd442703 : 69532239121360643
@@@ mem[  296] = 7847a783000007b7 : 8667080188980365239
@@@ mem[  304] = 00f707b300279793 : 69532784630667155
@@@ mem[  312] = 000007b70007a603 : 8482560910851
@@@ mem[  320] = 000787137807a783 : 2118842524870531
@@@ mem[  328] = 02f707b319000793 : 213647973123360659
@@@ mem[  336] = 00f70733fe442703 : 69532239138137859
@@@ mem[  344] = 7887a783000007b7 : 8685094587489847223
@@@ mem[  352] = 00f707b300279793 : 69532784630667155
@@@ mem[  360] = 000007b70007a703 : 8482560911107
@@@ mem[  368] = 000786937887a783 : 2118292777445251
@@@ mem[  376] = 02f687b319000793 : 213507235635005331
@@@ mem[  384] = 00f686b3fd842683 : 69390951881385603
@@@ mem[  392] = 7847a783000007b7 : 8667080188980365239
@@@ mem[  400] = 00f687b300279793 : 69392047142311827
@@@ mem[  408] = 02f707330007a783 : 213647422948616067
@@@ mem[  416] = 7807a783000007b7 : 8649065790470883255
@@@ mem[  424] = 1900079300078693 : 1801448178890278547
@@@ mem[  432] = fd44268302f687b3 : 18249753934144374707
@@@ mem[  440] = 000007b700f686b3 : 8482576565939
@@@ mem[  448] = 00e607337847a783 : 64747162286139267
@@@ mem[  456] = 00f687b300279793 : 69392047142311827
@@@ mem[  464] = 000007b700e7a023 : 8482575589411
@@@ mem[  472] = 001787137887a783 : 6622442160629635
@@@ mem[  480] = 78e7a423000007b7 : 8712112474402326455
@@@ mem[  488] = fd842783fd442803 : 18267769436364875779
@@@ mem[  496] = fe042683fdc42703 : 18303797133880600323
@@@ mem[  504] = fe842583fe442603 : 18339824831396324867
@@@ mem[  512] = 00000097fec42503 : 652814329091
@@@ mem[  520] = 000007b7eac080e7 : 8486498894055
@@@ mem[  528] = 000007b77807a423 : 8484574176291
@@@ mem[  536] = 001787137847a783 : 6622442156435331
@@@ mem[  544] = 78e7a223000007b7 : 8712110275379070903
@@@ mem[  552] = fd842783fd442803 : 18267769436364875779
@@@ mem[  560] = fe042683fdc42703 : 18303797133880600323
@@@ mem[  568] = fe842583fe442603 : 18339824831396324867
@@@ mem[  576] = 00000097fec42503 : 652814329091
@@@ mem[  584] = 000007b7e6c080e7 : 8486431785191
@@@ mem[  592] = 000007b77807a223 : 8484574175779
@@@ mem[  600] = 001787137807a783 : 6622442152241027
@@@ mem[  608] = 78e7a023000007b7 : 8712108076355815351
@@@ mem[  616] = fd842783fd442803 : 18267769436364875779
@@@ mem[  624] = fe042683fdc42703 : 18303797133880600323
@@@ mem[  632] = fe842583fe442603 : 18339824831396324867
@@@ mem[  640] = 00000097fec42503 : 652814329091
@@@ mem[  648] = 0080006fe2c080e7 : 36029277564600551
@@@ mem[  656] = 02c1208300000013 : 198475605593817107
@@@ mem[  664] = 0301011302812403 : 216455438248518659
@@@ mem[  672] = 8101011300008067 : 9295712286985453671
@@@ mem[  680] = 7e8124237e112623 : 9115606855632102947
@@@ mem[  688] = ffff72b77f010413 : 18446588731168195603
@@@ mem[  696] = 00510133b7028293 : 22800794738918035
@@@ mem[  704] = ff080813ffff6837 : 18376947161477638199
@@@ mem[  712] = 3aa8262300880833 : 4226670182061836339
@@@ mem[  720] = ff050513ffff6537 : 18376099438012622135
@@@ mem[  728] = 3ab5242300850533 : 4230327157735621939
@@@ mem[  736] = ff058593ffff65b7 : 18376240725256791479
@@@ mem[  744] = 3ac5a223008585b3 : 4234969295828125107
@@@ mem[  752] = ff060613ffff6637 : 18376382012500960823
@@@ mem[  760] = 3ad6202300860633 : 4239611433920628275
@@@ mem[  768] = ff068693ffff66b7 : 18376523299745130167
@@@ mem[  776] = 38e6ae23008686b3 : 4100155976123319987
@@@ mem[  784] = ff070713ffff6737 : 18376664586989299511
@@@ mem[  792] = 38f72c2300870733 : 4104798114215823155
@@@ mem[  800] = ff078793ffff67b7 : 18376805874233468855
@@@ mem[  808] = ffff67b700878733 : 18446576634418399027
@@@ mem[  816] = 008787b3ff078793 : 38148329003517843
@@@ mem[  824] = 3a87a7833a072703 : 4217523758111860483
@@@ mem[  832] = ffff67b710f71a63 : 18446576634694146659
@@@ mem[  840] = 008787b3ff078793 : 38148329003517843
@@@ mem[  848] = 0000a7b73b478713 : 184405415397139
@@@ mem[  856] = 00078613c4078793 : 2117744288302995
@@@ mem[  864] = 0007051300000593 : 1975903999493523
@@@ mem[  872] = 2f8080e700000097 : 3422877446427377815
@@@ mem[  880] = 3b478793ffff67b7 : 4271531841309075383
@@@ mem[  888] = 00878833ff078793 : 38148878759331731
@@@ mem[  896] = ff078793ffff67b7 : 18376805874233468855
@@@ mem[  904] = ffff6737008787b3 : 18446576084662585267
@@@ mem[  912] = 00870733ff070713 : 38007041759315731
@@@ mem[  920] = ff068693ffff66b7 : 18376523299745130167
@@@ mem[  928] = ffff6637008686b3 : 18446574985150891699
@@@ mem[  936] = 00860633ff060613 : 37724467270911507
@@@ mem[  944] = ff058593ffff65b7 : 18376240725256791479
@@@ mem[  952] = ffff6537008585b3 : 18446573885639198131
@@@ mem[  960] = 00850533ff050513 : 37441892782507283
@@@ mem[  968] = 39c727033987a783 : 4163339275330889603
@@@ mem[  976] = 3a4626033a06a683 : 4199085497869837955
@@@ mem[  984] = 3ac525033a85a583 : 4234831720408786307
@@@ mem[  992] = cd0080e700000097 : 14771948507401027735
@@@ mem[ 1000] = 04c0006ffe042623 : 342274052683212323
@@@ mem[ 1008] = 0200006ffe042423 : 144115669078909987
@@@ mem[ 1016] = fe442783fe042223 : 18321812631905903139
@@@ mem[ 1024] = fef4222300178793 : 18371346313671837587
@@@ mem[ 1032] = 00178793fe842783 : 6622994164361091
@@@ mem[ 1040] = ffff67b7fef42423 : 18446576638686929955
@@@ mem[ 1048] = 008787b3ff078793 : 38148329003517843
@@@ mem[ 1056] = 39c7a783fe842703 : 4163480565879940867
@@@ mem[ 1064] = fec42783fcf748e3 : 18357841428907247843
@@@ mem[ 1072] = fef4262300178793 : 18371350711718348691
@@@ mem[ 1080] = ff078793ffff67b7 : 18376805874233468855
@@@ mem[ 1088] = fec42703008787b3 : 18357840874916251571
@@@ mem[ 1096] = faf742e33ac7a783 : 18083996372440688515
@@@ mem[ 1104] = 000000130080006f : 81612767343
@@@ mem[ 1112] = 49028293000092b7 : 5260910882594001591
@@@ mem[ 1120] = 7ec1208300510133 : 9133617266302189875
@@@ mem[ 1128] = 7f0101137e812403 : 9151597101031957507
@@@ mem[ 1136] = 8101011300008067 : 9295712286985453671
@@@ mem[ 1144] = 7e8124237e112623 : 9115606855632102947
@@@ mem[ 1152] = e70101137f010413 : 16645586880984843283
@@@ mem[ 1160] = 4b000713b3040793 : 5404327334033754003
@@@ mem[ 1168] = 0000059300070613 : 6128918791699
@@@ mem[ 1176] = 0000009700078513 : 648540554515
@@@ mem[ 1184] = 001007931c4080e7 : 4511928042946791
@@@ mem[ 1192] = 00200793b2f42823 : 9015530198673443
@@@ mem[ 1200] = 00300793b2f42a23 : 13519129826044451
@@@ mem[ 1208] = 00400793b2f42c23 : 18022729453415459
@@@ mem[ 1216] = 00500793ccf42023 : 22526329516990499
@@@ mem[ 1224] = 00600793ccf42223 : 27029929144361507
@@@ mem[ 1232] = 00700793ccf42423 : 31533528771732515
@@@ mem[ 1240] = 00800793e4f42823 : 36037128801757219
@@@ mem[ 1248] = 00900793e4f42a23 : 40540728429128227
@@@ mem[ 1256] = fffff7b7e4f42c23 : 18446734967925124131
@@@ mem[ 1264] = 008787b3ff078793 : 38148329003517843
@@@ mem[ 1272] = 4b00071369078793 : 5404327332792469395
@@@ mem[ 1280] = 0000059300070613 : 6128918791699
@@@ mem[ 1288] = 0000009700078513 : 648540554515
@@@ mem[ 1296] = fffff7b7154080e7 : 18446734964440465639
@@@ mem[ 1304] = 008787b3ff078793 : 38148329003517843
@@@ mem[ 1312] = 68e7a82300100713 : 7559195367843038995
@@@ mem[ 1320] = ff078793fffff7b7 : 18376805874233505719
@@@ mem[ 1328] = 00200713008787b3 : 9014977449396147
@@@ mem[ 1336] = fffff7b768e7aa23 : 18446734965843929635
@@@ mem[ 1344] = 008787b3ff078793 : 38148329003517843
@@@ mem[ 1352] = 68e7ac2300300713 : 7559199765891647251
@@@ mem[ 1360] = ff078793fffff7b7 : 18376805874233505719
@@@ mem[ 1368] = 000017b700878733 : 26074755335987
@@@ mem[ 1376] = 0040071300f707b3 : 18022176711444403
@@@ mem[ 1384] = fffff7b782e7a023 : 18446734966280134691
@@@ mem[ 1392] = 00878733ff078793 : 38147779247703955
@@@ mem[ 1400] = 00f707b3000017b7 : 69532784628078519
@@@ mem[ 1408] = 82e7a22300500713 : 9432686215763592979
@@@ mem[ 1416] = ff078793fffff7b7 : 18376805874233505719
@@@ mem[ 1424] = 000017b700878733 : 26074755335987
@@@ mem[ 1432] = 0060071300f707b3 : 27029375966185395
@@@ mem[ 1440] = fffff7b782e7a423 : 18446734966280135715
@@@ mem[ 1448] = 00878733ff078793 : 38147779247703955
@@@ mem[ 1456] = 00f707b3000017b7 : 69532784628078519
@@@ mem[ 1464] = 9ae7a82300700713 : 11162075069745727251
@@@ mem[ 1472] = ff078793fffff7b7 : 18376805874233505719
@@@ mem[ 1480] = 000017b700878733 : 26074755335987
@@@ mem[ 1488] = 0080071300f707b3 : 36036575220926387
@@@ mem[ 1496] = fffff7b79ae7aa23 : 18446734966682790435
@@@ mem[ 1504] = 00878733ff078793 : 38147779247703955
@@@ mem[ 1512] = 00f707b3000017b7 : 69532784628078519
@@@ mem[ 1520] = 9ae7ac2300900713 : 11162079467794335507
@@@ mem[ 1528] = fef4262300300793 : 18371350711719954323
@@@ mem[ 1536] = fef4242300300793 : 18371348512696698771
@@@ mem[ 1544] = fef4222300300793 : 18371346313673443219
@@@ mem[ 1552] = fef4202300300793 : 18371344114650187667
@@@ mem[ 1560] = 69078793fffff7b7 : 7568166768544315319
@@@ mem[ 1568] = 008787b3ff078793 : 38148329003517843
@@@ mem[ 1576] = fe042703b3040613 : 18303797682382308883
@@@ mem[ 1584] = fe842583fe442683 : 18339824831396324995
@@@ mem[ 1592] = 00000097fec42503 : 652814329091
@@@ mem[ 1600] = 00000793c68080e7 : 8331271897319
@@@ mem[ 1608] = 1901011300078513 : 1801722507041408275
@@@ mem[ 1616] = 7e8124037ec12083 : 9115606718204682371
@@@ mem[ 1624] = 000080677f010113 : 141182000759059
@@@ mem[ 1632] = 0005071300f00313 : 1415153085055763
@@@ mem[ 1640] = 00f7779302c37e63 : 69655792537796195
@@@ mem[ 1648] = 080592630a079063 : 578029081254662243
@@@ mem[ 1656] = 00f67613ff067693 : 69372672525891219
@@@ mem[ 1664] = 00b7202300e686b3 : 51545255449102003
@@@ mem[ 1672] = 00b7242300b72223 : 51549653492507171
@@@ mem[ 1680] = 0107071300b72623 : 74035697072678435
@@@ mem[ 1688] = 00061463fed766e3 : 1711269570111203
@@@ mem[ 1696] = 40c306b300008067 : 4666581004754911335
@@@ mem[ 1704] = 0000029700269693 : 2847565846163
@@@ mem[ 1712] = 00c68067005686b3 : 55873225264367283
@@@ mem[ 1720] = 00b706a300b70723 : 51517217899480867
@@@ mem[ 1728] = 00b705a300b70623 : 51516118387852835
@@@ mem[ 1736] = 00b704a300b70523 : 51515018876224803
@@@ mem[ 1744] = 00b703a300b70423 : 51513919364596771
@@@ mem[ 1752] = 00b702a300b70323 : 51512819852968739
@@@ mem[ 1760] = 00b701a300b70223 : 51511720341340707
@@@ mem[ 1768] = 00b700a300b70123 : 51510620829712675
@@@ mem[ 1776] = 0000806700b70023 : 141179881979939
@@@ mem[ 1784] = 008596930ff5f593 : 37601730274653587
@@@ mem[ 1792] = 0105969300d5e5b3 : 73630527039858099
@@@ mem[ 1800] = f6dff06f00d5e5b3 : 17789201412682802611
@@@ mem[ 1808] = 0000029700279693 : 2847565911699
@@@ mem[ 1816] = 00008293005686b3 : 143567877473971
@@@ mem[ 1824] = 00028093fa0680e7 : 704322996699367
@@@ mem[ 1832] = 40f70733ff078793 : 4681218257578330003
@@@ mem[ 1840] = f6c378e300f60633 : 17781188670157882931
@@@ mem[ 1848] = 00000000f3dff06f : 4091539567
@@@
@@@ mem[ 1920] = 0000000000000027 : 39
@@@
@@@ mem[21120] = 00005a2400000000 : 99110665322496
@@@ mem[21128] = 000000030000f680 : 12884964992
@@@ mem[21136] = 0000fb3000000003 : 276183577001987
@@@ mem[21144] = 0000000300000003 : 12884901891
@@@
@@@ mem[21160] = 0000028c000052e0 : 2800318698208
@@@ mem[21168] = 00005a2400000000 : 99110665322496
@@@ mem[21176] = 000000030000f680 : 12884964992
@@@ mem[21184] = 0000fb3000000003 : 276183577001987
@@@ mem[21192] = 0000000300000003 : 12884901891
@@@
@@@ mem[21208] = 0000028c00005310 : 2800318698256
@@@ mem[21216] = 00005a2400000000 : 99110665322496
@@@ mem[21224] = 000000030000f680 : 12884964992
@@@ mem[21232] = 0000fb3000000003 : 276183577001987
@@@ mem[21240] = 0000000300000003 : 12884901891
@@@
@@@ mem[21256] = 0000028c00005340 : 2800318698304
@@@ mem[21264] = 00005a2400000000 : 99110665322496
@@@ mem[21272] = 000000030000f680 : 12884964992
@@@ mem[21280] = 0000fb3000000003 : 276183577001987
@@@ mem[21288] = 0000000300000003 : 12884901891
@@@
@@@ mem[21304] = 0000028c00005370 : 2800318698352
@@@ mem[21312] = 00005a2400000000 : 99110665322496
@@@ mem[21320] = 000000030000f680 : 12884964992
@@@ mem[21328] = 0000fb3000000003 : 276183577001987
@@@ mem[21336] = 0000000300000003 : 12884901891
@@@
@@@ mem[21352] = 0000028c000053a0 : 2800318698400
@@@ mem[21360] = 00005a2400000000 : 99110665322496
@@@ mem[21368] = 000000030000f680 : 12884964992
@@@ mem[21376] = 0000fb3000000003 : 276183577001987
@@@ mem[21384] = 0000000300000003 : 12884901891
@@@
@@@ mem[21400] = 0000028c000053d0 : 2800318698448
@@@ mem[21408] = 00005a2400000000 : 99110665322496
@@@ mem[21416] = 000000030000f680 : 12884964992
@@@ mem[21424] = 0000fb3000000003 : 276183577001987
@@@ mem[21432] = 0000000300000003 : 12884901891
@@@
@@@ mem[21448] = 0000028c00005400 : 2800318698496
@@@ mem[21456] = 00005a2400000000 : 99110665322496
@@@ mem[21464] = 000000030000f680 : 12884964992
@@@ mem[21472] = 0000fb3000000003 : 276183577001987
@@@ mem[21480] = 0000000300000003 : 12884901891
@@@
@@@ mem[21496] = 0000028c00005430 : 2800318698544
@@@ mem[21504] = 00005a2400000000 : 99110665322496
@@@ mem[21512] = 000000030000f680 : 12884964992
@@@ mem[21520] = 0000fb3000000003 : 276183577001987
@@@ mem[21528] = 0000000300000003 : 12884901891
@@@
@@@ mem[21544] = 0000028c00005460 : 2800318698592
@@@ mem[21552] = 00005a2400000000 : 99110665322496
@@@ mem[21560] = 000000030000f680 : 12884964992
@@@ mem[21568] = 0000fb3000000003 : 276183577001987
@@@ mem[21576] = 0000000300000003 : 12884901891
@@@
@@@ mem[21592] = 0000028c00005490 : 2800318698640
@@@ mem[21600] = 00005a2400000000 : 99110665322496
@@@ mem[21608] = 000000030000f680 : 12884964992
@@@ mem[21616] = 0000fb3000000003 : 276183577001987
@@@ mem[21624] = 0000000300000003 : 12884901891
@@@
@@@ mem[21640] = 0000028c000054c0 : 2800318698688
@@@ mem[21648] = 00005a2400000000 : 99110665322496
@@@ mem[21656] = 000000030000f680 : 12884964992
@@@ mem[21664] = 0000fb3000000003 : 276183577001987
@@@ mem[21672] = 0000000300000003 : 12884901891
@@@
@@@ mem[21688] = 0000028c000054f0 : 2800318698736
@@@ mem[21696] = 00005a2400000000 : 99110665322496
@@@ mem[21704] = 000000030000f680 : 12884964992
@@@ mem[21712] = 0000fb3000000003 : 276183577001987
@@@ mem[21720] = 0000000300000003 : 12884901891
@@@
@@@ mem[21736] = 0000028c00005520 : 2800318698784
@@@ mem[21744] = 00005a2400000000 : 99110665322496
@@@ mem[21752] = 000000030000f680 : 12884964992
@@@ mem[21760] = 0000fb3000000003 : 276183577001987
@@@ mem[21768] = 0000000300000003 : 12884901891
@@@
@@@ mem[21784] = 0000028c00005550 : 2800318698832
@@@ mem[21792] = 00005a2400000000 : 99110665322496
@@@ mem[21800] = 000000030000f680 : 12884964992
@@@ mem[21808] = 0000fb3000000003 : 276183577001987
@@@ mem[21816] = 0000000300000003 : 12884901891
@@@
@@@ mem[21832] = 0000028c00005580 : 2800318698880
@@@ mem[21840] = 00005a2400000000 : 99110665322496
@@@ mem[21848] = 000000030000f680 : 12884964992
@@@ mem[21856] = 0000fb3000000003 : 276183577001987
@@@ mem[21864] = 0000000300000003 : 12884901891
@@@
@@@ mem[21880] = 0000028c000055b0 : 2800318698928
@@@ mem[21888] = 00005a2400000000 : 99110665322496
@@@ mem[21896] = 000000030000f680 : 12884964992
@@@ mem[21904] = 0000fb3000000003 : 276183577001987
@@@ mem[21912] = 0000000300000003 : 12884901891
@@@
@@@ mem[21928] = 0000028c000055e0 : 2800318698976
@@@ mem[21936] = 00005a2400000000 : 99110665322496
@@@ mem[21944] = 000000030000f680 : 12884964992
@@@ mem[21952] = 0000fb3000000003 : 276183577001987
@@@ mem[21960] = 0000000300000003 : 12884901891
@@@
@@@ mem[21976] = 0000028c00005610 : 2800318699024
@@@ mem[21984] = 00005a2400000000 : 99110665322496
@@@ mem[21992] = 000000030000f680 : 12884964992
@@@ mem[22000] = 0000fb3000000003 : 276183577001987
@@@ mem[22008] = 0000000300000003 : 12884901891
@@@
@@@ mem[22024] = 0000028c00005640 : 2800318699072
@@@ mem[22032] = 00005a2400000000 : 99110665322496
@@@ mem[22040] = 000000030000f680 : 12884964992
@@@ mem[22048] = 0000fb3000000003 : 276183577001987
@@@ mem[22056] = 0000000300000003 : 12884901891
@@@
@@@ mem[22072] = 0000028c00005670 : 2800318699120
@@@ mem[22080] = 00005a2400000000 : 99110665322496
@@@ mem[22088] = 000000030000f680 : 12884964992
@@@ mem[22096] = 0000fb3000000003 : 276183577001987
@@@ mem[22104] = 0000000300000003 : 12884901891
@@@
@@@ mem[22120] = 0000028c000056a0 : 2800318699168
@@@ mem[22128] = 00005a2400000000 : 99110665322496
@@@ mem[22136] = 000000030000f680 : 12884964992
@@@ mem[22144] = 0000fb3000000003 : 276183577001987
@@@ mem[22152] = 0000000300000003 : 12884901891
@@@
@@@ mem[22168] = 0000028c000056d0 : 2800318699216
@@@ mem[22176] = 00005a2400000000 : 99110665322496
@@@ mem[22184] = 000000030000f680 : 12884964992
@@@ mem[22192] = 0000fb3000000003 : 276183577001987
@@@ mem[22200] = 0000000300000003 : 12884901891
@@@
@@@ mem[22216] = 0000028c00005700 : 2800318699264
@@@ mem[22224] = 00005a2400000000 : 99110665322496
@@@ mem[22232] = 000000030000f680 : 12884964992
@@@ mem[22240] = 0000fb3000000003 : 276183577001987
@@@ mem[22248] = 0000000300000003 : 12884901891
@@@
@@@ mem[22264] = 0000028c00005730 : 2800318699312
@@@ mem[22272] = 00005a2400000000 : 99110665322496
@@@ mem[22280] = 000000030000f680 : 12884964992
@@@ mem[22288] = 0000fb3000000003 : 276183577001987
@@@ mem[22296] = 0000000300000003 : 12884901891
@@@
@@@ mem[22312] = 0000028c00005760 : 2800318699360
@@@ mem[22320] = 00005a2400000000 : 99110665322496
@@@ mem[22328] = 000000030000f680 : 12884964992
@@@ mem[22336] = 0000fb3000000003 : 276183577001987
@@@ mem[22344] = 0000000300000003 : 12884901891
@@@
@@@ mem[22360] = 0000028c00005790 : 2800318699408
@@@ mem[22368] = 00005a2400000000 : 99110665322496
@@@ mem[22376] = 000000030000f680 : 12884964992
@@@ mem[22384] = 0000fb3000000003 : 276183577001987
@@@ mem[22392] = 0000000300000003 : 12884901891
@@@
@@@ mem[22408] = 0000028c000057c0 : 2800318699456
@@@ mem[22416] = 00005a2400000000 : 99110665322496
@@@ mem[22424] = 000000030000f680 : 12884964992
@@@ mem[22432] = 0000fb3000000003 : 276183577001987
@@@ mem[22440] = 0000000300000003 : 12884901891
@@@
@@@ mem[22456] = 0000028c000057f0 : 2800318699504
@@@ mem[22464] = 00005a2400000000 : 99110665322496
@@@ mem[22472] = 000000030000f680 : 12884964992
@@@ mem[22480] = 0000fb3000000003 : 276183577001987
@@@ mem[22488] = 0000000300000003 : 12884901891
@@@
@@@ mem[22504] = 0000028c00005820 : 2800318699552
@@@ mem[22512] = 00005a2400000000 : 99110665322496
@@@ mem[22520] = 000000030000f680 : 12884964992
@@@ mem[22528] = 0000fb3000000003 : 276183577001987
@@@ mem[22536] = 0000000300000003 : 12884901891
@@@
@@@ mem[22552] = 0000028c00005850 : 2800318699600
@@@ mem[22560] = 00005a2400000000 : 99110665322496
@@@ mem[22568] = 000000030000f680 : 12884964992
@@@ mem[22576] = 0000fb3000000003 : 276183577001987
@@@ mem[22584] = 0000000300000003 : 12884901891
@@@
@@@ mem[22600] = 0000028c00005880 : 2800318699648
@@@ mem[22608] = 00005a2400000000 : 99110665322496
@@@ mem[22616] = 000000030000f680 : 12884964992
@@@ mem[22624] = 0000fb3000000003 : 276183577001987
@@@ mem[22632] = 0000000300000003 : 12884901891
@@@
@@@ mem[22648] = 0000028c000058b0 : 2800318699696
@@@ mem[22656] = 00005a2400000000 : 99110665322496
@@@ mem[22664] = 000000030000f680 : 12884964992
@@@ mem[22672] = 0000fb3000000003 : 276183577001987
@@@ mem[22680] = 0000000300000003 : 12884901891
@@@
@@@ mem[22696] = 0000028c000058e0 : 2800318699744
@@@ mem[22704] = 00005a2400000000 : 99110665322496
@@@ mem[22712] = 000000030000f680 : 12884964992
@@@ mem[22720] = 0000fb3000000003 : 276183577001987
@@@ mem[22728] = 0000000300000003 : 12884901891
@@@
@@@ mem[22744] = 0000028c00005910 : 2800318699792
@@@ mem[22752] = 00005a2400000000 : 99110665322496
@@@ mem[22760] = 000000030000f680 : 12884964992
@@@ mem[22768] = 0000fb3000000003 : 276183577001987
@@@ mem[22776] = 0000000300000003 : 12884901891
@@@
@@@ mem[22792] = 0000028c00005940 : 2800318699840
@@@ mem[22800] = 00005a2400000000 : 99110665322496
@@@ mem[22808] = 000000030000f680 : 12884964992
@@@ mem[22816] = 0000fb3000000003 : 276183577001987
@@@ mem[22824] = 0000000300000003 : 12884901891
@@@
@@@ mem[22840] = 0000028c00005970 : 2800318699888
@@@ mem[22848] = 00005a2400000000 : 99110665322496
@@@ mem[22856] = 000000030000f680 : 12884964992
@@@ mem[22864] = 0000fb3000000003 : 276183577001987
@@@ mem[22872] = 0000000300000003 : 12884901891
@@@
@@@ mem[22888] = 0000028c000059a0 : 2800318699936
@@@ mem[22896] = 00005a2400000000 : 99110665322496
@@@ mem[22904] = 000000030000f680 : 12884964992
@@@ mem[22912] = 0000fb3000000003 : 276183577001987
@@@ mem[22920] = 0000000300000003 : 12884901891
@@@
@@@ mem[22936] = 0000028c000059d0 : 2800318699984
@@@ mem[22944] = 00005a2400000000 : 99110665322496
@@@ mem[22952] = 000000030000f680 : 12884964992
@@@ mem[22960] = 0000fb3000000003 : 276183577001987
@@@ mem[22968] = 0000000300000003 : 12884901891
@@@
@@@ mem[22984] = 0000028c00005a00 : 2800318700032
@@@ mem[22992] = 00005a2400000000 : 99110665322496
@@@ mem[23000] = 000000030000f680 : 12884964992
@@@ mem[23008] = 0000fb3000000003 : 276183577001987
@@@ mem[23016] = 0000000300000003 : 12884901891
@@@
@@@ mem[23032] = 000003e80000f680 : 4294967359104
@@@
@@@ mem[23048] = 000000030000f680 : 12884964992
@@@ mem[23056] = 0000fb3000000003 : 276183577001987
@@@ mem[23064] = 0000000300000003 : 12884901891
@@@ mem[23072] = 0000001e00000000 : 128849018880
@@@ mem[23080] = 0000002a00000024 : 180388626468
@@@
@@@ mem[23472] = 0000004200000000 : 283467841536
@@@ mem[23480] = 0000006000000051 : 412316860497
@@@
@@@ mem[23872] = 0000006600000000 : 438086664192
@@@ mem[23880] = 000000960000007e : 644245094526
@@@
@@@ mem[63072] = 0000000100000000 : 4294967296
@@@ mem[63080] = 0000000300000003 : 12884901891
@@@
@@@ mem[63096] = 0000064400010000 : 6889127608320
@@@ mem[63104] = 0000000200000001 : 8589934593
@@@ mem[63112] = 0000000000000003 : 3
@@@
@@@ mem[63504] = 0000000500000004 : 21474836484
@@@ mem[63512] = 0000000000000006 : 6
@@@
@@@ mem[63904] = 0000000800000007 : 34359738375
@@@ mem[63912] = 0000000000000009 : 9
@@@
@@@ mem[64304] = 0000000200000001 : 8589934593
@@@ mem[64312] = 0000000000000003 : 3
@@@
@@@ mem[64704] = 0000000500000004 : 21474836484
@@@ mem[64712] = 0000000000000006 : 6
@@@
@@@ mem[65104] = 0000000800000007 : 34359738375
@@@ mem[65112] = 0000000000000009 : 9
@@@
@@@ mem[65504] = 0000000300000003 : 12884901891
@@@ mem[65512] = 0000000300000003 : 12884901891
@@@
@@@ mem[65528] = 0000009000000000 : 618475290624
@@@
@@              12563420 : System halted
@@
@@@ System halted on WFI instruction
@@@
@@
@@  41875 cycles / 21676 instrs = 1.931860 CPI
@@
@@  1256220.00 ns total time to execute
@@

$finish called from file "test/pipeline_test.sv", line 296.
$finish at simulation time             12564420
           V C S   S i m u l a t i o n   R e p o r t 
Time: 1256442000 ps
CPU Time:      0.670 seconds;       Data structure size:   0.1Mb
Wed Feb 28 16:38:03 2024
