Info: [VCS_SAVE_RESTORE_INFO] ASLR (Address Space Layout Randomization) is detected on the machine. To enable $save functionality, ASLR will be switched off and simv re-executed.
Please use '-no_save' simv switch to avoid re-execution or '-suppress=ASLR_DETECTED_INFO' to suppress this message.
Chronologic VCS simulator copyright 1991-2023
Contains Synopsys proprietary information.
Compiler version U-2023.03-SP2-1_Full64; Runtime version U-2023.03-SP2-1_Full64;  Feb 28 16:38 2024
Loading memory file: programs/mergesort.mem
Using writeback output file: output/mergesort.wb
Using pipeline output file: output/mergesort.ppln
@@
@@
@@                     0  Asserting System reset......
@@
@@                     0 : System STILL at reset, can't show anything
@@
@@
@@                   300 : System STILL at reset, can't show anything
@@
@@
@@                   600 : System STILL at reset, can't show anything
@@
@@
@@                   900 : System STILL at reset, can't show anything
@@
@@                  1060  Deasserting System reset......
@@
@@
@@@ Unified Memory contents hex on left, decimal on right: 
@@@
@@@ mem[    0] = 0000009700000013 : 648540061715
@@@ mem[    8] = 0001011708c08093 : 282673419419795
@@@ mem[   16] = 00010413ff410113 : 285958910050579
@@@ mem[   24] = f281819300001197 : 17474390497534415255
@@@ mem[   32] = 0000029300000213 : 2830383448595
@@@ mem[   40] = 0000039300000313 : 3929895076627
@@@ mem[   48] = 0000051300000493 : 5579162518675
@@@ mem[   56] = 0000061300000593 : 6678674146707
@@@ mem[   64] = 0000071300000693 : 7778185774739
@@@ mem[   72] = 0000081300000793 : 8877697402771
@@@ mem[   80] = 0000091300000893 : 9977209030803
@@@ mem[   88] = 00000a1300000993 : 11076720658835
@@@ mem[   96] = 00000b1300000a93 : 12176232286867
@@@ mem[  104] = 00000c1300000b93 : 13275743914899
@@@ mem[  112] = 00000d1300000c93 : 14375255542931
@@@ mem[  120] = 00000e1300000d93 : 15474767170963
@@@ mem[  128] = 00000f1300000e93 : 16574278798995
@@@ mem[  136] = 4440006f00000f93 : 4917931269829955475
@@@ mem[  144] = f701011300010117 : 17798508383460983063
@@@ mem[  152] = 00000013fea12c23 : 85876354083
@@@ mem[  160] = 0000001310500073 : 81878057075
@@@ mem[  168] = 0000001300000013 : 81604378643
@@@ mem[  176] = 04812e23fa010113 : 324591380200489235
@@@ mem[  184] = 05312a2305212c23 : 374126573946743843
@@@ mem[  192] = 0551262305412823 : 383129375157069859
@@@ mem[  200] = 0571222305612423 : 392132176367395875
@@@ mem[  208] = faa4262306010413 : 18060602337528972307
@@@ mem[  216] = fac42223fab42423 : 18069605142842582051
@@@ mem[  224] = 00010693fad42023 : 288707614875683
@@@ mem[  232] = fa44260300068593 : 18033580602225493395
@@@ mem[  240] = 40d606b3fa842683 : 4671929033515345539
@@@ mem[  248] = fcd4282300168693 : 18218230523410941587
@@@ mem[  256] = fa442683fa042603 : 18033581156175455747
@@@ mem[  264] = fcd4262340d606b3 : 18218228325473978035
@@@ mem[  272] = fff68613fd042683 : 18444076744349853315
@@@ mem[  280] = 00068613fcc42423 : 1836270263477283
@@@ mem[  288] = 00000b9300060b13 : 12725988494099
@@@ mem[  296] = 005b9e9301bb5613 : 25788577107105299
@@@ mem[  304] = 005b1e1301d66eb3 : 25647289864711859
@@@ mem[  312] = 00060a1300068613 : 1699926581347859
@@@ mem[  320] = 01ba561300000a93 : 124506579310480019
@@@ mem[  328] = 007663b3005a9393 : 33323667708089235
@@@ mem[  336] = 00269693005a1313 : 10861607225266963
@@@ mem[  344] = 0046d69300f68693 : 19939175234438803
@@@ mem[  352] = 40d1013300469693 : 4670515607119500947
@@@ mem[  360] = 0036869300010693 : 15347614660757139
@@@ mem[  368] = 002696930026d693 : 10861607221909139
@@@ mem[  376] = fcc42683fcd42223 : 18213725141317460515
@@@ mem[  384] = fcc42023fff68613 : 18213718131983418899
@@@ mem[  392] = 0006091300068613 : 1698827069720083
@@@ mem[  400] = 01b9561300000993 : 124225104333769107
@@@ mem[  408] = 011668b300599893 : 78365161539868819
@@@ mem[  416] = 0006861300591813 : 1836266028603411
@@@ mem[  424] = 00000f9300060f13 : 17124035006227
@@@ mem[  432] = 005f979301bf5613 : 26906780432815635
@@@ mem[  440] = 005f171300f667b3 : 26765493175478195
@@@ mem[  448] = 0027979300068793 : 11144181708130195
@@@ mem[  456] = 0047d79300f78793 : 20221749722843027
@@@ mem[  464] = 40f1013300479793 : 4679522806374307731
@@@ mem[  472] = 0037879300010793 : 15630189149095827
@@@ mem[  480] = 002797930027d793 : 11144181710313363
@@@ mem[  488] = fc042e23faf42e23 : 18159690329533722147
@@@ mem[  496] = fa8427030400006f : 18051596100313284719
@@@ mem[  504] = 00f707b3fdc42783 : 69532788885563267
@@@ mem[  512] = fac4270300279793 : 18069610498758252435
@@@ mem[  520] = 0007a70300f707b3 : 2153956179904435
@@@ mem[  528] = fdc42783fc442683 : 18285783834857580163
@@@ mem[  536] = 00f687b300279793 : 69392047142311827
@@@ mem[  544] = fdc4278300e7a023 : 18285783830640435235
@@@ mem[  552] = fcf42e2300178793 : 18227244319735515027
@@@ mem[  560] = fd042783fdc42703 : 18231740639354300163
@@@ mem[  568] = fc042c23faf74ee3 : 18159688130510671587
@@@ mem[  576] = fa4427830440006f : 18033582251563810927
@@@ mem[  584] = fd84278300178713 : 18267769432117315347
@@@ mem[  592] = 0027979300f707b3 : 11144181723891635
@@@ mem[  600] = 00f707b3fac42703 : 69532788835231491
@@@ mem[  608] = fbc426830007a703 : 18141667543038273283
@@@ mem[  616] = 00279793fd842783 : 11144185960998787
@@@ mem[  624] = 00e7a02300f687b3 : 65196791820617651
@@@ mem[  632] = 00178793fd842783 : 6622994147583875
@@@ mem[  640] = fd842703fcf42c23 : 18267768886603820067
@@@ mem[  648] = faf74ce3fcc42783 : 18084007370811516803
@@@ mem[  656] = fc042c23fc042e23 : 18159688130528292387
@@@ mem[  664] = fcf42a23fa842783 : 18227239925890426755
@@@ mem[  672] = fc4427030a80006f : 18177696889988710511
@@@ mem[  680] = 00279793fdc42783 : 11144185965193091
@@@ mem[  688] = 0007a70300f707b3 : 2153956179904435
@@@ mem[  696] = fd842783fbc42683 : 18267769436339709571
@@@ mem[  704] = 00f687b300279793 : 69392047142311827
@@@ mem[  712] = 02e7ce630007a783 : 209362832293603203
@@@ mem[  720] = 00279793fd442783 : 11144185956804483
@@@ mem[  728] = 00f707b3fac42703 : 69532788835231491
@@@ mem[  736] = fdc42703fc442683 : 18285783285101766275
@@@ mem[  744] = 00e6873300271713 : 64887897759094547
@@@ mem[  752] = 00e7a02300072703 : 65196791804929795
@@@ mem[  760] = 00178793fdc42783 : 6622994151778179
@@@ mem[  768] = 0380006ffcf42e23 : 252202060117978659
@@@ mem[  776] = 00279793fd442783 : 11144185956804483
@@@ mem[  784] = 00f707b3fac42703 : 69532788835231491
@@@ mem[  792] = fd842703fbc42683 : 18267768886583895683
@@@ mem[  800] = 00e6873300271713 : 64887897759094547
@@@ mem[  808] = 00e7a02300072703 : 65196791804929795
@@@ mem[  816] = 00178793fd842783 : 6622994147583875
@@@ mem[  824] = fd442783fcf42c23 : 18249755037850151971
@@@ mem[  832] = fcf42a2300178793 : 18227239921689003923
@@@ mem[  840] = fd042783fdc42703 : 18231740639354300163
@@@ mem[  848] = fd84270304f75a63 : 18267768882443278947
@@@ mem[  856] = f4f744e3fcc42783 : 17651653010490926979
@@@ mem[  864] = fd4427830440006f : 18249755033677594735
@@@ mem[  872] = fac4270300279793 : 18069610498758252435
@@@ mem[  880] = fc44268300f707b3 : 18177696340072925107
@@@ mem[  888] = 00271713fdc42703 : 11002898721023747
@@@ mem[  896] = 0007270300e68733 : 2013218690467635
@@@ mem[  904] = fdc4278300e7a023 : 18285783830640435235
@@@ mem[  912] = fcf42e2300178793 : 18227244319735515027
@@@ mem[  920] = 00178793fd442783 : 6622994143389571
@@@ mem[  928] = fdc42703fcf42a23 : 18285783285113301539
@@@ mem[  936] = faf74ce3fd042783 : 18084007370815711107
@@@ mem[  944] = fd4427830440006f : 18249755033677594735
@@@ mem[  952] = fac4270300279793 : 18069610498758252435
@@@ mem[  960] = fbc4268300f707b3 : 18141667543053961139
@@@ mem[  968] = 00271713fd842703 : 11002898716829443
@@@ mem[  976] = 0007270300e68733 : 2013218690467635
@@@ mem[  984] = fd84278300e7a023 : 18267769432130953251
@@@ mem[  992] = fcf42c2300178793 : 18227242120712259475
@@@ mem[ 1000] = 00178793fd442783 : 6622994143389571
@@@ mem[ 1008] = fd842703fcf42a23 : 18267768886603819555
@@@ mem[ 1016] = faf74ce3fcc42783 : 18084007370811516803
@@@ mem[ 1024] = 0000001300058113 : 81604739347
@@@ mem[ 1032] = 05c12403fa040113 : 414652240192864531
@@@ mem[ 1040] = 0541298305812903 : 378629486385637635
@@@ mem[ 1048] = 04c12a8305012a03 : 342601788869913091
@@@ mem[ 1056] = 04412b8304812b03 : 306574091354188547
@@@ mem[ 1064] = 0000806706010113 : 141179970715923
@@@ mem[ 1072] = 02112623fd010113 : 148942198690349331
@@@ mem[ 1080] = 0301041302812423 : 216458736783402019
@@@ mem[ 1088] = fcb42c23fca42e23 : 18209227726439853603
@@@ mem[ 1096] = fd842703fcc42a23 : 18267768886600673827
@@@ mem[ 1104] = 06f75463fd442783 : 501962671902697347
@@@ mem[ 1112] = fd842783fd442703 : 18267769436364875523
@@@ mem[ 1120] = 4017d79340f707b3 : 4618396970341828531
@@@ mem[ 1128] = 00f707b3fd842703 : 69532788881368835
@@@ mem[ 1136] = fec42603fef42623 : 18357839779673155107
@@@ mem[ 1144] = fdc42503fd842583 : 18285781086099481987
@@@ mem[ 1152] = fb0080e700000097 : 18086597833145712791
@@@ mem[ 1160] = 00178793fec42783 : 6622994168555395
@@@ mem[ 1168] = 00078593fd442603 : 2117195492763139
@@@ mem[ 1176] = 00000097fdc42503 : 652797551875
@@@ mem[ 1184] = fd442683f94080e7 : 18249753938276417767
@@@ mem[ 1192] = fd842583fec42603 : 18267767237366785539
@@@ mem[ 1200] = 00000097fdc42503 : 652797551875
@@@ mem[ 1208] = 00000013bfc080e7 : 84821442791
@@@ mem[ 1216] = 0281240302c12083 : 180465055421243523
@@@ mem[ 1224] = 0000806703010113 : 141179920384275
@@@ mem[ 1232] = 06112623f9010113 : 437172574774952211
@@@ mem[ 1240] = 0701041306812423 : 504689113002222627
@@@ mem[ 1248] = 72078713000007b7 : 8216684560834889655
@@@ mem[ 1256] = 00070693f9440793 : 1977557448918931
@@@ mem[ 1264] = 0007061305c00713 : 1977003607590675
@@@ mem[ 1272] = 0007851300068593 : 2116641488274835
@@@ mem[ 1280] = 038080e700000097 : 252343308758548631
@@@ mem[ 1288] = 01700613f9440793 : 103589474285651859
@@@ mem[ 1296] = 0007851300000593 : 2116641487848851
@@@ mem[ 1304] = f18080e700000097 : 17402050689785397399
@@@ mem[ 1312] = 0007851300000793 : 2116641487849363
@@@ mem[ 1320] = 0681240306c12083 : 468695431640064131
@@@ mem[ 1328] = 0000806707010113 : 141179987493139
@@@ mem[ 1336] = 0037f79300a5c7b3 : 15753334462203827
@@@ mem[ 1344] = 0607946300c508b3 : 434479042000128179
@@@ mem[ 1352] = 06c7f06300300793 : 488623392588564371
@@@ mem[ 1360] = 0005071300357793 : 1415153072830355
@@@ mem[ 1368] = ffc8f61306079a63 : 18431252036579727971
@@@ mem[ 1376] = 0200079340e606b3 : 144123517106259635
@@@ mem[ 1384] = 0005869308d7ce63 : 1555340950228579
@@@ mem[ 1392] = 02c7786300070793 : 200261075038832531
@@@ mem[ 1400] = 004787930006a803 : 20133788776835075
@@@ mem[ 1408] = ff07ae2300468693 : 18376848269860308627
@@@ mem[ 1416] = fff60793fec7e8e3 : 18443937656158546147
@@@ mem[ 1424] = ffc7f79340e787b3 : 18430972211858212787
@@@ mem[ 1432] = 00f7073300478793 : 69532234876946323
@@@ mem[ 1440] = 0117686300f585b3 : 78646292929414579
@@@ mem[ 1448] = 0005071300008067 : 1415153069359207
@@@ mem[ 1456] = 0005c78305157863 : 1626740423489635
@@@ mem[ 1464] = 0015859300170713 : 6057840919119635
@@@ mem[ 1472] = fee898e3fef70fa3 : 18368099185233170339
@@@ mem[ 1480] = 0005c68300008067 : 1625640826601575
@@@ mem[ 1488] = 0037779300170713 : 15612596964493075
@@@ mem[ 1496] = 00158593fed70fa3 : 6057845193117603
@@@ mem[ 1504] = 0005c683f6078ee3 : 1625644954259171
@@@ mem[ 1512] = 0037779300170713 : 15612596964493075
@@@ mem[ 1520] = 00158593fed70fa3 : 6057845193117603
@@@ mem[ 1528] = f61ff06ffc079ae3 : 17735158221368695523
@@@ mem[ 1536] = ff01011300008067 : 18374969135764373607
@@@ mem[ 1544] = 0200041300812623 : 144119667735209507
@@@ mem[ 1552] = 0045a2830005a383 : 19600456917820291
@@@ mem[ 1560] = 00c5af030085af83 : 55642997840523139
@@@ mem[ 1568] = 0145ae030105ae83 : 91670695356247683
@@@ mem[ 1576] = 01c5a8030185a303 : 127692895313830659
@@@ mem[ 1584] = 024707130205a683 : 164107689642010243
@@@ mem[ 1592] = fc772e2340e607b3 : 18192059948733958067
@@@ mem[ 1600] = fff72223fe572023 : 18444248336905478179
@@@ mem[ 1608] = ffd72623ffe72423 : 18435245535723463715
@@@ mem[ 1616] = fe672a23ffc72823 : 18331667142338357283
@@@ mem[ 1624] = fed72e23ff072c23 : 18363196737763879971
@@@ mem[ 1632] = faf446e302458593 : 18083156344609015187
@@@ mem[ 1640] = 0007079300058693 : 1978652778923667
@@@ mem[ 1648] = 0006a80302c77863 : 1873580745259107
@@@ mem[ 1656] = 0046869300478793 : 19851214292748179
@@@ mem[ 1664] = fec7e8e3ff07ae23 : 18358898471933029923
@@@ mem[ 1672] = 40e787b3fff60793 : 4676855945210759059
@@@ mem[ 1680] = 00478793ffc7f793 : 20133793067693971
@@@ mem[ 1688] = 00f585b300f70733 : 69108373155940147
@@@ mem[ 1696] = 00c1240301176863 : 54364265826969699
@@@ mem[ 1704] = 0000806701010113 : 141179886829843
@@@ mem[ 1712] = 001707130005c783 : 6481702650496899
@@@ mem[ 1720] = fef70fa300158593 : 18372170397636724115
@@@ mem[ 1728] = 0005c783fee882e3 : 1626744614847203
@@@ mem[ 1736] = 0015859300170713 : 6057840919119635
@@@ mem[ 1744] = fce89ee3fef70fa3 : 18223990594227081123
@@@ mem[ 1752] = 00000000fcdff06f : 4242534511
@@@
@@@ mem[ 1824] = 0000000f00000020 : 64424509472
@@@ mem[ 1832] = 0000000500000141 : 21474836801
@@@ mem[ 1840] = 0000000300000004 : 12884901892
@@@ mem[ 1848] = 0000004a00000002 : 317827579906
@@@ mem[ 1856] = 0000000400000009 : 17179869193
@@@ mem[ 1864] = 000005230000034e : 5647881995086
@@@ mem[ 1872] = 0000199400000054 : 28123445854292
@@@ mem[ 1880] = 000017e10000002f : 26255135080495
@@@ mem[ 1888] = 0000001100000001 : 73014444033
@@@ mem[ 1896] = 00000544000001e5 : 5789615915493
@@@ mem[ 1904] = 0000053d00000004 : 5759551143940
@@@ mem[ 1912] = 0000000000000300 : 768
@@@
@@@ mem[65056] = 0000000000000300 : 768
@@@
@@@ mem[65072] = 000000000000053d : 1341
@@@
@@@ mem[65088] = 0000001500000016 : 90194313238
@@@ mem[65096] = 0000ff9400000015 : 281011120242709
@@@
@@@ mem[65112] = 0000fe2000000000 : 279413392408576
@@@ mem[65120] = 0000053d00000300 : 5759551144704
@@@ mem[65128] = 0000000100000000 : 4294967296
@@@ mem[65136] = 0000001600000017 : 94489280535
@@@ mem[65144] = 0000ff9400000015 : 281011120242709
@@@ mem[65152] = 0000030000000000 : 3298534883328
@@@ mem[65160] = 0000fe500000053d : 279619550840125
@@@ mem[65168] = 0000000400000000 : 17179869184
@@@ mem[65176] = 00000300000001e5 : 3298534883813
@@@ mem[65184] = 0000000100000000 : 4294967296
@@@ mem[65192] = 0000001100000004 : 73014444036
@@@ mem[65200] = 000000540000002f : 360777252911
@@@ mem[65208] = 00000300000001e5 : 3298534883813
@@@ mem[65216] = 000005440000053d : 5789615916349
@@@ mem[65224] = 00001994000017e1 : 28123445860321
@@@ mem[65232] = 0000000300000002 : 12884901890
@@@ mem[65240] = 0000000400000004 : 17179869188
@@@ mem[65248] = 0000000900000005 : 38654705669
@@@ mem[65256] = 000000200000000f : 137438953487
@@@ mem[65264] = 000001410000004a : 1378684502090
@@@ mem[65272] = 000005230000034e : 5647881995086
@@@ mem[65280] = 0000000b00000017 : 47244640279
@@@ mem[65288] = 0000ff9400000000 : 281011120242688
@@@
@@@ mem[65304] = 0000fea000000000 : 279963148222464
@@@ mem[65312] = 0000fed00000000b : 280169306652683
@@@ mem[65320] = 0000000c0000000b : 51539607563
@@@ mem[65328] = 000000180000000c : 103079215116
@@@ mem[65336] = 0000000c0000000c : 51539607564
@@@
@@@ mem[65368] = 0000ff9000000000 : 280993940373504
@@@ mem[65376] = 0000001700000000 : 98784247808
@@@ mem[65384] = 0000ff9400000000 : 281011120242688
@@@
@@@ mem[65400] = 0000000b00000000 : 47244640256
@@@
@@@ mem[65416] = 0000052000010000 : 5634997157888
@@@
@@@ mem[65432] = 0000000200000001 : 8589934593
@@@ mem[65440] = 0000000400000003 : 17179869187
@@@ mem[65448] = 0000000400000004 : 17179869188
@@@ mem[65456] = 0000000900000005 : 38654705669
@@@ mem[65464] = 000000110000000f : 73014444047
@@@ mem[65472] = 0000002f00000020 : 201863462944
@@@ mem[65480] = 000000540000004a : 360777252938
@@@ mem[65488] = 000001e500000141 : 2083059138881
@@@ mem[65496] = 0000034e00000300 : 3633542333184
@@@ mem[65504] = 0000053d00000523 : 5759551145251
@@@ mem[65512] = 000017e100000544 : 26255135081796
@@@ mem[65520] = 0000000000001994 : 6548
@@@ mem[65528] = 0000009000000000 : 618475290624
@@@
@@               4990520 : System halted
@@
@@@ System halted on WFI instruction
@@@
@@
@@  16632 cycles / 9481 instrs = 1.754245 CPI
@@
@@  498930.00 ns total time to execute
@@

$finish called from file "test/pipeline_test.sv", line 296.
$finish at simulation time              4991520
           V C S   S i m u l a t i o n   R e p o r t 
Time: 499152000 ps
CPU Time:      0.440 seconds;       Data structure size:   0.1Mb
Wed Feb 28 16:38:04 2024
