Info: [VCS_SAVE_RESTORE_INFO] ASLR (Address Space Layout Randomization) is detected on the machine. To enable $save functionality, ASLR will be switched off and simv re-executed.
Please use '-no_save' simv switch to avoid re-execution or '-suppress=ASLR_DETECTED_INFO' to suppress this message.
Chronologic VCS simulator copyright 1991-2023
Contains Synopsys proprietary information.
Compiler version U-2023.03-SP2-1_Full64; Runtime version U-2023.03-SP2-1_Full64;  Feb 28 16:38 2024
Loading memory file: programs/sort_search.mem
Using writeback output file: output/sort_search.wb
Using pipeline output file: output/sort_search.ppln
@@
@@
@@                     0  Asserting System reset......
@@
@@                     0 : System STILL at reset, can't show anything
@@
@@
@@                   300 : System STILL at reset, can't show anything
@@
@@
@@                   600 : System STILL at reset, can't show anything
@@
@@
@@                   900 : System STILL at reset, can't show anything
@@
@@                  1060  Deasserting System reset......
@@
@@
@@@ Unified Memory contents hex on left, decimal on right: 
@@@
@@@ mem[    0] = 0000009700000013 : 648540061715
@@@ mem[    8] = 0001011708c08093 : 282673419419795
@@@ mem[   16] = 00010413ff410113 : 285958910050579
@@@ mem[   24] = ee81819300003197 : 17186160121382711703
@@@ mem[   32] = 0000029300000213 : 2830383448595
@@@ mem[   40] = 0000039300000313 : 3929895076627
@@@ mem[   48] = 0000051300000493 : 5579162518675
@@@ mem[   56] = 0000061300000593 : 6678674146707
@@@ mem[   64] = 0000071300000693 : 7778185774739
@@@ mem[   72] = 0000081300000793 : 8877697402771
@@@ mem[   80] = 0000091300000893 : 9977209030803
@@@ mem[   88] = 00000a1300000993 : 11076720658835
@@@ mem[   96] = 00000b1300000a93 : 12176232286867
@@@ mem[  104] = 00000c1300000b93 : 13275743914899
@@@ mem[  112] = 00000d1300000c93 : 14375255542931
@@@ mem[  120] = 00000e1300000d93 : 15474767170963
@@@ mem[  128] = 00000f1300000e93 : 16574278798995
@@@ mem[  136] = 2180006f00000f93 : 2413929877011959699
@@@ mem[  144] = f701011300010117 : 17798508383460983063
@@@ mem[  152] = 00000013fea12c23 : 85876354083
@@@ mem[  160] = 0000001310500073 : 81878057075
@@@ mem[  168] = 0000001300000013 : 81604378643
@@@ mem[  176] = 02812623fd010113 : 180467396081942803
@@@ mem[  184] = fca42e2303010413 : 18204726321647518739
@@@ mem[  192] = fe042623fcb42c23 : 18303796721545915427
@@@ mem[  200] = fec427830bc0006f : 18357841424860315759
@@@ mem[  208] = fef4242300178793 : 18371348512695093139
@@@ mem[  216] = fe8427830940006f : 18339827026308890735
@@@ mem[  224] = fdc4270300279793 : 18285783280872036243
@@@ mem[  232] = 0007a70300f707b3 : 2153956179904435
@@@ mem[  240] = 00279793fec42783 : 11144185981970307
@@@ mem[  248] = 00f687b3fdc42683 : 69392051397207683
@@@ mem[  256] = 04f75e630007a783 : 357858474694518659
@@@ mem[  264] = 00279793fe842783 : 11144185977776003
@@@ mem[  272] = 00f707b3fdc42703 : 69532788885563139
@@@ mem[  280] = fef422230007a783 : 18371346313670797187
@@@ mem[  288] = 00279793fec42783 : 11144185981970307
@@@ mem[  296] = 00f70733fdc42703 : 69532239129749251
@@@ mem[  304] = 00279793fe842783 : 11144185977776003
@@@ mem[  312] = 00f687b3fdc42683 : 69392051397207683
@@@ mem[  320] = 00e7a02300072703 : 65196791804929795
@@@ mem[  328] = 00279793fec42783 : 11144185981970307
@@@ mem[  336] = 00f707b3fdc42703 : 69532788885563139
@@@ mem[  344] = 00e7a023fe442703 : 65196796070340355
@@@ mem[  352] = 00178793fe842783 : 6622994164361091
@@@ mem[  360] = fe842703fef42423 : 18339826480675300387
@@@ mem[  368] = f6f744e3fd842783 : 17795768198579365763
@@@ mem[  376] = 00178793fec42783 : 6622994168555395
@@@ mem[  384] = fd842783fef42623 : 18267769436393186851
@@@ mem[  392] = fec42703fff78793 : 18357840879201781651
@@@ mem[  400] = 00000013f2f74ee3 : 85680672483
@@@ mem[  408] = 02c1240300000013 : 198479453884514323
@@@ mem[  416] = 0000806703010113 : 141179920384275
@@@ mem[  424] = 02112623fd010113 : 148942198690349331
@@@ mem[  432] = 0301041302812423 : 216458736783402019
@@@ mem[  440] = fcb42c23fca42e23 : 18209227726439853603
@@@ mem[  448] = fcd42823fcc42a23 : 18218230527650179619
@@@ mem[  456] = fd842783fd442703 : 18267769436364875523
@@@ mem[  464] = fd4427030af74e63 : 18249754484034457187
@@@ mem[  472] = 40f707b3fd842783 : 4681218807308756867
@@@ mem[  480] = 00f707b301f7d713 : 69532784661092115
@@@ mem[  488] = 000787134017d793 : 2118841586407315
@@@ mem[  496] = 00e787b3fd842783 : 65169926742353795
@@@ mem[  504] = fec42783fef42623 : 18357841428940596771
@@@ mem[  512] = fdc4270300279793 : 18285783280872036243
@@@ mem[  520] = 0007a78300f707b3 : 2154505935718323
@@@ mem[  528] = 00f71663fd042703 : 69548937950013187
@@@ mem[  536] = 0740006ffec42783 : 522418037790615427
@@@ mem[  544] = 00279793fec42783 : 11144185981970307
@@@ mem[  552] = 00f707b3fdc42703 : 69532788885563139
@@@ mem[  560] = fd0427030007a783 : 18231740085341497219
@@@ mem[  568] = fec4278302f75663 : 18357841424712947299
@@@ mem[  576] = fd042683fff78793 : 18231739539879593875
@@@ mem[  584] = fd84258300078613 : 18267767233093010963
@@@ mem[  592] = 00000097fdc42503 : 652797551875
@@@ mem[  600] = 00050793f54080e7 : 1415706939785447
@@@ mem[  608] = fec427830300006f : 18357841424713515119
@@@ mem[  616] = fd04268300178793 : 18231739535586723731
@@@ mem[  624] = 00078593fd442603 : 2117195492763139
@@@ mem[  632] = 00000097fdc42503 : 652797551875
@@@ mem[  640] = 00050793f2c080e7 : 1415706897842407
@@@ mem[  648] = fff007930080006f : 18442248802032156783
@@@ mem[  656] = 02c1208300078513 : 198475605594309907
@@@ mem[  664] = 0301011302812403 : 216455438248518659
@@@ mem[  672] = e401011300008067 : 16429414096740319335
@@@ mem[  680] = 1a812c231a112e23 : 1909856246254612003
@@@ mem[  688] = fe0426231c010413 : 18303796717776077843
@@@ mem[  696] = 000000970340006f : 648594587759
@@@ mem[  704] = 00050793124080e7 : 1415703131357415
@@@ mem[  712] = fec4278301f7f713 : 18357841424696211219
@@@ mem[  720] = ff07879300279793 : 18376805869941135251
@@@ mem[  728] = e4e7ac23008787b3 : 16494341426600445875
@@@ mem[  736] = 00178793fec42783 : 6622994168555395
@@@ mem[  744] = fec42703fef42623 : 18357840879184782883
@@@ mem[  752] = fce7d4e306200793 : 18223768488703428499
@@@ mem[  760] = fef4242300a00793 : 18371348512704038803
@@@ mem[  768] = 06300593e4840793 : 445862495861868435
@@@ mem[  776] = 0000009700078513 : 648540554515
@@@ mem[  784] = e4840793da4080e7 : 16466294469176623335
@@@ mem[  792] = 06200613fe842683 : 441359446426527363
@@@ mem[  800] = 0007851300000593 : 2116641487848851
@@@ mem[  808] = e80080e700000097 : 16717503546425082007
@@@ mem[  816] = e4840793fea42223 : 16466294469787132451
@@@ mem[  824] = 062006131a400693 : 441359442596857491
@@@ mem[  832] = 0007851300000593 : 2116641487848851
@@@ mem[  840] = e60080e700000097 : 16573388358349226135
@@@ mem[  848] = e4840793fea42023 : 16466294469787131939
@@@ mem[  856] = 0620061302100693 : 441359442191058579
@@@ mem[  864] = 0007851300000593 : 2116641487848851
@@@ mem[  872] = e40080e700000097 : 16429273170273370263
@@@ mem[  880] = e4840793fca42e23 : 16466294469753581091
@@@ mem[  888] = 0620061301700693 : 441359442180572819
@@@ mem[  896] = 0007851300000593 : 2116641487848851
@@@ mem[  904] = e20080e700000097 : 16285157982197514391
@@@ mem[  912] = e4840793fca42c23 : 16466294469753580579
@@@ mem[  920] = 0620061300c00693 : 441359442169038483
@@@ mem[  928] = 0007851300000593 : 2116641487848851
@@@ mem[  936] = e00080e700000097 : 16141042794121658519
@@@ mem[  944] = 00000793fca42a23 : 8332180204067
@@@ mem[  952] = 1bc1208300078513 : 1999915456542508307
@@@ mem[  960] = 1c0101131b812403 : 2017895289616147459
@@@ mem[  968] = 000027b700008067 : 43666932531303
@@@ mem[  976] = 08a7ac237207a783 : 623656341651040131
@@@ mem[  984] = 000080670807ae23 : 141180004707875
@@@ mem[  992] = 000027b7ff010113 : 43671210754323
@@@ mem[ 1000] = 7207a40300812423 : 8216716377961079843
@@@ mem[ 1008] = 1c07a603000027b7 : 2019765489714079671
@@@ mem[ 1016] = 09c4258309842503 : 703728686507238659
@@@ mem[ 1024] = 001126231c47a683 : 4827006844249731
@@@ mem[ 1032] = cc0080e700002097 : 14699890913363107991
@@@ mem[ 1040] = 00a7b53300150793 : 47205551760017299
@@@ mem[ 1048] = 00c1208300b505b3 : 54360417529824691
@@@ mem[ 1056] = 08b42e2308f42c23 : 627176976120294435
@@@ mem[ 1064] = 0015951300812403 : 6074883356304387
@@@ mem[ 1072] = 0101011300155513 : 72340250132043027
@@@ mem[ 1080] = 0000051300008067 : 5579162550375
@@@ mem[ 1088] = 0000263700008067 : 42017665089639
@@@ mem[ 1096] = 00002537000025b7 : 40918153438647
@@@ mem[ 1104] = a305859330060613 : 11746942070278194707
@@@ mem[ 1112] = 000003171e050513 : 3397822776595
@@@ mem[ 1120] = 004525833b030067 : 19463018954031207
@@@ mem[ 1128] = 000027b7ff010113 : 43671210754323
@@@ mem[ 1136] = 0011262300812423 : 4827006378255395
@@@ mem[ 1144] = 0005041375878793 : 1411856506259347
@@@ mem[ 1152] = 0000109700f58663 : 18240742196835
@@@ mem[ 1160] = 008425835ac080e7 : 37195943019315431
@@@ mem[ 1168] = 7c078793000027b7 : 8937261050969991095
@@@ mem[ 1176] = 0004051300f58863 : 1131479085451363
@@@ mem[ 1184] = 590080e700001097 : 6413267599001391255
@@@ mem[ 1192] = 000037b700c42583 : 61259131397507
@@@ mem[ 1200] = 00f58e6382878793 : 69117927336937363
@@@ mem[ 1208] = 0081240300040513 : 36349867299439891
@@@ mem[ 1216] = 0101011300c12083 : 72340250143301763
@@@ mem[ 1224] = 5683006700001317 : 6233826751592534807
@@@ mem[ 1232] = 0081240300c12083 : 36349867311833219
@@@ mem[ 1240] = 0000806701010113 : 141179886829843
@@@ mem[ 1248] = 0000806700000513 : 141179869988115
@@@ mem[ 1256] = 000007b7fe010113 : 8486821888275
@@@ mem[ 1264] = 0000273700812c23 : 43117185149987
@@@ mem[ 1272] = 0000243744478793 : 39819787339667
@@@ mem[ 1280] = 7584041300002537 : 8467897679014274359
@@@ mem[ 1288] = 00912a2300112e23 : 40860201436392995
@@@ mem[ 1296] = 0131262301212823 : 85891799681411107
@@@ mem[ 1304] = 74f7202301412423 : 8428240562364163107
@@@ mem[ 1312] = 0040079300800613 : 18022726459459091
@@@ mem[ 1320] = 7b45051300000593 : 8882511419220690323
@@@ mem[ 1328] = 0004202300f42623 : 1161234618787363
@@@ mem[ 1336] = 0004242300042223 : 1165632649568803
@@@ mem[ 1344] = 0004282306042223 : 1170030796743203
@@@ mem[ 1352] = 00042c2300042a23 : 1174428742593059
@@@ mem[ 1360] = 77c080e700000097 : 8629038615667671191
@@@ mem[ 1368] = 00001a37000107b7 : 28823525590967
@@@ mem[ 1376] = 00001937000019b7 : 27724013902263
@@@ mem[ 1384] = 00003537000014b7 : 58510339478711
@@@ mem[ 1392] = 928989938c0a0a13 : 10559122068149504531
@@@ mem[ 1400] = a34484939b890913 : 11764673896103086355
@@@ mem[ 1408] = 0080061300978793 : 36035475703039891
@@@ mem[ 1416] = 81c5051300000593 : 9350885780467221907
@@@ mem[ 1424] = 0334222303442023 : 230847014676733987
@@@ mem[ 1432] = 0294262303242423 : 185815416447444003
@@@ mem[ 1440] = 00842e2306f42a23 : 37205424901204515
@@@ mem[ 1448] = 0604262306042423 : 433513396001055779
@@@ mem[ 1456] = 0c04262306042823 : 865858960228624419
@@@ mem[ 1464] = 06042e2306042c23 : 433522192094080035
@@@ mem[ 1472] = 0000009708042023 : 648674549795
@@@ mem[ 1480] = 000207b7708080e7 : 571434401300711
@@@ mem[ 1488] = 0000273700003537 : 43117176698167
@@@ mem[ 1496] = 7c07071301278793 : 8937119763745179539
@@@ mem[ 1504] = 0000059300800613 : 6128926721555
@@@ mem[ 1512] = 0944242388450513 : 667698379786355987
@@@ mem[ 1520] = 0924282309342623 : 658695576446314019
@@@ mem[ 1528] = 0cf42e2308942a23 : 933421750775196195
@@@ mem[ 1536] = 0c04282308e42223 : 865861159300112931
@@@ mem[ 1544] = 0c042c230c042a23 : 865865557399054883
@@@ mem[ 1552] = 0e04202312042a23 : 1009967551436040739
@@@ mem[ 1560] = 0e0424230e042223 : 1009971949415440931
@@@ mem[ 1568] = 6ac080e700000097 : 7692289893174608023
@@@ mem[ 1576] = 82878793000037b7 : 9405635412216526775
@@@ mem[ 1584] = 0f342a230f442823 : 1095546939426220067
@@@ mem[ 1592] = 0e942e230f242c23 : 1050515341196930083
@@@ mem[ 1600] = 0ef4262301c12083 : 1077528142643536003
@@@ mem[ 1608] = 0141248301812403 : 90393612608676867
@@@ mem[ 1616] = 00c1298301012903 : 54370313139464451
@@@ mem[ 1624] = 0201011300812a03 : 144397844177037827
@@@ mem[ 1632] = 000027b700008067 : 43666932531303
@@@ mem[ 1640] = fe0101137407a783 : 18302911543673071491
@@@ mem[ 1648] = 00112e2301312623 : 4835802482812451
@@@ mem[ 1656] = 00912a2300812c23 : 40860201443732515
@@@ mem[ 1664] = 0005099301212823 : 1417901867345955
@@@ mem[ 1672] = 000029370e078e63 : 45316435316323
@@@ mem[ 1680] = fff0049330090913 : 18442245504294783251
@@@ mem[ 1688] = 0089240300492783 : 38601667117655939
@@@ mem[ 1696] = 0007d863fff78793 : 2208248844748691
@@@ mem[ 1704] = 068404130840006f : 469504740942676079
@@@ mem[ 1712] = 00c4170306978e63 : 55194397198224995
@@@ mem[ 1720] = fe0718e3fff78793 : 18304626578001725331
@@@ mem[ 1728] = 00178793ffff07b7 : 6622994189191095
@@@ mem[ 1736] = 0604222300f42623 : 433508997869610531
@@@ mem[ 1744] = 0004242300042023 : 1165632649568291
@@@ mem[ 1752] = 0004282300042223 : 1170030696079907
@@@ mem[ 1760] = 00042c2300042a23 : 1174428742593059
@@@ mem[ 1768] = 0000059300800613 : 6128926721555
@@@ mem[ 1776] = 0000009705c40513 : 648636794131
@@@ mem[ 1784] = 020428235d8080e7 : 145285220340367591
@@@ mem[ 1792] = 0404222302042a23 : 289393809811581475
@@@ mem[ 1800] = 01c1208304042423 : 126418011623269411
@@@ mem[ 1808] = 0181240300040513 : 108407461337367827
@@@ mem[ 1816] = 0101290301412483 : 72384161897325699
@@@ mem[ 1824] = 0201011300c12983 : 144397844181232003
@@@ mem[ 1832] = 0009240300008067 : 2572870093930599
@@@ mem[ 1840] = 0004091300040663 : 1135877116135011
@@@ mem[ 1848] = 1ac00593f61ff06f : 1927546773562191983
@@@ mem[ 1856] = 0000109700098513 : 18240726730003
@@@ mem[ 1864] = 00050413adc080e7 : 1411857449517287
@@@ mem[ 1872] = 00c5051304050063 : 55456149641953379
@@@ mem[ 1880] = 0004202300400793 : 1161234606983059
@@@ mem[ 1888] = 00a4242300f42223 : 46201628939002403
@@@ mem[ 1896] = 000005931a000613 : 6129354540563
@@@ mem[ 1904] = 55c080e700000097 : 6179080418378121367
@@@ mem[ 1912] = 0004091300892023 : 1135877124857891
@@@ mem[ 1920] = 00000097f19ff06f : 652593852527
@@@ mem[ 1928] = f01ff06fd64080e7 : 17302812656507322599
@@@ mem[ 1936] = 00c0079300092023 : 54051523470630947
@@@ mem[ 1944] = f71ff06f00f9a023 : 17807215811194626083
@@@ mem[ 1952] = 0007846303452783 : 2115885628467075
@@@ mem[ 1960] = 000027b700008067 : 43666932531303
@@@ mem[ 1968] = 000007b77407a703 : 8484507068163
@@@ mem[ 1976] = 02f52a2346478793 : 213122888361281427
@@@ mem[ 1984] = 00000317fe0714e3 : 3401581008099
@@@ mem[ 1992] = 00008067d2430067 : 141183397593191
@@@ mem[ 2000] = 0000263700008067 : 42017665089639
@@@ mem[ 2008] = 30060613000005b7 : 3460460042354951607
@@@ mem[ 2016] = 0000051343c58593 : 5580299535763
@@@ mem[ 2024] = 0243006700000317 : 162974453897102103
@@@ mem[ 2032] = 000005b700002637 : 6283537163831
@@@ mem[ 2040] = 4e05859330060613 : 5622046577054320147
@@@ mem[ 2048] = 0000031700000513 : 3397319132435
@@@ mem[ 2056] = fd01011300830067 : 18230853947697070183
@@@ mem[ 2064] = 01312e2303212023 : 85900595807985699
@@@ mem[ 2072] = 01512a2301412c23 : 94903396984761379
@@@ mem[ 2080] = 0171262301612823 : 103906198195087395
@@@ mem[ 2088] = 0281242302112623 : 180465192848664099
@@@ mem[ 2096] = 00050b1302912223 : 1419551158903331
@@@ mem[ 2104] = 00060a9300058b93 : 1700476337097619
@@@ mem[ 2112] = 0010099300000a13 : 4514126592215571
@@@ mem[ 2120] = 004aa483fff00913 : 21010035118180627
@@@ mem[ 2128] = fff48493008aa403 : 18443512140893168643
@@@ mem[ 2136] = 00c457830204c863 : 55265315621488739
@@@ mem[ 2144] = 00e4178300f9fe63 : 64202146114567779
@@@ mem[ 2152] = 000b051300040593 : 3101803906598291
@@@ mem[ 2160] = 000b80e701278663 : 3237954388985443
@@@ mem[ 2168] = fff4849300aa6a33 : 18443512140895250995
@@@ mem[ 2176] = fd249ce306840413 : 18240876889638175763
@@@ mem[ 2184] = fc0a90e3000aaa83 : 18161487751957621379
@@@ mem[ 2192] = 0281240302c12083 : 180465055421243523
@@@ mem[ 2200] = 0201290302412483 : 144441755952030851
@@@ mem[ 2208] = 01412a8301c12983 : 90400209682639235
@@@ mem[ 2216] = 00c12b8301012b03 : 54372512162720515
@@@ mem[ 2224] = 01812a03000a0513 : 108414058407527699
@@@ mem[ 2232] = 0000806703010113 : 141179920384275
@@@ mem[ 2240] = 00812423ff010113 : 36350009016385811
@@@ mem[ 2248] = 00e5958300058413 : 64622159540356115
@@@ mem[ 2256] = 0000009700112623 : 648541185571
@@@ mem[ 2264] = 02054063318080e7 : 145593357735854311
@@@ mem[ 2272] = 00c1208305042783 : 54360417602119555
@@@ mem[ 2280] = 04f4282300a787b3 : 356954401269057459
@@@ mem[ 2288] = 0101011300812403 : 72340250139108355
@@@ mem[ 2296] = 00c4578300008067 : 55265315587653735
@@@ mem[ 2304] = fff70713fffff737 : 18444218581399893815
@@@ mem[ 2312] = 00c1208300e7f7b3 : 54360417533163443
@@@ mem[ 2320] = 0081240300f41623 : 36349867315172899
@@@ mem[ 2328] = 0000806701010113 : 141179886829843
@@@ mem[ 2336] = 0000806700000513 : 141179869988115
@@@ mem[ 2344] = fe01011300c59783 : 18302911541739362179
@@@ mem[ 2352] = 00912a2300812c23 : 40860201443732515
@@@ mem[ 2360] = 0131262301212823 : 85891799681411107
@@@ mem[ 2368] = 1007f71300112e23 : 1155163490421386787
@@@ mem[ 2376] = 0005049300058413 : 1412404290618387
@@@ mem[ 2384] = 0006899300060913 : 1840114313857299
@@@ mem[ 2392] = fffff73704071263 : 18446734414395675235
@@@ mem[ 2400] = 00e7f7b3fff70713 : 65293072085747475
@@@ mem[ 2408] = 00f4162300e41583 : 68704233912014211
@@@ mem[ 2416] = 01c1208301812403 : 126418011581129731
@@@ mem[ 2424] = 0009061300098693 : 2539953465165459
@@@ mem[ 2432] = 0101290300c12983 : 72384161888938371
@@@ mem[ 2440] = 0141248300048513 : 90393612583732499
@@@ mem[ 2448] = 0000031702010113 : 3397352751379
@@@ mem[ 2456] = 00e595832c830067 : 64622160286777447
@@@ mem[ 2464] = 0000061300200693 : 6678676244115
@@@ mem[ 2472] = 1d4080e700000097 : 2107826355235192983
@@@ mem[ 2480] = fa9ff06f00c41783 : 18059417390323865475
@@@ mem[ 2488] = 00812423ff010113 : 36350009016385811
@@@ mem[ 2496] = 00e5958300058413 : 64622159540356115
@@@ mem[ 2504] = 0000009700112623 : 648541185571
@@@ mem[ 2512] = fff007931b0080e7 : 18442248802476785895
@@@ mem[ 2520] = 00c4578302f50863 : 55265315637233763
@@@ mem[ 2528] = 00c1208300001737 : 54360417517967159
@@@ mem[ 2536] = 0107979300e7e7b3 : 74194576506087347
@@@ mem[ 2544] = 04a428234107d793 : 334436404212258707
@@@ mem[ 2552] = 0081240300f41623 : 36349867315172899
@@@ mem[ 2560] = 0000806701010113 : 141179886829843
@@@ mem[ 2568] = fffff73700c45783 : 18446734414340970371
@@@ mem[ 2576] = 00e7f7b3fff70713 : 65293072085747475
@@@ mem[ 2584] = 4107d79301079793 : 4685950963679729555
@@@ mem[ 2592] = 00f4162300c12083 : 68704233909723267
@@@ mem[ 2600] = 0101011300812403 : 72340250139108355
@@@ mem[ 2608] = 00e5958300008067 : 64622159540027495
@@@ mem[ 2616] = 0083006700000317 : 36873664330728215
@@@ mem[ 2624] = 00812423ff010113 : 36350009016385811
@@@ mem[ 2632] = 0005041300912223 : 1411854543954467
@@@ mem[ 2640] = 00058513000024b7 : 1553691534435511
@@@ mem[ 2648] = 7404a22300112623 : 8359985079515162147
@@@ mem[ 2656] = 4bc080e700001097 : 5458504477998846103
@@@ mem[ 2664] = 00f50c63fff00793 : 68974992929326995
@@@ mem[ 2672] = 0081240300c12083 : 36349867311833219
@@@ mem[ 2680] = 0101011300412483 : 72340250134914179
@@@ mem[ 2688] = 7444a78300008067 : 8378005387898552423
@@@ mem[ 2696] = 00c12083fe0784e3 : 54360421779866851
@@@ mem[ 2704] = 0081240300f42023 : 36349867315175459
@@@ mem[ 2712] = 0101011300412483 : 72340250134914179
@@@ mem[ 2720] = 000027b700008067 : 43666932531303
@@@ mem[ 2728] = 0ca786637207a783 : 911845211238803331
@@@ mem[ 2736] = fe01011304452583 : 18302911541798053251
@@@ mem[ 2744] = 00112e2300912a23 : 4835802472327715
@@@ mem[ 2752] = 0605806300050493 : 433894101801567379
@@@ mem[ 2760] = 0131262301212823 : 85891799681411107
@@@ mem[ 2768] = 0000091300812c23 : 9977217494051
@@@ mem[ 2776] = 012587b308000993 : 82621371179338131
@@@ mem[ 2784] = 020400630007a403 : 145241513184961539
@@@ mem[ 2792] = 0004240300040593 : 1165495210608019
@@@ mem[ 2800] = 0000009700048513 : 648540357907
@@@ mem[ 2808] = fe0416e3410080e7 : 18303779950844477671
@@@ mem[ 2816] = 004909130444a583 : 20557650580514179
@@@ mem[ 2824] = 00048513fd391ae3 : 1272220806093539
@@@ mem[ 2832] = 3f4080e700000097 : 4557784552524742807
@@@ mem[ 2840] = 0101290301812403 : 72384161901519875
@@@ mem[ 2848] = 0384a58300c12983 : 253509461111548291
@@@ mem[ 2856] = 0004851300058863 : 1272216558078051
@@@ mem[ 2864] = 3d4080e700000097 : 4413669364448886935
@@@ mem[ 2872] = 0005886304c4a583 : 1557333746689411
@@@ mem[ 2880] = 0000009700048513 : 648540357907
@@@ mem[ 2888] = 0344a7833c0080e7 : 235497262619328743
@@@ mem[ 2896] = 01c1208300078c63 : 126418011556383843
@@@ mem[ 2904] = 0141248300048513 : 90393612583732499
@@@ mem[ 2912] = 0007806702010113 : 2111504740581651
@@@ mem[ 2920] = 0141248301c12083 : 90393612612870275
@@@ mem[ 2928] = 0000806702010113 : 141179903607059
@@@ mem[ 2936] = ff01011300008067 : 18374969135764373607
@@@ mem[ 2944] = 0081242300058713 : 36350004738492179
@@@ mem[ 2952] = 0006059300912223 : 1694978788106787
@@@ mem[ 2960] = 000024b700050413 : 40368397943827
@@@ mem[ 2968] = 0007051300068613 : 1975903999919635
@@@ mem[ 2976] = 7404a22300112623 : 8359985079515162147
@@@ mem[ 2984] = 3bc080e700001097 : 4305582973391999127
@@@ mem[ 2992] = 00f50c63fff00793 : 68974992929326995
@@@ mem[ 3000] = 0081240300c12083 : 36349867311833219
@@@ mem[ 3008] = 0101011300412483 : 72340250134914179
@@@ mem[ 3016] = 7444a78300008067 : 8378005387898552423
@@@ mem[ 3024] = 00c12083fe0784e3 : 54360421779866851
@@@ mem[ 3032] = 0081240300f42023 : 36349867315175459
@@@ mem[ 3040] = 0101011300412483 : 72340250134914179
@@@ mem[ 3048] = ff01011300008067 : 18374969135764373607
@@@ mem[ 3056] = 0081242300058713 : 36350004738492179
@@@ mem[ 3064] = 0006059300912223 : 1694978788106787
@@@ mem[ 3072] = 000024b700050413 : 40368397943827
@@@ mem[ 3080] = 0007051300068613 : 1975903999919635
@@@ mem[ 3088] = 7404a22300112623 : 8359985079515162147
@@@ mem[ 3096] = 394080e700001097 : 4125438988297179287
@@@ mem[ 3104] = 00f50c63fff00793 : 68974992929326995
@@@ mem[ 3112] = 0081240300c12083 : 36349867311833219
@@@ mem[ 3120] = 0101011300412483 : 72340250134914179
@@@ mem[ 3128] = 7444a78300008067 : 8378005387898552423
@@@ mem[ 3136] = 00c12083fe0784e3 : 54360421779866851
@@@ mem[ 3144] = 0081240300f42023 : 36349867315175459
@@@ mem[ 3152] = 0101011300412483 : 72340250134914179
@@@ mem[ 3160] = ff01011300008067 : 18374969135764373607
@@@ mem[ 3168] = 0081242300058713 : 36350004738492179
@@@ mem[ 3176] = 0006059300912223 : 1694978788106787
@@@ mem[ 3184] = 000024b700050413 : 40368397943827
@@@ mem[ 3192] = 0007051300068613 : 1975903999919635
@@@ mem[ 3200] = 7404a22300112623 : 8359985079515162147
@@@ mem[ 3208] = 3ec080e700001097 : 4521755755505782935
@@@ mem[ 3216] = 00f50c63fff00793 : 68974992929326995
@@@ mem[ 3224] = 0081240300c12083 : 36349867311833219
@@@ mem[ 3232] = 0101011300412483 : 72340250134914179
@@@ mem[ 3240] = 7444a78300008067 : 8378005387898552423
@@@ mem[ 3248] = 00c12083fe0784e3 : 54360421779866851
@@@ mem[ 3256] = 0081240300f42023 : 36349867315175459
@@@ mem[ 3264] = 0101011300412483 : 72340250134914179
@@@ mem[ 3272] = 00f0031300008067 : 67557374549852263
@@@ mem[ 3280] = 02c37e6300050713 : 199141772201625363
@@@ mem[ 3288] = 0a07906300f77793 : 722705020108634003
@@@ mem[ 3296] = ff06769308059263 : 18376505703398740579
@@@ mem[ 3304] = 00e686b300f67613 : 64887348016870931
@@@ mem[ 3312] = 00b7222300b72023 : 51547454469251107
@@@ mem[ 3320] = 00b7262300b72423 : 51551852515763235
@@@ mem[ 3328] = fed766e301070713 : 18363259130787333907
@@@ mem[ 3336] = 0000806700061463 : 141179870385251
@@@ mem[ 3344] = 0026969340c306b3 : 10861608305886899
@@@ mem[ 3352] = 005686b300000297 : 24354951354385047
@@@ mem[ 3360] = 00b7072300c68067 : 51517767656308839
@@@ mem[ 3368] = 00b7062300b706a3 : 51516668143666851
@@@ mem[ 3376] = 00b7052300b705a3 : 51515568632038819
@@@ mem[ 3384] = 00b7042300b704a3 : 51514469120410787
@@@ mem[ 3392] = 00b7032300b703a3 : 51513369608782755
@@@ mem[ 3400] = 00b7022300b702a3 : 51512270097154723
@@@ mem[ 3408] = 00b7012300b701a3 : 51511170585526691
@@@ mem[ 3416] = 00b7002300b700a3 : 51510071073898659
@@@ mem[ 3424] = 0ff5f59300008067 : 1150095291572060263
@@@ mem[ 3432] = 00d5e5b300859693 : 60206727010031251
@@@ mem[ 3440] = 00d5e5b301059693 : 60206727018419859
@@@ mem[ 3448] = 00279693f6dff06f : 11143086337945711
@@@ mem[ 3456] = 005686b300000297 : 24354951354385047
@@@ mem[ 3464] = fa0680e700008293 : 18016229088968082067
@@@ mem[ 3472] = ff07879300028093 : 18376805869938704531
@@@ mem[ 3480] = 00f6063340f70733 : 69249661473851187
@@@ mem[ 3488] = f3dff06ff6c378e3 : 17573028634695006435
@@@ mem[ 3496] = 01312623fe010113 : 85891803923939603
@@@ mem[ 3504] = 00812c23000029b7 : 36358800831162807
@@@ mem[ 3512] = 0121282300912a23 : 81390399067859491
@@@ mem[ 3520] = 00112e2301412423 : 4835802483860515
@@@ mem[ 3528] = 0005091300058a13 : 1417352092944915
@@@ mem[ 3536] = 0000109730c98993 : 18241544620435
@@@ mem[ 3544] = 0089a703c54080e7 : 38745706445439207
@@@ mem[ 3552] = fef78793000017b7 : 18372302270311176119
@@@ mem[ 3560] = 0000173700472483 : 25524995302531
@@@ mem[ 3568] = 00f48433ffc4f493 : 68825253186696339
@@@ mem[ 3576] = 00c4541341440433 : 55261537111376947
@@@ mem[ 3584] = 00c41413fff40413 : 55191171566404627
@@@ mem[ 3592] = 0000059302e44063 : 6128966844515
@@@ mem[ 3600] = 0000109700090513 : 18240726697235
@@@ mem[ 3608] = 0089a7830a4080e7 : 38746253063913703
@@@ mem[ 3616] = 02f50a63009787b3 : 213087977697937331
@@@ mem[ 3624] = 0000109700090513 : 18240726697235
@@@ mem[ 3632] = 01c12083c00080e7 : 126418014777147623
@@@ mem[ 3640] = 0141248301812403 : 90393612608676867
@@@ mem[ 3648] = 00c1298301012903 : 54370313139464451
@@@ mem[ 3656] = 0000051300812a03 : 5579170982403
@@@ mem[ 3664] = 0000806702010113 : 141179903607059
@@@ mem[ 3672] = 00090513408005b3 : 2538855035045299
@@@ mem[ 3680] = 058080e700001097 : 396458496834408599
@@@ mem[ 3688] = 04f50c63fff00793 : 357205369081038739
@@@ mem[ 3696] = 89078793000037b7 : 9874009773463058359
@@@ mem[ 3704] = 0089a6830007a703 : 38745153380787971
@@@ mem[ 3712] = 0014e493408484b3 : 5880820627965107
@@@ mem[ 3720] = 0009051340870733 : 2538855035504435
@@@ mem[ 3728] = 00e7a0230096a223 : 65196791814332963
@@@ mem[ 3736] = b94080e700001097 : 13348811025151955095
@@@ mem[ 3744] = 0181240301c12083 : 108407461366538371
@@@ mem[ 3752] = 0101290301412483 : 72384161897325699
@@@ mem[ 3760] = 00812a0300c12983 : 36356464381602179
@@@ mem[ 3768] = 0201011300100513 : 144397844169622803
@@@ mem[ 3776] = 0000059300008067 : 6128918364263
@@@ mem[ 3784] = 0000109700090513 : 18240726697235
@@@ mem[ 3792] = 0089a703fec080e7 : 38745707410129127
@@@ mem[ 3800] = 40e507b300f00693 : 4676152253490398867
@@@ mem[ 3808] = 000026b7f4f6d4e3 : 42571530687715
@@@ mem[ 3816] = 0017e7937246a683 : 6728544927786627
@@@ mem[ 3824] = 40d5053300f72223 : 4671645905084424739
@@@ mem[ 3832] = 88a6a823000036b7 : 9846742503569503927
@@@ mem[ 3840] = 18058863f29ff06f : 1730939594647531631
@@@ mem[ 3848] = 00812423ff010113 : 36350009016385811
@@@ mem[ 3856] = 0005841300912223 : 1552592032309795
@@@ mem[ 3864] = 0011262300050493 : 4827006370120851
@@@ mem[ 3872] = b08080e700001097 : 12718307077320085655
@@@ mem[ 3880] = ff840713ffc42503 : 18411848959074247939
@@@ mem[ 3888] = ffe57793000025b7 : 18439275722582271415
@@@ mem[ 3896] = 30c5859300f70633 : 3514361950655415859
@@@ mem[ 3904] = 0085a80300462683 : 37620902745482883
@@@ mem[ 3912] = 1ac80663ffc6f693 : 1929799466891015827
@@@ mem[ 3920] = 0015751300d62223 : 6039698989785635
@@@ mem[ 3928] = 0a05126300d60833 : 722003531687921715
@@@ mem[ 3936] = 00482803ff842303 : 20310195960029955
@@@ mem[ 3944] = 4067073300002537 : 4640685856653321527
@@@ mem[ 3952] = 3145051300872883 : 3550249460422879363
@@@ mem[ 3960] = 00187813006787b3 : 6887422447552435
@@@ mem[ 3968] = 00c7230314a88663 : 56052016503883363
@@@ mem[ 3976] = 011324230068a623 : 77445351344743971
@@@ mem[ 3984] = 0017e6931c080063 : 6727443969212515
@@@ mem[ 3992] = 00f6202300d72223 : 69278178980864547
@@@ mem[ 4000] = 06f6ee631ff00693 : 501850518003386003
@@@ mem[ 4008] = 00868693ff87f693 : 37865617084642963
@@@ mem[ 4016] = 00d586b30045a503 : 60102273401201923
@@@ mem[ 4024] = 0057d8130006a603 : 24725899090241027
@@@ mem[ 4032] = 010797b300100793 : 74194713930893203
@@@ mem[ 4040] = ff86851300a7e7b3 : 18412550443212728243
@@@ mem[ 4048] = 00c7242300a72623 : 56053253118830115
@@@ mem[ 4056] = 00e6a02300f5a223 : 64915316843848227
@@@ mem[ 4064] = 0081240300e62623 : 36349867314259491
@@@ mem[ 4072] = 0004851300c12083 : 1272216570372227
@@@ mem[ 4080] = 0101011300412483 : 72340250134914179
@@@ mem[ 4088] = a343006700001317 : 11764247094003503895
@@@ mem[ 4096] = 0015751300482503 : 6039698980480259
@@@ mem[ 4104] = 0017e69308050863 : 6727443633473635
@@@ mem[ 4112] = 00f62023fed42e23 : 69278183242083875
@@@ mem[ 4120] = f8f6f6e31ff00693 : 17939797621030782611
@@@ mem[ 4128] = 004006130097d693 : 18021077193578131
@@@ mem[ 4136] = 0067d69312d66863 : 29227849765775459
@@@ mem[ 4144] = 0386861303968513 : 254037845215708435
@@@ mem[ 4152] = 00a5853300351513 : 46589825250563347
@@@ mem[ 4160] = ff85051300052683 : 18412128230736995971
@@@ mem[ 4168] = 1640006f00d51863 : 1603281944099231843
@@@ mem[ 4176] = 00d508630086a683 : 59963391342978691
@@@ mem[ 4184] = ffc676130046a603 : 18430548349041419779
@@@ mem[ 4192] = 00c6a503fec7e8e3 : 55913481966708963
@@@ mem[ 4200] = 00d7242300a72623 : 60556852746200611
@@@ mem[ 4208] = 00e5242300812403 : 64497502417658883
@@@ mem[ 4216] = 0004851300c12083 : 1272216570372227
@@@ mem[ 4224] = 00e6a62300412483 : 64921913901786243
@@@ mem[ 4232] = 0000131701010113 : 20989522018579
@@@ mem[ 4240] = 000080679a030067 : 141182453874791
@@@ mem[ 4248] = 00d787b300002537 : 60666322861696311
@@@ mem[ 4256] = 0086268331450513 : 37759991788406035
@@@ mem[ 4264] = 00c628030ea68263 : 55776038984516195
@@@ mem[ 4272] = 00f706330017e513 : 69531135362196755
@@@ mem[ 4280] = 00d824230106a623 : 60838327729169955
@@@ mem[ 4288] = 00f6202300a72223 : 69278178977718819
@@@ mem[ 4296] = 14081263ed9ff06f : 1443423900969988207
@@@ mem[ 4304] = 00c6260300862583 : 55773839724258691
@@@ mem[ 4312] = 0016e79300f686b3 : 6447068049999539
@@@ mem[ 4320] = 00b6242300c5a623 : 51268178516747811
@@@ mem[ 4328] = 00d7073300f72223 : 60525035633713699
@@@ mem[ 4336] = ef1ff06f00d72023 : 17230755058888941603
@@@ mem[ 4344] = 00d786b300157513 : 60665223351465235
@@@ mem[ 4352] = ff84250302051063 : 18411881871446446179
@@@ mem[ 4360] = 00c7278340a70733 : 56056965044307763
@@@ mem[ 4368] = 00a686b300872603 : 46872949500093955
@@@ mem[ 4376] = 00c7a42300f62623 : 56193990612362787
@@@ mem[ 4384] = 0016e613000027b7 : 6445418766411703
@@@ mem[ 4392] = 00c722237287a783 : 56051056006113155
@@@ mem[ 4400] = eaf6e8e300e5a423 : 16930975910816228387
@@@ mem[ 4408] = 7507a583000027b7 : 8432890809333852087
@@@ mem[ 4416] = 0000009700048513 : 648540357907
@@@ mem[ 4424] = e99ff06fc64080e7 : 16834438294992355559
@@@ mem[ 4432] = f51ff06f00d787b3 : 17663100623116535731
@@@ mem[ 4440] = 02d6706301400613 : 204474403616982547
@@@ mem[ 4448] = 06d6646305400613 : 492691585696269843
@@@ mem[ 4456] = 06f6851300c7d693 : 501734725162358419
@@@ mem[ 4464] = 0035151306e68613 : 14941345229997587
@@@ mem[ 4472] = 05c68513ec5ff06f : 416166336194932847
@@@ mem[ 4480] = 0035151305b68613 : 14941345210074643
@@@ mem[ 4488] = 00e5aa23eb5ff06f : 64644840916250735
@@@ mem[ 4496] = 0017e69300e5a823 : 6727443513976867
@@@ mem[ 4504] = 00a7242300a72623 : 47046053864089123
@@@ mem[ 4512] = 00f7073300d72223 : 69532234886357539
@@@ mem[ 4520] = e39ff06f00f72023 : 16402092727454867491
@@@ mem[ 4528] = 402656130045a803 : 4622476707151325187
@@@ mem[ 4536] = 00c797b300100793 : 56180315421411219
@@@ mem[ 4544] = 00f5a2230107e7b3 : 69139640518961075
@@@ mem[ 4552] = 15400613ea1ff06f : 1531230555908075631
@@@ mem[ 4560] = 00f7d69300d66c63 : 69760246110121059
@@@ mem[ 4568] = 0776861307868513 : 537764621806109971
@@@ mem[ 4576] = e59ff06f00351513 : 16546207915518006547
@@@ mem[ 4584] = 00d66c6355400613 : 60354818903901715
@@@ mem[ 4592] = 07d685130127d693 : 564785119951836819
@@@ mem[ 4600] = 0035151307c68613 : 14941345244677651
@@@ mem[ 4608] = 3f800513e3dff06f : 4575662804394045551
@@@ mem[ 4616] = e31ff06f07e00613 : 16366063930551830035
@@@ mem[ 4624] = 00d722230017e693 : 60554653713557139
@@@ mem[ 4632] = dc9ff06f00f62023 : 15897689569189306403
@@@ mem[ 4640] = 01312e23fd010113 : 85900600000184595
@@@ mem[ 4648] = 0281242302112623 : 180465192848664099
@@@ mem[ 4656] = 0321202302912223 : 225496791084245539
@@@ mem[ 4664] = 0160071300b58793 : 99086969999820691
@@@ mem[ 4672] = 08f7666300050993 : 646097646939081107
@@@ mem[ 4680] = 20b7ee6301000793 : 2357615038937696147
@@@ mem[ 4688] = 7d8080e700000097 : 9043369781385756823
@@@ mem[ 4696] = 0020059301800793 : 9013328198240147
@@@ mem[ 4704] = 0000293701000493 : 45316216718483
@@@ mem[ 4712] = 00f907b330c90913 : 70095735399975187
@@@ mem[ 4720] = ff8787130047a403 : 18412834117206385667
@@@ mem[ 4728] = 0044278336e40863 : 19183742931437667
@@@ mem[ 4736] = 0084260300c42683 : 37196491265418883
@@@ mem[ 4744] = 00f407b3ffc7f793 : 68688363989235603
@@@ mem[ 4752] = 00d626230047a703 : 60277576786487043
@@@ mem[ 4760] = 0017671300c6a423 : 6587255779402787
@@@ mem[ 4768] = 00e7a22300098513 : 65198990828340499
@@@ mem[ 4776] = 784080e700000097 : 8665067412686635159
@@@ mem[ 4784] = 02c1208300840513 : 198475605602469139
@@@ mem[ 4792] = 0241248302812403 : 162451206663382019
@@@ mem[ 4800] = 01c1298302012903 : 126427907194169603
@@@ mem[ 4808] = 0000806703010113 : 141179920384275
@@@ mem[ 4816] = 1807ca63ff87f493 : 1731575112584918163
@@@ mem[ 4824] = 0000009718b4e863 : 648954570851
@@@ mem[ 4832] = 1f70079374c080e7 : 2265318942467719399
@@@ mem[ 4840] = 0094d7934097fe63 : 41895323997044323
@@@ mem[ 4848] = 0040071318078463 : 18022177098400867
@@@ mem[ 4856] = 0064d79336f76063 : 28384524953411683
@@@ mem[ 4864] = 0387881303978593 : 254321519215740307
@@@ mem[ 4872] = 0000293700359613 : 45316203451923
@@@ mem[ 4880] = 00c9063330c90913 : 56583287250422035
@@@ mem[ 4888] = ff86061300462403 : 18412410805229593603
@@@ mem[ 4896] = 00f0051302860863 : 67559573615413347
@@@ mem[ 4904] = 00c426830140006f : 55211439538831471
@@@ mem[ 4912] = 00d60e632a075863 : 60251464085756003
@@@ mem[ 4920] = 0044278300068413 : 19183742010950675
@@@ mem[ 4928] = 40978733ffc7f793 : 4654337397315073939
@@@ mem[ 4936] = 00080593fee552e3 : 2257933008458467
@@@ mem[ 4944] = 0000283701092403 : 44216705688579
@@@ mem[ 4952] = 27040e6331480813 : 2811387886577387539
@@@ mem[ 4960] = 00f0069300442783 : 67561222844983171
@@@ mem[ 4968] = 40978733ffc7f793 : 4654337397315073939
@@@ mem[ 4976] = 01092a233ae6c063 : 74637199628746851
@@@ mem[ 4984] = 3607526301092823 : 3893170988057700387
@@@ mem[ 4992] = 004925031ff00713 : 20588368650831635
@@@ mem[ 5000] = ff87f71326f76863 : 18412957263157749859
@@@ mem[ 5008] = 00e9073300870713 : 65591585207158547
@@@ mem[ 5016] = 0057d61300072683 : 24723700067018371
@@@ mem[ 5024] = 00c797b300100793 : 56180315421411219
@@@ mem[ 5032] = ff87079300f56533 : 18412693929485231411
@@@ mem[ 5040] = 00d4242300f42623 : 59712427821114915
@@@ mem[ 5048] = 0087202300a92223 : 38034456562967075
@@@ mem[ 5056] = 4025d7930086a623 : 4622337618934670883
@@@ mem[ 5064] = 00f6163300100613 : 69267252571014675
@@@ mem[ 5072] = 00a677b30ac56c63 : 46856456997530723
@@@ mem[ 5080] = 0016161302079463 : 6216720381875299
@@@ mem[ 5088] = 00a677b3ffc5f593 : 46856461107983763
@@@ mem[ 5096] = 00079a6300458593 : 2140074833970579
@@@ mem[ 5104] = 00a677b300161613 : 46856456818267667
@@@ mem[ 5112] = fe078ae300458593 : 18304751918037435795
@@@ mem[ 5120] = 0035931300f00893 : 15079883595057299
@@@ mem[ 5128] = 0003051300690333 : 850004099531571
@@@ mem[ 5136] = 00058e1300c52783 : 1563587151996803
@@@ mem[ 5144] = 0047a70326f50263 : 20168355326788195
@@@ mem[ 5152] = 00c7a78300078413 : 56197701448467475
@@@ mem[ 5160] = 409706b3ffc77713 : 4654196110070871827
@@@ mem[ 5168] = fe06c2e326d8c263 : 18304532016359064163
@@@ mem[ 5176] = 0047268300e40733 : 20027067443971891
@@@ mem[ 5184] = 0009851300842603 : 2679591449929219
@@@ mem[ 5192] = 00d722230016e693 : 60554653713491603
@@@ mem[ 5200] = 00c7a42300f62623 : 56193990612362787
@@@ mem[ 5208] = 5d4080e700000097 : 6719512373662580887
@@@ mem[ 5216] = e51ff06f00840513 : 16510179118504215827
@@@ mem[ 5224] = 00f9a02300c00793 : 70263341397837715
@@@ mem[ 5232] = e41ff06f00000513 : 16438121524457637139
@@@ mem[ 5240] = 0400059320000613 : 288236505606915603
@@@ mem[ 5248] = e89ff06f03f00813 : 16762380697694373907
@@@ mem[ 5256] = 0161282300892403 : 99404797576815619
@@@ mem[ 5264] = ffc7fb1300442783 : 18430976059064461187
@@@ mem[ 5272] = 409b0733009b6863 : 4655322555452450915
@@@ mem[ 5280] = 0ee7c66300f00793 : 1074045164670945171
@@@ mem[ 5288] = 01912223000027b7 : 112908999380182967
@@@ mem[ 5296] = 01512a2300002cb7 : 94903396963724471
@@@ mem[ 5304] = 7507aa83724ca703 : 8432896308809606915
@@@ mem[ 5312] = 0171262301412c23 : 103906198192991267
@@@ mem[ 5320] = 01640a33fff00793 : 100216310162524051
@@@ mem[ 5328] = 3ef70c6301548ab3 : 4537108768962677427
@@@ mem[ 5336] = 00f78793000017b7 : 69673384677480375
@@@ mem[ 5344] = fffff7b700fa8ab3 : 18446734964100336307
@@@ mem[ 5352] = 000a859300fafab3 : 2961616190241459
@@@ mem[ 5360] = 0000109700098513 : 18240726730003
@@@ mem[ 5368] = fff007939c4080e7 : 18442248804645241063
@@@ mem[ 5376] = 48f5026300050b93 : 5257110764250270611
@@@ mem[ 5384] = 25456c6301812423 : 2685671925279171619
@@@ mem[ 5392] = 890c0c1300003c37 : 9875281358660582455
@@@ mem[ 5400] = 00ba85b3000c2583 : 52501349514618243
@@@ mem[ 5408] = 0005871300bc2023 : 1555890570010659
@@@ mem[ 5416] = 014517932caa1463 : 91505288307938403
@@@ mem[ 5424] = 00892b832c079063 : 38609914188763235
@@@ mem[ 5432] = 0017e793015b07b3 : 6728543033296819
@@@ mem[ 5440] = 0000273700fba223 : 43117193175587
@@@ mem[ 5448] = 00b6f46374c72683 : 51497153759487619
@@@ mem[ 5456] = 0000273774b72623 : 43119134844451
@@@ mem[ 5464] = 00b6f46374872683 : 51497153755293315
@@@ mem[ 5472] = 00812c0374b72423 : 36358665350358051
@@@ mem[ 5480] = ffc7f793000b8413 : 18430972210770052115
@@@ mem[ 5488] = 3a97ea6340978733 : 4222100887689463603
@@@ mem[ 5496] = 3ae7d66300f00793 : 4244596894525818771
@@@ mem[ 5504] = 01412a8301812a03 : 90400209678445059
@@@ mem[ 5512] = 00412c8300c12b83 : 18344814651190147
@@@ mem[ 5520] = 00f422230014e793 : 68717428037969811
@@@ mem[ 5528] = 00992423009404b3 : 43105404188886195
@@@ mem[ 5536] = 0009851300176713 : 2679591442802451
@@@ mem[ 5544] = 0000009700e4a223 : 648555045411
@@@ mem[ 5552] = 02c12083480080e7 : 198475606801809639
@@@ mem[ 5560] = 0281240300840513 : 180465055383684371
@@@ mem[ 5568] = 0241248301012b03 : 162451206638217987
@@@ mem[ 5576] = 01c1298302012903 : 126427907194169603
@@@ mem[ 5584] = 0000806703010113 : 141179920384275
@@@ mem[ 5592] = de9ff06f00492503 : 16041804757253825795
@@@ mem[ 5600] = ca9ff06f00842603 : 14600652876499133955
@@@ mem[ 5608] = 0025859300c7a403 : 10561440558064643
@@@ mem[ 5616] = c89ff06fd68780e3 : 14456537692013822179
@@@ mem[ 5624] = 004006930097d713 : 18021626949392147
@@@ mem[ 5632] = 0140069314e6f863 : 90079221328050275
@@@ mem[ 5640] = 05c7061334e6e463 : 416308170116752483
@@@ mem[ 5648] = 0036161305b70693 : 15223919698445971
@@@ mem[ 5656] = 0006270300c90633 : 1731743711823411
@@@ mem[ 5664] = 00e61863ff860613 : 64766062411253267
@@@ mem[ 5672] = 008727032ac0006f : 38042016411549807
@@@ mem[ 5680] = 0047268300e60863 : 20027067444103267
@@@ mem[ 5688] = fed7e8e3ffc6f693 : 18363402071572936339
@@@ mem[ 5696] = 00c4262300c72603 : 55211027214050819
@@@ mem[ 5704] = 0086242300e42423 : 37757379636634659
@@@ mem[ 5712] = d71ff06f00872623 : 15501372801973429795
@@@ mem[ 5720] = 10f77e6301400713 : 1222584787542214419
@@@ mem[ 5728] = 30f7646305400713 : 3528399209520695059
@@@ mem[ 5736] = 06f7859300c4d793 : 502016749894686611
@@@ mem[ 5744] = 0035961306e78813 : 15083182230046739
@@@ mem[ 5752] = 001e0e13c95ff06f : 8459727446995055
@@@ mem[ 5760] = 00850513003e7793 : 37441751069128595
@@@ mem[ 5768] = 00c5278310078663 : 55494014275126883
@@@ mem[ 5776] = 00842603d89ff06f : 37196494886924399
@@@ mem[ 5784] = 00b422230014e593 : 50703029528487315
@@@ mem[ 5792] = 00c7a42300f62623 : 56193990612362787
@@@ mem[ 5800] = 00992a23009404b3 : 43112001258652851
@@@ mem[ 5808] = 0016e79300992823 : 6447068043880483
@@@ mem[ 5816] = 0104a4230104a623 : 73363964192663075
@@@ mem[ 5824] = 00e4073300f4a223 : 64184210330788387
@@@ mem[ 5832] = 00d7202300098513 : 60552454689359123
@@@ mem[ 5840] = 35c080e700000097 : 3873237409164427415
@@@ mem[ 5848] = bd9ff06f00840513 : 13663904154006062355
@@@ mem[ 5856] = 0047a70300f407b3 : 20168354689189811
@@@ mem[ 5864] = 0017671300098513 : 6587255767008531
@@@ mem[ 5872] = 0000009700e7a223 : 648555242019
@@@ mem[ 5880] = 00840513338080e7 : 37160276952383719
@@@ mem[ 5888] = 0034d593bb5ff06f : 14871529269489775
@@@ mem[ 5896] = b59ff06f00848793 : 13087443401702672275
@@@ mem[ 5904] = 00d422230014e693 : 59710228783228563
@@@ mem[ 5912] = 00992a23009404b3 : 43112001258652851
@@@ mem[ 5920] = 0017669300992823 : 6586706020608035
@@@ mem[ 5928] = 0104a4230104a623 : 73363964192663075
@@@ mem[ 5936] = 00f407b300d4a223 : 68688359711875619
@@@ mem[ 5944] = 00e7a02300098513 : 65196791805084947
@@@ mem[ 5952] = 2ec080e700000097 : 3368834250898931863
@@@ mem[ 5960] = b69ff06f00840513 : 13159500995740566803
@@@ mem[ 5968] = 039706130067d713 : 258682182278043411
@@@ mem[ 5976] = 0036161303870693 : 15223919661745811
@@@ mem[ 5984] = 07240c63eb9ff06f : 514549880721502319
@@@ mem[ 5992] = 00812c0300892403 : 36358663401186307
@@@ mem[ 6000] = df9ff06f00442783 : 16113862351291426691
@@@ mem[ 6008] = 05b7881305c78593 : 411947506210407827
@@@ mem[ 6016] = b89ff06f00359613 : 13303616183811282451
@@@ mem[ 6024] = fff5859300832783 : 18443794715381016451
@@@ mem[ 6032] = 0035f79328679863 : 15190385175795811
@@@ mem[ 6040] = fe0796e3ff830313 : 18304765116459189011
@@@ mem[ 6048] = fff6479300492703 : 18444008020633003779
@@@ mem[ 6056] = 00f9222300e7f7b3 : 70124802935355315
@@@ mem[ 6064] = ccc7eae300161613 : 14756020964782642707
@@@ mem[ 6072] = 00f67733cc0608e3 : 69373908620806371
@@@ mem[ 6080] = 0016161300071a63 : 6216720348289635
@@@ mem[ 6088] = 004e0e1300f67733 : 21970522966751027
@@@ mem[ 6096] = 000e0593fe070ae3 : 3946782854154979
@@@ mem[ 6104] = 00003c37c2dff06f : 66210190323823
@@@ mem[ 6112] = 000c2703890c0c13 : 3420595858181139
@@@ mem[ 6120] = 00ec202300ea8733 : 66463429215029043
@@@ mem[ 6128] = fff00793724ca683 : 18442248803941394051
@@@ mem[ 6136] = 414b87b318f68e63 : 4705003439006322275
@@@ mem[ 6144] = 00fc202300e787b3 : 70967028842203059
@@@ mem[ 6152] = 0e0c8063007bfc93 : 1012325178949762195
@@@ mem[ 6160] = 000017b7419b8bb3 : 26075847166899
@@@ mem[ 6168] = 008b8b9300878793 : 39278485248116627
@@@ mem[ 6176] = 015b8ab3419785b3 : 97824319422825907
@@@ mem[ 6184] = 01459593415585b3 : 91643827119818163
@@@ mem[ 6192] = 000a05930145da13 : 2820878706792979
@@@ mem[ 6200] = 0000009700098513 : 648540685587
@@@ mem[ 6208] = fff0079367c080e7 : 18442248803764437223
@@@ mem[ 6216] = 4175053318f50663 : 4716681901760644707
@@@ mem[ 6224] = 000c270301450ab3 : 3420593580214963
@@@ mem[ 6232] = 001ae79301792423 : 7572967965402147
@@@ mem[ 6240] = 00bc202300ea05b3 : 52952630332884403
@@@ mem[ 6248] = cd240ce300fba223 : 14781954046050411043
@@@ mem[ 6256] = 0b66f46300f00693 : 821612688096364179
@@@ mem[ 6264] = ff4b079300442703 : 18395805430870976259
@@@ mem[ 6272] = 00177713ff87f793 : 6604852239529875
@@@ mem[ 6280] = 00e4222300f76733 : 64213828425443123
@@@ mem[ 6288] = 00f4073300500613 : 68687809947371027
@@@ mem[ 6296] = 00c7242300c72223 : 56053253120926243
@@@ mem[ 6304] = 004ba78300f6e663 : 21294804352034403
@@@ mem[ 6312] = 00840593c9dff06f : 37160829231034479
@@@ mem[ 6320] = fffff09700098513 : 18446727130064192787
@@@ mem[ 6328] = 00892b83650080e7 : 38609915144601831
@@@ mem[ 6336] = 004ba783000c2583 : 21294804336649603
@@@ mem[ 6344] = 010a8a93c7dff06f : 75024711123202159
@@@ mem[ 6352] = 4026d693c1dff06f : 4622617997643608175
@@@ mem[ 6360] = 00d797b300100793 : 60683915048781715
@@@ mem[ 6368] = 00a9222300f56533 : 47606804799382835
@@@ mem[ 6376] = 015b85b3d5dff06f : 97818824352460911
@@@ mem[ 6384] = 0145959340b005b3 : 91643827108971955
@@@ mem[ 6392] = 000a05930145da13 : 2820878706792979
@@@ mem[ 6400] = 0000009700098513 : 648540685587
@@@ mem[ 6408] = fff007935b4080e7 : 18442248803554722023
@@@ mem[ 6416] = 00000a13f2f51ee3 : 11080796806883
@@@ mem[ 6424] = 00812c03f3dff06f : 36358667483738223
@@@ mem[ 6432] = 00fba22300100793 : 70828490362980243
@@@ mem[ 6440] = 0000009700098513 : 648540685587
@@@ mem[ 6448] = 00000513100080e7 : 5579430985959
@@@ mem[ 6456] = 01412a8301812a03 : 90400209678445059
@@@ mem[ 6464] = 00c12b8301012b03 : 54372512162720515
@@@ mem[ 6472] = 969ff06f00412c83 : 10853657986522492035
@@@ mem[ 6480] = 04e6e46305400693 : 353220734736139923
@@@ mem[ 6488] = 06f7061300c7d713 : 501876562162341651
@@@ mem[ 6496] = 0036161306e70693 : 15223919718368915
@@@ mem[ 6504] = 15400713cb1ff06f : 1531231654899609711
@@@ mem[ 6512] = 00f4d79304f76463 : 68916920760886371
@@@ mem[ 6520] = 0777881307878593 : 538048295806141843
@@@ mem[ 6528] = 989ff06f00359613 : 10997773174597588499
@@@ mem[ 6536] = 0044278300892403 : 19183742019511299
@@@ mem[ 6544] = 737ca223bddff06f : 8321704485866958959
@@@ mem[ 6552] = 15400693e71ff06f : 1531231105613557871
@@@ mem[ 6560] = 00f7d71304e6e463 : 69760795934123107
@@@ mem[ 6568] = 0777069307870613 : 537905909050312211
@@@ mem[ 6576] = c65ff06f00361613 : 14294408101832824339
@@@ mem[ 6584] = 04f7646355400713 : 357865073194043155
@@@ mem[ 6592] = 07d785930124d793 : 565067144684165011
@@@ mem[ 6600] = 0035961307c78813 : 15083182244726803
@@@ mem[ 6608] = ff8c8c9393dff06f : 18414247541880123503
@@@ mem[ 6616] = 417a8ab3019a8ab3 : 4718236061054700211
@@@ mem[ 6624] = e71ff06f00000a13 : 16654294306571422227
@@@ mem[ 6632] = 02e6e46355400693 : 209105548002461331
@@@ mem[ 6640] = 07d706130127d713 : 564926956951820051
@@@ mem[ 6648] = 0036161307c70693 : 15223919733048979
@@@ mem[ 6656] = 3f800613c19ff06f : 4575663903331053679
@@@ mem[ 6664] = 07e0081307f00593 : 567462430879253907
@@@ mem[ 6672] = 3f8006138fdff06f : 4575663902496387183
@@@ mem[ 6680] = bfdff06f07e00693 : 13826033740714870419
@@@ mem[ 6688] = d8dff06f00492783 : 15627473591535740803
@@@ mem[ 6696] = 0000806700008067 : 141179870019687
@@@ mem[ 6704] = 00112623ff010113 : 4827010648047891
@@@ mem[ 6712] = 0205886301212023 : 145672521761497123
@@@ mem[ 6720] = 0091222300812423 : 40851405350708259
@@@ mem[ 6728] = 0005049300058413 : 1412404290618387
@@@ mem[ 6736] = 0345278300050663 : 235637999101347427
@@@ mem[ 6744] = 00c417830e078863 : 55194947078817891
@@@ mem[ 6752] = 0081240302079263 : 36349867333227107
@@@ mem[ 6760] = 00c1208300412483 : 54360417522230403
@@@ mem[ 6768] = 0009051300000913 : 2538853952915731
@@@ mem[ 6776] = 0101011300012903 : 72340250130721027
@@@ mem[ 6784] = 0004059300008067 : 1132028825206887
@@@ mem[ 6792] = 0000009700048513 : 648540357907
@@@ mem[ 6800] = 02c427830dc080e7 : 199327727336063207
@@@ mem[ 6808] = 00078a6300050913 : 2122482643699987
@@@ mem[ 6816] = 0004851301c42583 : 1272216587347331
@@@ mem[ 6824] = 06054c63000780e7 : 433836927197085927
@@@ mem[ 6832] = 0807f79300c45783 : 578703287885518723
@@@ mem[ 6840] = 0304258306079e63 : 217339926692732515
@@@ mem[ 6848] = 0404079300058e63 : 289364604000505443
@@@ mem[ 6856] = 0004851300f58863 : 1272216573806691
@@@ mem[ 6864] = 434080e7fffff097 : 4846014932971417751
@@@ mem[ 6872] = 0444258302042823 : 307411919172806691
@@@ mem[ 6880] = 0004851300058a63 : 1272216558078563
@@@ mem[ 6888] = 41c080e7fffff097 : 4737928541914525847
@@@ mem[ 6896] = fffff09704042223 : 18446727130130948643
@@@ mem[ 6904] = 00041623cd8080e7 : 1150242934259943
@@@ mem[ 6912] = cd0080e7fffff097 : 14771948511695990935
@@@ mem[ 6920] = 0081240300c12083 : 36349867311833219
@@@ mem[ 6928] = 0009051300412483 : 2538853957182595
@@@ mem[ 6936] = 0101011300012903 : 72340250130721027
@@@ mem[ 6944] = 00c4578300008067 : 55265315587653735
@@@ mem[ 6952] = 0807f793fff00913 : 578703292166572307
@@@ mem[ 6960] = 01042583f80786e3 : 73224742676956899
@@@ mem[ 6968] = fffff09700048513 : 18446727130063865107
@@@ mem[ 6976] = f79ff06f3c8080e7 : 17843244609212285159
@@@ mem[ 6984] = c58080e7fffff097 : 14231516556411531415
@@@ mem[ 6992] = 000027b7f0dff06f : 43670973706351
@@@ mem[ 7000] = 7207a50300050593 : 8216717477464573331
@@@ mem[ 7008] = ed03006700000317 : 17078494654300685079
@@@ mem[ 7016] = fe01011300c59703 : 18302911541739362051
@@@ mem[ 7024] = 0131262300812c23 : 85891799670926371
@@@ mem[ 7032] = 0087779300112e23 : 38130595100962339
@@@ mem[ 7040] = 0005099300058413 : 1417901848757267
@@@ mem[ 7048] = 000017b712079263 : 26075048940131
@@@ mem[ 7056] = 0045a68380078793 : 19604857111938963
@@@ mem[ 7064] = 00f5962300f767b3 : 69126446378346419
@@@ mem[ 7072] = 0284280318d05463 : 181313878767981667
@@@ mem[ 7080] = 00912a230e080663 : 40860201670674019
@@@ mem[ 7088] = 0009a48301371693 : 2714157358454419
@@@ mem[ 7096] = 01c425830009a023 : 127267934044790819
@@@ mem[ 7104] = 000006131806c063 : 6679077240931
@@@ mem[ 7112] = 0009851300100693 : 2679591442318995
@@@ mem[ 7120] = fff00793000800e7 : 18442248802024292583
@@@ mem[ 7128] = 1af5066300050613 : 1942465836552095251
@@@ mem[ 7136] = 0284280300c41783 : 181313878364526467
@@@ mem[ 7144] = 0047f79301c42583 : 20256934108341635
@@@ mem[ 7152] = 0044270300078e63 : 19183192255204963
@@@ mem[ 7160] = 40e6063303042783 : 4676432079234541443
@@@ mem[ 7168] = 03c4278300078663 : 271385321143764579
@@@ mem[ 7176] = 0000069340f60633 : 7229519824435
@@@ mem[ 7184] = 000800e700098513 : 2252791951754515
@@@ mem[ 7192] = 12f51663fff00793 : 1366022680728307603
@@@ mem[ 7200] = 01d007930009a683 : 130612717135963779
@@@ mem[ 7208] = 16d7ec6300c41703 : 1646044098785974019
@@@ mem[ 7216] = 00178793204007b7 : 6622990435354551
@@@ mem[ 7224] = 0017f79300d7d7b3 : 6746135210743731
@@@ mem[ 7232] = 0104260316078263 : 73225288641118819
@@@ mem[ 7240] = 7ff78793fffff7b7 : 9220987831789287351
@@@ mem[ 7248] = 00f4162300f777b3 : 68704233913284531
@@@ mem[ 7256] = 00c4202300042223 : 55204430131503651
@@@ mem[ 7264] = 0007d46301371793 : 2203846524213139
@@@ mem[ 7272] = 0304258310068463 : 217339926860432483
@@@ mem[ 7280] = 100586630099a023 : 1154476639260352547
@@@ mem[ 7288] = 00f5886304040793 : 69111328144623507
@@@ mem[ 7296] = fffff09700098513 : 18446727130064192787
@@@ mem[ 7304] = 01412483280080e7 : 90393613254557927
@@@ mem[ 7312] = 0000051302042823 : 5579196344355
@@@ mem[ 7320] = 0181240301c12083 : 108407461366538371
@@@ mem[ 7328] = 0201011300c12983 : 144397844181232003
@@@ mem[ 7336] = 0121282300008067 : 81390399058378855
@@@ mem[ 7344] = 080902630105a903 : 578996651335985411
@@@ mem[ 7352] = 0005a48300912a23 : 1588257440737827
@@@ mem[ 7360] = 0125a02300377713 : 82648240364156691
@@@ mem[ 7368] = 00000793412484b3 : 8329034499251
@@@ mem[ 7376] = 0145a78300071463 : 91663548513981539
@@@ mem[ 7384] = 0090486300f42423 : 40611986701296675
@@@ mem[ 7392] = 00a909330540006f : 47579385800163439
@@@ mem[ 7400] = 0244278304905663 : 163298930162947683
@@@ mem[ 7408] = 0004869301c42583 : 1273865854788995
@@@ mem[ 7416] = 0009851300090613 : 2679591441860115
@@@ mem[ 7424] = 40a484b3000780e7 : 4657993818942439655
@@@ mem[ 7432] = 00c41703fca04ee3 : 55194401325993699
@@@ mem[ 7440] = 0407671301012903 : 290314032307579139
@@@ mem[ 7448] = 00e4162301412483 : 64200634290742403
@@@ mem[ 7456] = f75ff06ffff00513 : 17825230213981668627
@@@ mem[ 7464] = e6d04ce303c5a683 : 16631877961783813763
@@@ mem[ 7472] = 01412483f65ff06f : 90393616716918895
@@@ mem[ 7480] = f59ff06f01012903 : 17699129420138227971
@@@ mem[ 7488] = ea9ff06f05042603 : 16906495885788325379
@@@ mem[ 7496] = 0104268300c41703 : 73225838040192771
@@@ mem[ 7504] = 7ff78793fffff7b7 : 9220987831789287351
@@@ mem[ 7512] = 00f4162300f777b3 : 68704233913284531
@@@ mem[ 7520] = 00d4202300042223 : 59708029758874147
@@@ mem[ 7528] = f007d0e301371793 : 17296022567336220563
@@@ mem[ 7536] = 04a4282303042583 : 334436403171829123
@@@ mem[ 7544] = ee059ee30099a023 : 17151289453715234851
@@@ mem[ 7552] = f11ff06f01412483 : 17374870246971745411
@@@ mem[ 7560] = e4078ae30009a783 : 16431254473047385987
@@@ mem[ 7568] = 00e78c6301d00713 : 65175076480222995
@@@ mem[ 7576] = 00e7886301600713 : 65170678426371859
@@@ mem[ 7584] = 0407671300c41703 : 290314032303576835
@@@ mem[ 7592] = 0099a023f71ff06f : 43241747767095407
@@@ mem[ 7600] = ee1ff06f01412483 : 17158697464857961603
@@@ mem[ 7608] = 00812c23fe010113 : 36358805092630803
@@@ mem[ 7616] = 0005041300112e23 : 1411854535568931
@@@ mem[ 7624] = 0345278300050663 : 235637999101347427
@@@ mem[ 7632] = 00c5978302078c63 : 55617159342558307
@@@ mem[ 7640] = 01c1208300079c63 : 126418011556387939
@@@ mem[ 7648] = 0000051301812403 : 5579187758083
@@@ mem[ 7656] = 0000806702010113 : 141179903607059
@@@ mem[ 7664] = 0181240300040513 : 108407461337367827
@@@ mem[ 7672] = 0201011301c12083 : 144397844198006915
@@@ mem[ 7680] = d683006700000317 : 15457198788447306519
@@@ mem[ 7688] = fffff09700b12623 : 18446727130075178531
@@@ mem[ 7696] = 00c12583994080e7 : 54365917647241447
@@@ mem[ 7704] = 06050663fbdff06f : 433759965608407151
@@@ mem[ 7712] = 00050593000027b7 : 1413503801894839
@@@ mem[ 7720] = 000506637207a503 : 1414399068185859
@@@ mem[ 7728] = 00078e6303452783 : 2126880744744835
@@@ mem[ 7736] = 0007966300c59783 : 2135676795852675
@@@ mem[ 7744] = 0000806700000513 : 141179869988115
@@@ mem[ 7752] = d203006700000317 : 15132939615276630807
@@@ mem[ 7760] = 00b12623fe010113 : 49863006904975635
@@@ mem[ 7768] = 00112e2300a12423 : 4835802473374755
@@@ mem[ 7776] = 940080e7fffff097 : 10664665651534098583
@@@ mem[ 7784] = 0081250300c12583 : 36350966823462275
@@@ mem[ 7792] = 02079a6300c59783 : 146255262918219651
@@@ mem[ 7800] = 0000051301c12083 : 5579191951491
@@@ mem[ 7808] = 0000806702010113 : 141179903607059
@@@ mem[ 7816] = 000025b700002637 : 41467909252663
@@@ mem[ 7824] = 3006061300002537 : 3460460042354959671
@@@ mem[ 7832] = 1e050513db858593 : 2163140778866869651
@@@ mem[ 7840] = 96c30067fffff317 : 10863527172824363799
@@@ mem[ 7848] = 0201011301c12083 : 144397844198006915
@@@ mem[ 7856] = cb83006700000317 : 14664565254030099223
@@@ mem[ 7864] = 00812423ff010113 : 36350009016385811
@@@ mem[ 7872] = 0005041300912223 : 1411854543954467
@@@ mem[ 7880] = 00058513000024b7 : 1553691534435511
@@@ mem[ 7888] = 7404a22300112623 : 8359985079515162147
@@@ mem[ 7896] = 11c080e700000097 : 1279164023799021719
@@@ mem[ 7904] = 00f50c63fff00793 : 68974992929326995
@@@ mem[ 7912] = 0081240300c12083 : 36349867311833219
@@@ mem[ 7920] = 0101011300412483 : 72340250134914179
@@@ mem[ 7928] = 7444a78300008067 : 8378005387898552423
@@@ mem[ 7936] = 00c12083fe0784e3 : 54360421779866851
@@@ mem[ 7944] = 0081240300f42023 : 36349867315175459
@@@ mem[ 7952] = 0101011300412483 : 72340250134914179
@@@ mem[ 7960] = ff01011300008067 : 18374969135764373607
@@@ mem[ 7968] = 0081242300112623 : 36350004739253795
@@@ mem[ 7976] = 0000007303900893 : 493981010067
@@@ mem[ 7984] = 00054c6300050413 : 1491362969355283
@@@ mem[ 7992] = 0004051300c12083 : 1131479082016899
@@@ mem[ 8000] = 0101011300812403 : 72340250139108355
@@@ mem[ 8008] = 4080043300008067 : 4647719432536227943
@@@ mem[ 8016] = 16c080e700000097 : 1639451993988661399
@@@ mem[ 8024] = fff0041300852023 : 18442244953741795363
@@@ mem[ 8032] = ff010113fd9ff06f : 18374969140019458159
@@@ mem[ 8040] = 0081242300112623 : 36350004739253795
@@@ mem[ 8048] = 0000007303e00893 : 493986252947
@@@ mem[ 8056] = 00054c6300050413 : 1491362969355283
@@@ mem[ 8064] = 0004051300c12083 : 1131479082016899
@@@ mem[ 8072] = 0101011300812403 : 72340250139108355
@@@ mem[ 8080] = 4080043300008067 : 4647719432536227943
@@@ mem[ 8088] = 124080e700000097 : 1315192820817985687
@@@ mem[ 8096] = fff0041300852023 : 18442244953741795363
@@@ mem[ 8104] = ff010113fd9ff06f : 18374969140019458159
@@@ mem[ 8112] = 0081242300112623 : 36350004739253795
@@@ mem[ 8120] = 0000007303f00893 : 493987301523
@@@ mem[ 8128] = 00054c6300050413 : 1491362969355283
@@@ mem[ 8136] = 0004051300c12083 : 1131479082016899
@@@ mem[ 8144] = 0101011300812403 : 72340250139108355
@@@ mem[ 8152] = 4080043300008067 : 4647719432536227943
@@@ mem[ 8160] = 0dc080e700000097 : 990933647647309975
@@@ mem[ 8168] = fff0041300852023 : 18442244953741795363
@@@ mem[ 8176] = 000026b7fd9ff06f : 42571675988079
@@@ mem[ 8184] = ff0101137546a703 : 18374969137731905283
@@@ mem[ 8192] = 0005079300112623 : 1415702826264099
@@@ mem[ 8200] = 0d60089302071063 : 963779747744518243
@@@ mem[ 8208] = 0000007300000513 : 493921240339
@@@ mem[ 8216] = 00050713fff00613 : 1415157363246611
@@@ mem[ 8224] = 74a6aa2302c50a63 : 8405592821880654435
@@@ mem[ 8232] = 00e785330d600893 : 65167173934385299
@@@ mem[ 8240] = 7546a70300000073 : 8450625382134055027
@@@ mem[ 8248] = 00f51c6300e787b3 : 68992580836624307
@@@ mem[ 8256] = 74a6aa2300c12083 : 8405592821846843523
@@@ mem[ 8264] = 0101011300070513 : 72340250131105043
@@@ mem[ 8272] = 0000009700008067 : 648540094567
@@@ mem[ 8280] = 00c12083068080e7 : 54360417627046119
@@@ mem[ 8288] = 00f5202300c00793 : 68996704002639763
@@@ mem[ 8296] = 01010113fff00513 : 72340254424565011
@@@ mem[ 8304] = ff01011300008067 : 18374969135764373607
@@@ mem[ 8312] = 0081242300112623 : 36350004739253795
@@@ mem[ 8320] = 0000007304000893 : 493988350099
@@@ mem[ 8328] = 00054c6300050413 : 1491362969355283
@@@ mem[ 8336] = 0004051300c12083 : 1131479082016899
@@@ mem[ 8344] = 0101011300812403 : 72340250139108355
@@@ mem[ 8352] = 4080043300008067 : 4647719432536227943
@@@ mem[ 8360] = 014080e700000097 : 90213722173210775
@@@ mem[ 8368] = fff0041300852023 : 18442244953741795363
@@@ mem[ 8376] = 000027b7fd9ff06f : 43671187615855
@@@ mem[ 8384] = 000080677207a503 : 141181783090435
@@@ mem[ 8392] = ff01011300050e13 : 18374969135764672019
@@@ mem[ 8400] = 0011262300068313 : 4827006370218771
@@@ mem[ 8408] = 000e089300060513 : 3950077127558419
@@@ mem[ 8416] = 0000071300060693 : 7778186167955
@@@ mem[ 8424] = 0000081300000793 : 8877697402771
@@@ mem[ 8432] = 001716130016fe93 : 6498195326041747
@@@ mem[ 8440] = 01088833000e8a63 : 74459146477275747
@@@ mem[ 8448] = 0118373300e787b3 : 78873685677017011
@@@ mem[ 8456] = 01f8d71300f707b3 : 142099864882710451
@@@ mem[ 8464] = 00e667330016d693 : 64852713385940627
@@@ mem[ 8472] = fc069ae300189893 : 18160372847167969427
@@@ mem[ 8480] = 0000009700058863 : 648540424291
@@@ mem[ 8488] = 00a787b3038080e7 : 47155524038328551
@@@ mem[ 8496] = 000e051300030c63 : 3946228836666467
@@@ mem[ 8504] = 0000009700030593 : 648540259731
@@@ mem[ 8512] = 00f507b3020080e7 : 68969834708238567
@@@ mem[ 8520] = 0008051300c12083 : 2257378988859523
@@@ mem[ 8528] = 0101011300078593 : 72340250131137939
@@@ mem[ 8536] = 0005061300008067 : 1414053557731431
@@@ mem[ 8544] = 0015f69300000513 : 6182085731550483
@@@ mem[ 8552] = 00c5053300068463 : 55456287013897315
@@@ mem[ 8560] = 001616130015d593 : 6216720349255059
@@@ mem[ 8568] = 00008067fe0596e3 : 141184131765987
@@@
@@@ mem[ 8640] = 5851f42d4c957f2d : 6364136223846793005
@@@
@@@ mem[ 8672] = 0000275800000000 : 43258910605312
@@@ mem[ 8680] = 00002828000027c0 : 44152263813056
@@@
@@@ mem[ 8824] = c6755a5b8666f82c : 14300435540928297004
@@@ mem[ 8832] = e66d1234abcd330e : 16603947418614838030
@@@ mem[ 8840] = 0000000b0005deec : 47245025004
@@@
@@@ mem[ 8960] = 0000000300000000 : 12884901888
@@@ mem[ 8968] = 0000000000002758 : 10072
@@@ mem[ 8976] = 0000230c00000000 : 38534446579712
@@@ mem[ 8984] = 000023140000230c : 38568806327052
@@@ mem[ 8992] = 0000231c00002314 : 38603166065428
@@@ mem[ 9000] = 000023240000231c : 38637525803804
@@@ mem[ 9008] = 0000232c00002324 : 38671885542180
@@@ mem[ 9016] = 000023340000232c : 38706245280556
@@@ mem[ 9024] = 0000233c00002334 : 38740605018932
@@@ mem[ 9032] = 000023440000233c : 38774964757308
@@@ mem[ 9040] = 0000234c00002344 : 38809324495684
@@@ mem[ 9048] = 000023540000234c : 38843684234060
@@@ mem[ 9056] = 0000235c00002354 : 38878043972436
@@@ mem[ 9064] = 000023640000235c : 38912403710812
@@@ mem[ 9072] = 0000236c00002364 : 38946763449188
@@@ mem[ 9080] = 000023740000236c : 38981123187564
@@@ mem[ 9088] = 0000237c00002374 : 39015482925940
@@@ mem[ 9096] = 000023840000237c : 39049842664316
@@@ mem[ 9104] = 0000238c00002384 : 39084202402692
@@@ mem[ 9112] = 000023940000238c : 39118562141068
@@@ mem[ 9120] = 0000239c00002394 : 39152921879444
@@@ mem[ 9128] = 000023a40000239c : 39187281617820
@@@ mem[ 9136] = 000023ac000023a4 : 39221641356196
@@@ mem[ 9144] = 000023b4000023ac : 39256001094572
@@@ mem[ 9152] = 000023bc000023b4 : 39290360832948
@@@ mem[ 9160] = 000023c4000023bc : 39324720571324
@@@ mem[ 9168] = 000023cc000023c4 : 39359080309700
@@@ mem[ 9176] = 000023d4000023cc : 39393440048076
@@@ mem[ 9184] = 000023dc000023d4 : 39427799786452
@@@ mem[ 9192] = 000023e4000023dc : 39462159524828
@@@ mem[ 9200] = 000023ec000023e4 : 39496519263204
@@@ mem[ 9208] = 000023f4000023ec : 39530879001580
@@@ mem[ 9216] = 000023fc000023f4 : 39565238739956
@@@ mem[ 9224] = 00002404000023fc : 39599598478332
@@@ mem[ 9232] = 0000240c00002404 : 39633958216708
@@@ mem[ 9240] = 000024140000240c : 39668317955084
@@@ mem[ 9248] = 0000241c00002414 : 39702677693460
@@@ mem[ 9256] = 000024240000241c : 39737037431836
@@@ mem[ 9264] = 0000242c00002424 : 39771397170212
@@@ mem[ 9272] = 000024340000242c : 39805756908588
@@@ mem[ 9280] = 0000243c00002434 : 39840116646964
@@@ mem[ 9288] = 000024440000243c : 39874476385340
@@@ mem[ 9296] = 0000244c00002444 : 39908836123716
@@@ mem[ 9304] = 000024540000244c : 39943195862092
@@@ mem[ 9312] = 0000245c00002454 : 39977555600468
@@@ mem[ 9320] = 000024640000245c : 40011915338844
@@@ mem[ 9328] = 0000246c00002464 : 40046275077220
@@@ mem[ 9336] = 000024740000246c : 40080634815596
@@@ mem[ 9344] = 0000247c00002474 : 40114994553972
@@@ mem[ 9352] = 000024840000247c : 40149354292348
@@@ mem[ 9360] = 0000248c00002484 : 40183714030724
@@@ mem[ 9368] = 000024940000248c : 40218073769100
@@@ mem[ 9376] = 0000249c00002494 : 40252433507476
@@@ mem[ 9384] = 000024a40000249c : 40286793245852
@@@ mem[ 9392] = 000024ac000024a4 : 40321152984228
@@@ mem[ 9400] = 000024b4000024ac : 40355512722604
@@@ mem[ 9408] = 000024bc000024b4 : 40389872460980
@@@ mem[ 9416] = 000024c4000024bc : 40424232199356
@@@ mem[ 9424] = 000024cc000024c4 : 40458591937732
@@@ mem[ 9432] = 000024d4000024cc : 40492951676108
@@@ mem[ 9440] = 000024dc000024d4 : 40527311414484
@@@ mem[ 9448] = 000024e4000024dc : 40561671152860
@@@ mem[ 9456] = 000024ec000024e4 : 40596030891236
@@@ mem[ 9464] = 000024f4000024ec : 40630390629612
@@@ mem[ 9472] = 000024fc000024f4 : 40664750367988
@@@ mem[ 9480] = 00002504000024fc : 40699110106364
@@@ mem[ 9488] = 0000250c00002504 : 40733469844740
@@@ mem[ 9496] = 000025140000250c : 40767829583116
@@@ mem[ 9504] = 0000251c00002514 : 40802189321492
@@@ mem[ 9512] = 000025240000251c : 40836549059868
@@@ mem[ 9520] = 0000252c00002524 : 40870908798244
@@@ mem[ 9528] = 000025340000252c : 40905268536620
@@@ mem[ 9536] = 0000253c00002534 : 40939628274996
@@@ mem[ 9544] = 000025440000253c : 40973988013372
@@@ mem[ 9552] = 0000254c00002544 : 41008347751748
@@@ mem[ 9560] = 000025540000254c : 41042707490124
@@@ mem[ 9568] = 0000255c00002554 : 41077067228500
@@@ mem[ 9576] = 000025640000255c : 41111426966876
@@@ mem[ 9584] = 0000256c00002564 : 41145786705252
@@@ mem[ 9592] = 000025740000256c : 41180146443628
@@@ mem[ 9600] = 0000257c00002574 : 41214506182004
@@@ mem[ 9608] = 000025840000257c : 41248865920380
@@@ mem[ 9616] = 0000258c00002584 : 41283225658756
@@@ mem[ 9624] = 000025940000258c : 41317585397132
@@@ mem[ 9632] = 0000259c00002594 : 41351945135508
@@@ mem[ 9640] = 000025a40000259c : 41386304873884
@@@ mem[ 9648] = 000025ac000025a4 : 41420664612260
@@@ mem[ 9656] = 000025b4000025ac : 41455024350636
@@@ mem[ 9664] = 000025bc000025b4 : 41489384089012
@@@ mem[ 9672] = 000025c4000025bc : 41523743827388
@@@ mem[ 9680] = 000025cc000025c4 : 41558103565764
@@@ mem[ 9688] = 000025d4000025cc : 41592463304140
@@@ mem[ 9696] = 000025dc000025d4 : 41626823042516
@@@ mem[ 9704] = 000025e4000025dc : 41661182780892
@@@ mem[ 9712] = 000025ec000025e4 : 41695542519268
@@@ mem[ 9720] = 000025f4000025ec : 41729902257644
@@@ mem[ 9728] = 000025fc000025f4 : 41764261996020
@@@ mem[ 9736] = 00002604000025fc : 41798621734396
@@@ mem[ 9744] = 0000260c00002604 : 41832981472772
@@@ mem[ 9752] = 000026140000260c : 41867341211148
@@@ mem[ 9760] = 0000261c00002614 : 41901700949524
@@@ mem[ 9768] = 000026240000261c : 41936060687900
@@@ mem[ 9776] = 0000262c00002624 : 41970420426276
@@@ mem[ 9784] = 000026340000262c : 42004780164652
@@@ mem[ 9792] = 0000263c00002634 : 42039139903028
@@@ mem[ 9800] = 000026440000263c : 42073499641404
@@@ mem[ 9808] = 0000264c00002644 : 42107859379780
@@@ mem[ 9816] = 000026540000264c : 42142219118156
@@@ mem[ 9824] = 0000265c00002654 : 42176578856532
@@@ mem[ 9832] = 000026640000265c : 42210938594908
@@@ mem[ 9840] = 0000266c00002664 : 42245298333284
@@@ mem[ 9848] = 000026740000266c : 42279658071660
@@@ mem[ 9856] = 0000267c00002674 : 42314017810036
@@@ mem[ 9864] = 000026840000267c : 42348377548412
@@@ mem[ 9872] = 0000268c00002684 : 42382737286788
@@@ mem[ 9880] = 000026940000268c : 42417097025164
@@@ mem[ 9888] = 0000269c00002694 : 42451456763540
@@@ mem[ 9896] = 000026a40000269c : 42485816501916
@@@ mem[ 9904] = 000026ac000026a4 : 42520176240292
@@@ mem[ 9912] = 000026b4000026ac : 42554535978668
@@@ mem[ 9920] = 000026bc000026b4 : 42588895717044
@@@ mem[ 9928] = 000026c4000026bc : 42623255455420
@@@ mem[ 9936] = 000026cc000026c4 : 42657615193796
@@@ mem[ 9944] = 000026d4000026cc : 42691974932172
@@@ mem[ 9952] = 000026dc000026d4 : 42726334670548
@@@ mem[ 9960] = 000026e4000026dc : 42760694408924
@@@ mem[ 9968] = 000026ec000026e4 : 42795054147300
@@@ mem[ 9976] = 000026f4000026ec : 42829413885676
@@@ mem[ 9984] = 000026fc000026f4 : 42863773624052
@@@ mem[ 9992] = 00002704000026fc : 42898133362428
@@@ mem[10000] = 0000000000002704 : 9988
@@@
@@@ mem[10016] = ffffffff000021e0 : 18446744069414592992
@@@ mem[10024] = 0000000000020000 : 131072
@@@
@@@ mem[64704] = 0000006200000021 : 420906795041
@@@ mem[64712] = 0000fe4800000063 : 279585191100515
@@@
@@@ mem[64744] = 000002840000fd20 : 2765959003424
@@@ mem[64752] = 000000230000000c : 150323855372
@@@ mem[64760] = 0000fe4800000023 : 279585191100451
@@@
@@@ mem[64776] = 0000002300000000 : 150323855360
@@@
@@@ mem[64792] = 000002840000fd50 : 2765959003472
@@@ mem[64800] = 000000230000000c : 150323855372
@@@ mem[64808] = 0000fe4800000022 : 279585191100450
@@@
@@@ mem[64824] = 0000002200000000 : 146028888064
@@@
@@@ mem[64840] = 000002840000fd80 : 2765959003520
@@@ mem[64848] = 000000230000000c : 150323855372
@@@ mem[64856] = 0000fe480000001f : 279585191100447
@@@
@@@ mem[64872] = 0000002100000000 : 141733920768
@@@
@@@ mem[64888] = 000002840000fdb0 : 2765959003568
@@@ mem[64896] = 000000230000000c : 150323855372
@@@ mem[64904] = 0000fe4800000019 : 279585191100441
@@@
@@@ mem[64920] = 0000001e00000000 : 128849018880
@@@
@@@ mem[64936] = 0000025c0000fde0 : 2594160311776
@@@ mem[64944] = 000000300000000c : 206158430220
@@@ mem[64952] = 0000fe4800000019 : 279585191100441
@@@
@@@ mem[64968] = 0000002400000000 : 154618822656
@@@
@@@ mem[64984] = 000002840000fe10 : 2765959003664
@@@ mem[64992] = 000000300000000c : 206158430220
@@@ mem[65000] = 0000fe4800000000 : 279585191100416
@@@
@@@ mem[65016] = 0000001800000000 : 103079215104
@@@
@@@ mem[65032] = 0000025c0000fe40 : 2594160311872
@@@ mem[65040] = 000000620000000c : 420906795020
@@@ mem[65048] = 0000fe4800000000 : 279585191100416
@@@ mem[65056] = 0000001e00000000 : 128849018880
@@@ mem[65064] = 0000003100000063 : 210453397603
@@@
@@@ mem[65080] = 000003b000010000 : 4054449192960
@@@
@@@ mem[65104] = 0000000100000001 : 4294967297
@@@ mem[65112] = 0000000300000002 : 12884901890
@@@ mem[65120] = 0000000400000003 : 17179869187
@@@ mem[65128] = 0000000400000004 : 17179869188
@@@ mem[65136] = 0000000400000004 : 17179869188
@@@ mem[65144] = 0000000500000004 : 21474836484
@@@ mem[65152] = 0000000500000005 : 21474836485
@@@ mem[65160] = 0000000600000006 : 25769803782
@@@ mem[65168] = 0000000600000006 : 25769803782
@@@ mem[65176] = 0000000800000007 : 34359738375
@@@ mem[65184] = 0000000800000008 : 34359738376
@@@ mem[65192] = 0000000800000008 : 34359738376
@@@ mem[65200] = 0000000900000008 : 38654705672
@@@ mem[65208] = 0000000900000009 : 38654705673
@@@ mem[65216] = 0000000900000009 : 38654705673
@@@ mem[65224] = 0000000a0000000a : 42949672970
@@@ mem[65232] = 0000000c0000000b : 51539607563
@@@ mem[65240] = 0000000d0000000d : 55834574861
@@@ mem[65248] = 0000000d0000000d : 55834574861
@@@ mem[65256] = 0000000f0000000e : 64424509454
@@@ mem[65264] = 0000000f0000000f : 64424509455
@@@ mem[65272] = 0000000f0000000f : 64424509455
@@@ mem[65280] = 0000000f0000000f : 64424509455
@@@ mem[65288] = 000000100000000f : 68719476751
@@@ mem[65296] = 0000001000000010 : 68719476752
@@@ mem[65304] = 0000001100000011 : 73014444049
@@@ mem[65312] = 0000001200000012 : 77309411346
@@@ mem[65320] = 0000001400000013 : 85899345939
@@@ mem[65328] = 0000001400000014 : 85899345940
@@@ mem[65336] = 0000001400000014 : 85899345940
@@@ mem[65344] = 0000001400000014 : 85899345940
@@@ mem[65352] = 0000001500000015 : 90194313237
@@@ mem[65360] = 0000001600000015 : 94489280533
@@@ mem[65368] = 0000001600000016 : 94489280534
@@@ mem[65376] = 0000001700000017 : 98784247831
@@@ mem[65384] = 0000001700000017 : 98784247831
@@@ mem[65392] = 0000001800000018 : 103079215128
@@@ mem[65400] = 0000001800000018 : 103079215128
@@@ mem[65408] = 0000001900000019 : 107374182425
@@@ mem[65416] = 0000001900000019 : 107374182425
@@@ mem[65424] = 0000001a0000001a : 111669149722
@@@ mem[65432] = 0000001b0000001b : 115964117019
@@@ mem[65440] = 0000001b0000001b : 115964117019
@@@ mem[65448] = 0000001c0000001c : 120259084316
@@@ mem[65456] = 0000001d0000001d : 124554051613
@@@ mem[65464] = 0000001e0000001d : 128849018909
@@@ mem[65472] = 0000001e0000001e : 128849018910
@@@ mem[65480] = 0000001f0000001f : 133143986207
@@@ mem[65488] = 000000230000001f : 150323855391
@@@ mem[65496] = ffffffff00000046 : 18446744069414584390
@@@ mem[65504] = 00000021ffffffff : 146028888063
@@@ mem[65512] = 000000630000000a : 425201762314
@@@
@@@ mem[65528] = 0000009000000000 : 618475290624
@@@
@@             104457620 : System halted
@@
@@@ System halted on WFI instruction
@@@
@@
@@  348189 cycles / 181993 instrs = 1.913200 CPI
@@
@@  10445640.00 ns total time to execute
@@

$finish called from file "test/pipeline_test.sv", line 296.
$finish at simulation time            104458620
           V C S   S i m u l a t i o n   R e p o r t 
Time: 10445862000 ps
CPU Time:      3.900 seconds;       Data structure size:   0.1Mb
Wed Feb 28 16:38:27 2024
